{"/Users/x/Desktop/workspace/Muse/src/api/index.ts": {"path":"/Users/x/Desktop/workspace/Muse/src/api/index.ts","statementMap":{"0":{"start":{"line":6,"column":12},"end":{"line":6,"column":null}},"1":{"start":{"line":8,"column":27},"end":{"line":12,"column":null}},"2":{"start":{"line":15,"column":2},"end":{"line":15,"column":null}},"3":{"start":{"line":15,"column":12},"end":{"line":15,"column":null}},"4":{"start":{"line":16,"column":18},"end":{"line":19,"column":null}},"5":{"start":{"line":18,"column":19},"end":{"line":18,"column":32}},"6":{"start":{"line":20,"column":2},"end":{"line":20,"column":null}},"7":{"start":{"line":24,"column":0},"end":{"line":24,"column":null}},"8":{"start":{"line":25,"column":0},"end":{"line":25,"column":null}},"9":{"start":{"line":28,"column":0},"end":{"line":30,"column":null}},"10":{"start":{"line":29,"column":2},"end":{"line":29,"column":null}},"11":{"start":{"line":33,"column":0},"end":{"line":33,"column":null}},"12":{"start":{"line":36,"column":0},"end":{"line":38,"column":null}},"13":{"start":{"line":37,"column":2},"end":{"line":37,"column":null}},"14":{"start":{"line":41,"column":0},"end":{"line":49,"column":null}},"15":{"start":{"line":42,"column":2},"end":{"line":42,"column":null}},"16":{"start":{"line":43,"column":2},"end":{"line":48,"column":null}},"17":{"start":{"line":57,"column":0},"end":{"line":70,"column":null}},"18":{"start":{"line":61,"column":15},"end":{"line":61,"column":null}},"19":{"start":{"line":62,"column":2},"end":{"line":62,"column":null}},"20":{"start":{"line":64,"column":17},"end":{"line":67,"column":null}},"21":{"start":{"line":69,"column":2},"end":{"line":69,"column":null}}},"fnMap":{"0":{"name":"parseCorsOrigins","decl":{"start":{"line":14,"column":16},"end":{"line":14,"column":33}},"loc":{"start":{"line":14,"column":57},"end":{"line":21,"column":null}},"line":14},"1":{"name":"(anonymous_1)","decl":{"start":{"line":18,"column":9},"end":{"line":18,"column":19}},"loc":{"start":{"line":18,"column":19},"end":{"line":18,"column":32}},"line":18},"2":{"name":"(anonymous_2)","decl":{"start":{"line":28,"column":19},"end":{"line":28,"column":24}},"loc":{"start":{"line":28,"column":24},"end":{"line":30,"column":1}},"line":28},"3":{"name":"(anonymous_3)","decl":{"start":{"line":36,"column":13},"end":{"line":36,"column":18}},"loc":{"start":{"line":36,"column":18},"end":{"line":38,"column":1}},"line":36},"4":{"name":"(anonymous_4)","decl":{"start":{"line":41,"column":12},"end":{"line":41,"column":13}},"loc":{"start":{"line":41,"column":24},"end":{"line":49,"column":1}},"line":41}},"branchMap":{"0":{"loc":{"start":{"line":15,"column":2},"end":{"line":15,"column":null}},"type":"if","locations":[{"start":{"line":15,"column":2},"end":{"line":15,"column":null}},{"start":{},"end":{}}],"line":15},"1":{"loc":{"start":{"line":20,"column":9},"end":{"line":20,"column":null}},"type":"cond-expr","locations":[{"start":{"line":20,"column":30},"end":{"line":20,"column":40}},{"start":{"line":20,"column":40},"end":{"line":20,"column":null}}],"line":20},"2":{"loc":{"start":{"line":45,"column":13},"end":{"line":45,"column":null}},"type":"binary-expr","locations":[{"start":{"line":45,"column":13},"end":{"line":45,"column":28}},{"start":{"line":45,"column":28},"end":{"line":45,"column":null}}],"line":45},"3":{"loc":{"start":{"line":57,"column":0},"end":{"line":70,"column":null}},"type":"if","locations":[{"start":{"line":57,"column":0},"end":{"line":70,"column":null}},{"start":{},"end":{}}],"line":57},"4":{"loc":{"start":{"line":58,"column":2},"end":{"line":59,"column":null}},"type":"binary-expr","locations":[{"start":{"line":58,"column":2},"end":{"line":58,"column":null}},{"start":{"line":59,"column":2},"end":{"line":59,"column":null}}],"line":58},"5":{"loc":{"start":{"line":61,"column":15},"end":{"line":61,"column":null}},"type":"binary-expr","locations":[{"start":{"line":61,"column":15},"end":{"line":61,"column":35}},{"start":{"line":61,"column":35},"end":{"line":61,"column":null}}],"line":61}},"s":{"0":1,"1":1,"2":1,"3":0,"4":1,"5":2,"6":1,"7":1,"8":1,"9":1,"10":0,"11":1,"12":1,"13":0,"14":1,"15":0,"16":0,"17":1,"18":0,"19":0,"20":0,"21":0},"f":{"0":1,"1":2,"2":0,"3":0,"4":0},"b":{"0":[0,1],"1":[1,0],"2":[0,0],"3":[0,1],"4":[1,0],"5":[0,0]},"meta":{"lastBranch":6,"lastFunction":5,"lastStatement":22,"seen":{"s:6:12:6:Infinity":0,"s:8:27:12:Infinity":1,"f:14:16:14:33":0,"b:15:2:15:Infinity:undefined:undefined:undefined:undefined":0,"s:15:2:15:Infinity":2,"s:15:12:15:Infinity":3,"s:16:18:19:Infinity":4,"f:18:9:18:19":1,"s:18:19:18:32":5,"s:20:2:20:Infinity":6,"b:20:30:20:40:20:40:20:Infinity":1,"s:24:0:24:Infinity":7,"s:25:0:25:Infinity":8,"s:28:0:30:Infinity":9,"f:28:19:28:24":2,"s:29:2:29:Infinity":10,"s:33:0:33:Infinity":11,"s:36:0:38:Infinity":12,"f:36:13:36:18":3,"s:37:2:37:Infinity":13,"s:41:0:49:Infinity":14,"f:41:12:41:13":4,"s:42:2:42:Infinity":15,"s:43:2:48:Infinity":16,"b:45:13:45:28:45:28:45:Infinity":2,"b:57:0:70:Infinity:undefined:undefined:undefined:undefined":3,"s:57:0:70:Infinity":17,"b:58:2:58:Infinity:59:2:59:Infinity":4,"s:61:15:61:Infinity":18,"b:61:15:61:35:61:35:61:Infinity":5,"s:62:2:62:Infinity":19,"s:64:17:67:Infinity":20,"s:69:2:69:Infinity":21}}}
,"/Users/x/Desktop/workspace/Muse/src/api/routes/chat.ts": {"path":"/Users/x/Desktop/workspace/Muse/src/api/routes/chat.ts","statementMap":{"0":{"start":{"line":16,"column":12},"end":{"line":16,"column":null}},"1":{"start":{"line":17,"column":18},"end":{"line":17,"column":null}},"2":{"start":{"line":25,"column":18},"end":{"line":25,"column":null}},"3":{"start":{"line":26,"column":2},"end":{"line":26,"column":null}},"4":{"start":{"line":46,"column":0},"end":{"line":95,"column":null}},"5":{"start":{"line":47,"column":2},"end":{"line":94,"column":null}},"6":{"start":{"line":48,"column":17},"end":{"line":48,"column":null}},"7":{"start":{"line":57,"column":8},"end":{"line":57,"column":null}},"8":{"start":{"line":60,"column":4},"end":{"line":66,"column":null}},"9":{"start":{"line":61,"column":20},"end":{"line":64,"column":null}},"10":{"start":{"line":65,"column":6},"end":{"line":65,"column":null}},"11":{"start":{"line":68,"column":4},"end":{"line":90,"column":null}},"12":{"start":{"line":69,"column":6},"end":{"line":89,"column":null}},"13":{"start":{"line":70,"column":8},"end":{"line":83,"column":null}},"14":{"start":{"line":75,"column":12},"end":{"line":75,"column":null}},"15":{"start":{"line":85,"column":24},"end":{"line":85,"column":null}},"16":{"start":{"line":86,"column":8},"end":{"line":88,"column":null}},"17":{"start":{"line":92,"column":20},"end":{"line":92,"column":null}},"18":{"start":{"line":93,"column":4},"end":{"line":93,"column":null}},"19":{"start":{"line":98,"column":0},"end":{"line":140,"column":null}},"20":{"start":{"line":99,"column":2},"end":{"line":139,"column":null}},"21":{"start":{"line":100,"column":17},"end":{"line":100,"column":null}},"22":{"start":{"line":109,"column":8},"end":{"line":109,"column":null}},"23":{"start":{"line":112,"column":4},"end":{"line":118,"column":null}},"24":{"start":{"line":113,"column":20},"end":{"line":116,"column":null}},"25":{"start":{"line":117,"column":6},"end":{"line":117,"column":null}},"26":{"start":{"line":120,"column":21},"end":{"line":131,"column":null}},"27":{"start":{"line":133,"column":4},"end":{"line":135,"column":null}},"28":{"start":{"line":137,"column":20},"end":{"line":137,"column":null}},"29":{"start":{"line":138,"column":4},"end":{"line":138,"column":null}},"30":{"start":{"line":143,"column":0},"end":{"line":151,"column":null}},"31":{"start":{"line":144,"column":2},"end":{"line":150,"column":null}},"32":{"start":{"line":145,"column":22},"end":{"line":145,"column":null}},"33":{"start":{"line":146,"column":4},"end":{"line":146,"column":null}},"34":{"start":{"line":148,"column":20},"end":{"line":148,"column":null}},"35":{"start":{"line":149,"column":4},"end":{"line":149,"column":null}},"36":{"start":{"line":154,"column":0},"end":{"line":163,"column":null}},"37":{"start":{"line":155,"column":2},"end":{"line":162,"column":null}},"38":{"start":{"line":156,"column":21},"end":{"line":156,"column":null}},"39":{"start":{"line":157,"column":25},"end":{"line":157,"column":null}},"40":{"start":{"line":158,"column":4},"end":{"line":158,"column":null}},"41":{"start":{"line":160,"column":20},"end":{"line":160,"column":null}},"42":{"start":{"line":161,"column":4},"end":{"line":161,"column":null}},"43":{"start":{"line":166,"column":0},"end":{"line":175,"column":null}},"44":{"start":{"line":167,"column":2},"end":{"line":174,"column":null}},"45":{"start":{"line":168,"column":21},"end":{"line":168,"column":null}},"46":{"start":{"line":169,"column":19},"end":{"line":169,"column":null}},"47":{"start":{"line":170,"column":4},"end":{"line":170,"column":null}},"48":{"start":{"line":172,"column":20},"end":{"line":172,"column":null}},"49":{"start":{"line":173,"column":4},"end":{"line":173,"column":null}},"50":{"start":{"line":178,"column":0},"end":{"line":207,"column":null}},"51":{"start":{"line":179,"column":2},"end":{"line":206,"column":null}},"52":{"start":{"line":180,"column":17},"end":{"line":180,"column":null}},"53":{"start":{"line":181,"column":33},"end":{"line":181,"column":null}},"54":{"start":{"line":183,"column":4},"end":{"line":192,"column":null}},"55":{"start":{"line":184,"column":20},"end":{"line":187,"column":null}},"56":{"start":{"line":188,"column":6},"end":{"line":191,"column":null}},"57":{"start":{"line":194,"column":19},"end":{"line":194,"column":null}},"58":{"start":{"line":196,"column":4},"end":{"line":196,"column":null}},"59":{"start":{"line":198,"column":20},"end":{"line":198,"column":null}},"60":{"start":{"line":199,"column":4},"end":{"line":205,"column":null}},"61":{"start":{"line":210,"column":0},"end":{"line":239,"column":null}},"62":{"start":{"line":211,"column":2},"end":{"line":238,"column":null}},"63":{"start":{"line":212,"column":43},"end":{"line":216,"column":null}},"64":{"start":{"line":218,"column":4},"end":{"line":224,"column":null}},"65":{"start":{"line":219,"column":20},"end":{"line":222,"column":null}},"66":{"start":{"line":223,"column":6},"end":{"line":223,"column":null}},"67":{"start":{"line":226,"column":4},"end":{"line":228,"column":null}},"68":{"start":{"line":227,"column":6},"end":{"line":227,"column":null}},"69":{"start":{"line":229,"column":4},"end":{"line":231,"column":null}},"70":{"start":{"line":230,"column":6},"end":{"line":230,"column":null}},"71":{"start":{"line":233,"column":21},"end":{"line":233,"column":null}},"72":{"start":{"line":234,"column":4},"end":{"line":234,"column":null}},"73":{"start":{"line":236,"column":20},"end":{"line":236,"column":null}},"74":{"start":{"line":237,"column":4},"end":{"line":237,"column":null}}},"fnMap":{"0":{"name":"createErrorResponse","decl":{"start":{"line":22,"column":9},"end":{"line":22,"column":29}},"loc":{"start":{"line":24,"column":2},"end":{"line":27,"column":null}},"line":24},"1":{"name":"(anonymous_1)","decl":{"start":{"line":46,"column":25},"end":{"line":46,"column":31}},"loc":{"start":{"line":46,"column":36},"end":{"line":95,"column":1}},"line":46},"2":{"name":"(anonymous_2)","decl":{"start":{"line":68,"column":21},"end":{"line":68,"column":27}},"loc":{"start":{"line":68,"column":37},"end":{"line":90,"column":5}},"line":68},"3":{"name":"(anonymous_3)","decl":{"start":{"line":74,"column":10},"end":{"line":74,"column":17}},"loc":{"start":{"line":74,"column":42},"end":{"line":76,"column":null}},"line":74},"4":{"name":"(anonymous_4)","decl":{"start":{"line":98,"column":18},"end":{"line":98,"column":24}},"loc":{"start":{"line":98,"column":29},"end":{"line":140,"column":1}},"line":98},"5":{"name":"(anonymous_5)","decl":{"start":{"line":143,"column":22},"end":{"line":143,"column":27}},"loc":{"start":{"line":143,"column":27},"end":{"line":151,"column":1}},"line":143},"6":{"name":"(anonymous_6)","decl":{"start":{"line":154,"column":46},"end":{"line":154,"column":51}},"loc":{"start":{"line":154,"column":51},"end":{"line":163,"column":1}},"line":154},"7":{"name":"(anonymous_7)","decl":{"start":{"line":166,"column":39},"end":{"line":166,"column":44}},"loc":{"start":{"line":166,"column":44},"end":{"line":175,"column":1}},"line":166},"8":{"name":"(anonymous_8)","decl":{"start":{"line":178,"column":32},"end":{"line":178,"column":38}},"loc":{"start":{"line":178,"column":43},"end":{"line":207,"column":1}},"line":178},"9":{"name":"(anonymous_9)","decl":{"start":{"line":210,"column":26},"end":{"line":210,"column":32}},"loc":{"start":{"line":210,"column":37},"end":{"line":239,"column":1}},"line":210}},"branchMap":{"0":{"loc":{"start":{"line":60,"column":4},"end":{"line":66,"column":null}},"type":"if","locations":[{"start":{"line":60,"column":4},"end":{"line":66,"column":null}},{"start":{},"end":{}}],"line":60},"1":{"loc":{"start":{"line":60,"column":8},"end":{"line":60,"column":43}},"type":"binary-expr","locations":[{"start":{"line":60,"column":8},"end":{"line":60,"column":21}},{"start":{"line":60,"column":21},"end":{"line":60,"column":34}},{"start":{"line":60,"column":34},"end":{"line":60,"column":43}}],"line":60},"2":{"loc":{"start":{"line":112,"column":4},"end":{"line":118,"column":null}},"type":"if","locations":[{"start":{"line":112,"column":4},"end":{"line":118,"column":null}},{"start":{},"end":{}}],"line":112},"3":{"loc":{"start":{"line":112,"column":8},"end":{"line":112,"column":43}},"type":"binary-expr","locations":[{"start":{"line":112,"column":8},"end":{"line":112,"column":21}},{"start":{"line":112,"column":21},"end":{"line":112,"column":34}},{"start":{"line":112,"column":34},"end":{"line":112,"column":43}}],"line":112},"4":{"loc":{"start":{"line":183,"column":4},"end":{"line":192,"column":null}},"type":"if","locations":[{"start":{"line":183,"column":4},"end":{"line":192,"column":null}},{"start":{},"end":{}}],"line":183},"5":{"loc":{"start":{"line":183,"column":8},"end":{"line":183,"column":30}},"type":"binary-expr","locations":[{"start":{"line":183,"column":8},"end":{"line":183,"column":21}},{"start":{"line":183,"column":21},"end":{"line":183,"column":30}}],"line":183},"6":{"loc":{"start":{"line":218,"column":4},"end":{"line":224,"column":null}},"type":"if","locations":[{"start":{"line":218,"column":4},"end":{"line":224,"column":null}},{"start":{},"end":{}}],"line":218},"7":{"loc":{"start":{"line":218,"column":8},"end":{"line":218,"column":43}},"type":"binary-expr","locations":[{"start":{"line":218,"column":8},"end":{"line":218,"column":21}},{"start":{"line":218,"column":21},"end":{"line":218,"column":34}},{"start":{"line":218,"column":34},"end":{"line":218,"column":43}}],"line":218},"8":{"loc":{"start":{"line":226,"column":4},"end":{"line":228,"column":null}},"type":"if","locations":[{"start":{"line":226,"column":4},"end":{"line":228,"column":null}},{"start":{},"end":{}}],"line":226},"9":{"loc":{"start":{"line":226,"column":8},"end":{"line":226,"column":59}},"type":"binary-expr","locations":[{"start":{"line":226,"column":8},"end":{"line":226,"column":36}},{"start":{"line":226,"column":36},"end":{"line":226,"column":59}}],"line":226},"10":{"loc":{"start":{"line":229,"column":4},"end":{"line":231,"column":null}},"type":"if","locations":[{"start":{"line":229,"column":4},"end":{"line":231,"column":null}},{"start":{},"end":{}}],"line":229}},"s":{"0":2,"1":2,"2":14,"3":14,"4":2,"5":7,"6":7,"7":6,"8":6,"9":3,"10":3,"11":3,"12":3,"13":3,"14":4,"15":1,"16":1,"17":1,"18":1,"19":2,"20":13,"21":13,"22":12,"23":12,"24":0,"25":0,"26":12,"27":6,"28":7,"29":7,"30":2,"31":2,"32":2,"33":2,"34":1,"35":1,"36":2,"37":2,"38":2,"39":2,"40":2,"41":1,"42":1,"43":2,"44":2,"45":2,"46":2,"47":2,"48":1,"49":1,"50":2,"51":6,"52":6,"53":5,"54":5,"55":2,"56":2,"57":3,"58":2,"59":2,"60":2,"61":2,"62":0,"63":0,"64":0,"65":0,"66":0,"67":0,"68":0,"69":0,"70":0,"71":0,"72":0,"73":0,"74":0},"f":{"0":14,"1":7,"2":3,"3":4,"4":13,"5":2,"6":2,"7":2,"8":6,"9":0},"b":{"0":[3,3],"1":[6,5,4],"2":[0,12],"3":[12,12,12],"4":[2,3],"5":[5,4],"6":[0,0],"7":[0,0,0],"8":[0,0],"9":[0,0],"10":[0,0]},"meta":{"lastBranch":11,"lastFunction":10,"lastStatement":75,"seen":{"s:16:12:16:Infinity":0,"s:17:18:17:Infinity":1,"f:22:9:22:29":0,"s:25:18:25:Infinity":2,"s:26:2:26:Infinity":3,"s:46:0:95:Infinity":4,"f:46:25:46:31":1,"s:47:2:94:Infinity":5,"s:48:17:48:Infinity":6,"s:57:8:57:Infinity":7,"b:60:4:66:Infinity:undefined:undefined:undefined:undefined":0,"s:60:4:66:Infinity":8,"b:60:8:60:21:60:21:60:34:60:34:60:43":1,"s:61:20:64:Infinity":9,"s:65:6:65:Infinity":10,"s:68:4:90:Infinity":11,"f:68:21:68:27":2,"s:69:6:89:Infinity":12,"s:70:8:83:Infinity":13,"f:74:10:74:17":3,"s:75:12:75:Infinity":14,"s:85:24:85:Infinity":15,"s:86:8:88:Infinity":16,"s:92:20:92:Infinity":17,"s:93:4:93:Infinity":18,"s:98:0:140:Infinity":19,"f:98:18:98:24":4,"s:99:2:139:Infinity":20,"s:100:17:100:Infinity":21,"s:109:8:109:Infinity":22,"b:112:4:118:Infinity:undefined:undefined:undefined:undefined":2,"s:112:4:118:Infinity":23,"b:112:8:112:21:112:21:112:34:112:34:112:43":3,"s:113:20:116:Infinity":24,"s:117:6:117:Infinity":25,"s:120:21:131:Infinity":26,"s:133:4:135:Infinity":27,"s:137:20:137:Infinity":28,"s:138:4:138:Infinity":29,"s:143:0:151:Infinity":30,"f:143:22:143:27":5,"s:144:2:150:Infinity":31,"s:145:22:145:Infinity":32,"s:146:4:146:Infinity":33,"s:148:20:148:Infinity":34,"s:149:4:149:Infinity":35,"s:154:0:163:Infinity":36,"f:154:46:154:51":6,"s:155:2:162:Infinity":37,"s:156:21:156:Infinity":38,"s:157:25:157:Infinity":39,"s:158:4:158:Infinity":40,"s:160:20:160:Infinity":41,"s:161:4:161:Infinity":42,"s:166:0:175:Infinity":43,"f:166:39:166:44":7,"s:167:2:174:Infinity":44,"s:168:21:168:Infinity":45,"s:169:19:169:Infinity":46,"s:170:4:170:Infinity":47,"s:172:20:172:Infinity":48,"s:173:4:173:Infinity":49,"s:178:0:207:Infinity":50,"f:178:32:178:38":8,"s:179:2:206:Infinity":51,"s:180:17:180:Infinity":52,"s:181:33:181:Infinity":53,"b:183:4:192:Infinity:undefined:undefined:undefined:undefined":4,"s:183:4:192:Infinity":54,"b:183:8:183:21:183:21:183:30":5,"s:184:20:187:Infinity":55,"s:188:6:191:Infinity":56,"s:194:19:194:Infinity":57,"s:196:4:196:Infinity":58,"s:198:20:198:Infinity":59,"s:199:4:205:Infinity":60,"s:210:0:239:Infinity":61,"f:210:26:210:32":9,"s:211:2:238:Infinity":62,"s:212:43:216:Infinity":63,"b:218:4:224:Infinity:undefined:undefined:undefined:undefined":6,"s:218:4:224:Infinity":64,"b:218:8:218:21:218:21:218:34:218:34:218:43":7,"s:219:20:222:Infinity":65,"s:223:6:223:Infinity":66,"b:226:4:228:Infinity:undefined:undefined:undefined:undefined":8,"s:226:4:228:Infinity":67,"b:226:8:226:36:226:36:226:59":9,"s:227:6:227:Infinity":68,"b:229:4:231:Infinity:undefined:undefined:undefined:undefined":10,"s:229:4:231:Infinity":69,"s:230:6:230:Infinity":70,"s:233:21:233:Infinity":71,"s:234:4:234:Infinity":72,"s:236:20:236:Infinity":73,"s:237:4:237:Infinity":74}}}
,"/Users/x/Desktop/workspace/Muse/src/api/services/ai/errors.ts": {"path":"/Users/x/Desktop/workspace/Muse/src/api/services/ai/errors.ts","statementMap":{"0":{"start":{"line":47,"column":4},"end":{"line":47,"column":null}},"1":{"start":{"line":48,"column":4},"end":{"line":48,"column":null}},"2":{"start":{"line":49,"column":4},"end":{"line":49,"column":null}},"3":{"start":{"line":50,"column":4},"end":{"line":50,"column":null}},"4":{"start":{"line":51,"column":4},"end":{"line":51,"column":null}},"5":{"start":{"line":52,"column":4},"end":{"line":52,"column":null}},"6":{"start":{"line":53,"column":4},"end":{"line":53,"column":null}},"7":{"start":{"line":56,"column":4},"end":{"line":58,"column":null}},"8":{"start":{"line":57,"column":6},"end":{"line":57,"column":null}},"9":{"start":{"line":65,"column":4},"end":{"line":70,"column":null}},"10":{"start":{"line":81,"column":10},"end":{"line":81,"column":null}},"11":{"start":{"line":82,"column":23},"end":{"line":82,"column":null}},"12":{"start":{"line":83,"column":4},"end":{"line":83,"column":null}},"13":{"start":{"line":90,"column":4},"end":{"line":92,"column":null}},"14":{"start":{"line":91,"column":6},"end":{"line":91,"column":null}},"15":{"start":{"line":94,"column":4},"end":{"line":107,"column":null}},"16":{"start":{"line":96,"column":6},"end":{"line":98,"column":null}},"17":{"start":{"line":97,"column":8},"end":{"line":97,"column":null}},"18":{"start":{"line":101,"column":6},"end":{"line":103,"column":null}},"19":{"start":{"line":102,"column":8},"end":{"line":102,"column":null}},"20":{"start":{"line":106,"column":6},"end":{"line":106,"column":null}},"21":{"start":{"line":110,"column":4},"end":{"line":113,"column":null}},"22":{"start":{"line":126,"column":6},"end":{"line":140,"column":null}},"23":{"start":{"line":141,"column":2},"end":{"line":141,"column":null}},"24":{"start":{"line":148,"column":26},"end":{"line":156,"column":null}},"25":{"start":{"line":157,"column":18},"end":{"line":157,"column":null}},"26":{"start":{"line":158,"column":2},"end":{"line":160,"column":null}},"27":{"start":{"line":159,"column":4},"end":{"line":159,"column":null}},"28":{"start":{"line":167,"column":26},"end":{"line":167,"column":null}},"29":{"start":{"line":168,"column":18},"end":{"line":168,"column":null}},"30":{"start":{"line":169,"column":2},"end":{"line":171,"column":null}},"31":{"start":{"line":170,"column":4},"end":{"line":170,"column":null}},"32":{"start":{"line":181,"column":2},"end":{"line":181,"column":null}},"33":{"start":{"line":181,"column":20},"end":{"line":181,"column":null}},"34":{"start":{"line":184,"column":18},"end":{"line":184,"column":null}},"35":{"start":{"line":185,"column":2},"end":{"line":187,"column":null}},"36":{"start":{"line":186,"column":4},"end":{"line":186,"column":null}},"37":{"start":{"line":190,"column":15},"end":{"line":190,"column":null}},"38":{"start":{"line":191,"column":2},"end":{"line":194,"column":null}},"39":{"start":{"line":192,"column":17},"end":{"line":192,"column":null}},"40":{"start":{"line":193,"column":4},"end":{"line":193,"column":null}},"41":{"start":{"line":196,"column":2},"end":{"line":196,"column":null}}},"fnMap":{"0":{"name":"(anonymous_0)","decl":{"start":{"line":38,"column":2},"end":{"line":38,"column":null}},"loc":{"start":{"line":46,"column":4},"end":{"line":59,"column":null}},"line":46},"1":{"name":"(anonymous_1)","decl":{"start":{"line":64,"column":2},"end":{"line":64,"column":25}},"loc":{"start":{"line":64,"column":25},"end":{"line":71,"column":null}},"line":64},"2":{"name":"(anonymous_2)","decl":{"start":{"line":76,"column":9},"end":{"line":76,"column":null}},"loc":{"start":{"line":80,"column":13},"end":{"line":84,"column":null}},"line":80},"3":{"name":"(anonymous_3)","decl":{"start":{"line":89,"column":9},"end":{"line":89,"column":21}},"loc":{"start":{"line":89,"column":46},"end":{"line":114,"column":null}},"line":89},"4":{"name":"errorCodeToHttpStatus","decl":{"start":{"line":120,"column":16},"end":{"line":120,"column":null}},"loc":{"start":{"line":122,"column":61},"end":{"line":142,"column":null}},"line":122},"5":{"name":"isNetworkError","decl":{"start":{"line":147,"column":16},"end":{"line":147,"column":31}},"loc":{"start":{"line":147,"column":54},"end":{"line":161,"column":null}},"line":147},"6":{"name":"(anonymous_6)","decl":{"start":{"line":158,"column":30},"end":{"line":158,"column":null}},"loc":{"start":{"line":159,"column":4},"end":{"line":159,"column":null}},"line":159},"7":{"name":"isTimeoutError","decl":{"start":{"line":166,"column":16},"end":{"line":166,"column":31}},"loc":{"start":{"line":166,"column":54},"end":{"line":172,"column":null}},"line":166},"8":{"name":"(anonymous_8)","decl":{"start":{"line":169,"column":30},"end":{"line":169,"column":null}},"loc":{"start":{"line":170,"column":4},"end":{"line":170,"column":null}},"line":170},"9":{"name":"parseRetryAfter","decl":{"start":{"line":178,"column":16},"end":{"line":178,"column":null}},"loc":{"start":{"line":180,"column":22},"end":{"line":197,"column":null}},"line":180}},"branchMap":{"0":{"loc":{"start":{"line":47,"column":10},"end":{"line":47,"column":42}},"type":"binary-expr","locations":[{"start":{"line":47,"column":10},"end":{"line":47,"column":21}},{"start":{"line":47,"column":10},"end":{"line":47,"column":42}}],"line":47},"1":{"loc":{"start":{"line":53,"column":22},"end":{"line":53,"column":null}},"type":"binary-expr","locations":[{"start":{"line":53,"column":22},"end":{"line":53,"column":45}},{"start":{"line":53,"column":45},"end":{"line":53,"column":null}}],"line":53},"2":{"loc":{"start":{"line":56,"column":4},"end":{"line":58,"column":null}},"type":"if","locations":[{"start":{"line":56,"column":4},"end":{"line":58,"column":null}},{"start":{},"end":{}}],"line":56},"3":{"loc":{"start":{"line":90,"column":4},"end":{"line":92,"column":null}},"type":"if","locations":[{"start":{"line":90,"column":4},"end":{"line":92,"column":null}},{"start":{},"end":{}}],"line":90},"4":{"loc":{"start":{"line":94,"column":4},"end":{"line":107,"column":null}},"type":"if","locations":[{"start":{"line":94,"column":4},"end":{"line":107,"column":null}},{"start":{},"end":{}}],"line":94},"5":{"loc":{"start":{"line":96,"column":6},"end":{"line":98,"column":null}},"type":"if","locations":[{"start":{"line":96,"column":6},"end":{"line":98,"column":null}},{"start":{},"end":{}}],"line":96},"6":{"loc":{"start":{"line":101,"column":6},"end":{"line":103,"column":null}},"type":"if","locations":[{"start":{"line":101,"column":6},"end":{"line":103,"column":null}},{"start":{},"end":{}}],"line":101},"7":{"loc":{"start":{"line":112,"column":6},"end":{"line":112,"column":null}},"type":"cond-expr","locations":[{"start":{"line":112,"column":34},"end":{"line":112,"column":42}},{"start":{"line":112,"column":42},"end":{"line":112,"column":null}}],"line":112},"8":{"loc":{"start":{"line":141,"column":9},"end":{"line":141,"column":null}},"type":"binary-expr","locations":[{"start":{"line":141,"column":9},"end":{"line":141,"column":26}},{"start":{"line":141,"column":26},"end":{"line":141,"column":null}}],"line":141},"9":{"loc":{"start":{"line":181,"column":2},"end":{"line":181,"column":null}},"type":"if","locations":[{"start":{"line":181,"column":2},"end":{"line":181,"column":null}},{"start":{},"end":{}}],"line":181},"10":{"loc":{"start":{"line":185,"column":2},"end":{"line":187,"column":null}},"type":"if","locations":[{"start":{"line":185,"column":2},"end":{"line":187,"column":null}},{"start":{},"end":{}}],"line":185},"11":{"loc":{"start":{"line":185,"column":6},"end":{"line":185,"column":38}},"type":"binary-expr","locations":[{"start":{"line":185,"column":6},"end":{"line":185,"column":25}},{"start":{"line":185,"column":25},"end":{"line":185,"column":38}}],"line":185},"12":{"loc":{"start":{"line":191,"column":2},"end":{"line":194,"column":null}},"type":"if","locations":[{"start":{"line":191,"column":2},"end":{"line":194,"column":null}},{"start":{},"end":{}}],"line":191},"13":{"loc":{"start":{"line":193,"column":11},"end":{"line":193,"column":null}},"type":"cond-expr","locations":[{"start":{"line":193,"column":22},"end":{"line":193,"column":29}},{"start":{"line":193,"column":29},"end":{"line":193,"column":null}}],"line":193}},"s":{"0":19,"1":19,"2":19,"3":19,"4":19,"5":19,"6":19,"7":19,"8":19,"9":19,"10":0,"11":0,"12":0,"13":28,"14":17,"15":11,"16":11,"17":2,"18":9,"19":1,"20":8,"21":0,"22":19,"23":19,"24":11,"25":11,"26":11,"27":70,"28":9,"29":9,"30":9,"31":25,"32":0,"33":0,"34":0,"35":0,"36":0,"37":0,"38":0,"39":0,"40":0,"41":0},"f":{"0":19,"1":19,"2":19,"3":19,"4":19,"5":11,"6":70,"7":9,"8":25,"9":0},"b":{"0":[19,0],"1":[19,19],"2":[19,0],"3":[17,11],"4":[11,0],"5":[2,9],"6":[1,8],"7":[0,0],"8":[19,0],"9":[0,0],"10":[0,0],"11":[0,0],"12":[0,0],"13":[0,0]},"meta":{"lastBranch":14,"lastFunction":10,"lastStatement":42,"seen":{"f:38:2:38:Infinity":0,"s:47:4:47:Infinity":0,"b:47:10:47:21:47:10:47:42":0,"s:48:4:48:Infinity":1,"s:49:4:49:Infinity":2,"s:50:4:50:Infinity":3,"s:51:4:51:Infinity":4,"s:52:4:52:Infinity":5,"s:53:4:53:Infinity":6,"b:53:22:53:45:53:45:53:Infinity":1,"b:56:4:58:Infinity:undefined:undefined:undefined:undefined":2,"s:56:4:58:Infinity":7,"s:57:6:57:Infinity":8,"f:64:2:64:25":1,"s:65:4:70:Infinity":9,"f:76:9:76:Infinity":2,"s:81:10:81:Infinity":10,"s:82:23:82:Infinity":11,"s:83:4:83:Infinity":12,"f:89:9:89:21":3,"b:90:4:92:Infinity:undefined:undefined:undefined:undefined":3,"s:90:4:92:Infinity":13,"s:91:6:91:Infinity":14,"b:94:4:107:Infinity:undefined:undefined:undefined:undefined":4,"s:94:4:107:Infinity":15,"b:96:6:98:Infinity:undefined:undefined:undefined:undefined":5,"s:96:6:98:Infinity":16,"s:97:8:97:Infinity":17,"b:101:6:103:Infinity:undefined:undefined:undefined:undefined":6,"s:101:6:103:Infinity":18,"s:102:8:102:Infinity":19,"s:106:6:106:Infinity":20,"s:110:4:113:Infinity":21,"b:112:34:112:42:112:42:112:Infinity":7,"f:120:16:120:Infinity":4,"s:126:6:140:Infinity":22,"s:141:2:141:Infinity":23,"b:141:9:141:26:141:26:141:Infinity":8,"f:147:16:147:31":5,"s:148:26:156:Infinity":24,"s:157:18:157:Infinity":25,"s:158:2:160:Infinity":26,"f:158:30:158:Infinity":6,"s:159:4:159:Infinity":27,"f:166:16:166:31":7,"s:167:26:167:Infinity":28,"s:168:18:168:Infinity":29,"s:169:2:171:Infinity":30,"f:169:30:169:Infinity":8,"s:170:4:170:Infinity":31,"f:178:16:178:Infinity":9,"b:181:2:181:Infinity:undefined:undefined:undefined:undefined":9,"s:181:2:181:Infinity":32,"s:181:20:181:Infinity":33,"s:184:18:184:Infinity":34,"b:185:2:187:Infinity:undefined:undefined:undefined:undefined":10,"s:185:2:187:Infinity":35,"b:185:6:185:25:185:25:185:38":11,"s:186:4:186:Infinity":36,"s:190:15:190:Infinity":37,"b:191:2:194:Infinity:undefined:undefined:undefined:undefined":12,"s:191:2:194:Infinity":38,"s:192:17:192:Infinity":39,"s:193:4:193:Infinity":40,"b:193:22:193:29:193:29:193:Infinity":13,"s:196:2:196:Infinity":41}}}
,"/Users/x/Desktop/workspace/Muse/src/api/services/ai/factory.ts": {"path":"/Users/x/Desktop/workspace/Muse/src/api/services/ai/factory.ts","statementMap":{"0":{"start":{"line":9,"column":54},"end":{"line":20,"column":null}},"1":{"start":{"line":23,"column":21},"end":{"line":23,"column":null}},"2":{"start":{"line":24,"column":4},"end":{"line":26,"column":null}},"3":{"start":{"line":25,"column":6},"end":{"line":25,"column":null}},"4":{"start":{"line":27,"column":4},"end":{"line":27,"column":null}},"5":{"start":{"line":31,"column":4},"end":{"line":31,"column":null}},"6":{"start":{"line":35,"column":4},"end":{"line":35,"column":null}},"7":{"start":{"line":41,"column":21},"end":{"line":41,"column":null}},"8":{"start":{"line":42,"column":4},"end":{"line":42,"column":null}},"9":{"start":{"line":42,"column":19},"end":{"line":42,"column":null}},"10":{"start":{"line":44,"column":4},"end":{"line":47,"column":null}}},"fnMap":{"0":{"name":"(anonymous_0)","decl":{"start":{"line":22,"column":9},"end":{"line":22,"column":21}},"loc":{"start":{"line":22,"column":47},"end":{"line":28,"column":null}},"line":22},"1":{"name":"(anonymous_1)","decl":{"start":{"line":30,"column":9},"end":{"line":30,"column":26}},"loc":{"start":{"line":30,"column":68},"end":{"line":32,"column":null}},"line":30},"2":{"name":"(anonymous_2)","decl":{"start":{"line":34,"column":9},"end":{"line":34,"column":43}},"loc":{"start":{"line":34,"column":43},"end":{"line":36,"column":null}},"line":34},"3":{"name":"(anonymous_3)","decl":{"start":{"line":38,"column":9},"end":{"line":38,"column":null}},"loc":{"start":{"line":40,"column":47},"end":{"line":48,"column":null}},"line":40}},"branchMap":{"0":{"loc":{"start":{"line":24,"column":4},"end":{"line":26,"column":null}},"type":"if","locations":[{"start":{"line":24,"column":4},"end":{"line":26,"column":null}},{"start":{},"end":{}}],"line":24},"1":{"loc":{"start":{"line":42,"column":4},"end":{"line":42,"column":null}},"type":"if","locations":[{"start":{"line":42,"column":4},"end":{"line":42,"column":null}},{"start":{},"end":{}}],"line":42}},"s":{"0":3,"1":13,"2":13,"3":2,"4":11,"5":2,"6":3,"7":12,"8":12,"9":2,"10":10},"f":{"0":3,"1":3,"2":3,"3":3},"b":{"0":[2,11],"1":[2,10]},"meta":{"lastBranch":2,"lastFunction":4,"lastStatement":11,"seen":{"s:9:54:20:Infinity":0,"f:22:9:22:21":0,"s:23:21:23:Infinity":1,"b:24:4:26:Infinity:undefined:undefined:undefined:undefined":0,"s:24:4:26:Infinity":2,"s:25:6:25:Infinity":3,"s:27:4:27:Infinity":4,"f:30:9:30:26":1,"s:31:4:31:Infinity":5,"f:34:9:34:43":2,"s:35:4:35:Infinity":6,"f:38:9:38:Infinity":3,"s:41:21:41:Infinity":7,"b:42:4:42:Infinity:undefined:undefined:undefined:undefined":1,"s:42:4:42:Infinity":8,"s:42:19:42:Infinity":9,"s:44:4:47:Infinity":10}}}
,"/Users/x/Desktop/workspace/Muse/src/api/services/ai/manager.ts": {"path":"/Users/x/Desktop/workspace/Muse/src/api/services/ai/manager.ts","statementMap":{"0":{"start":{"line":17,"column":21},"end":{"line":17,"column":null}},"1":{"start":{"line":19,"column":4},"end":{"line":21,"column":null}},"2":{"start":{"line":20,"column":6},"end":{"line":20,"column":null}},"3":{"start":{"line":23,"column":4},"end":{"line":23,"column":null}},"4":{"start":{"line":27,"column":21},"end":{"line":27,"column":null}},"5":{"start":{"line":28,"column":4},"end":{"line":28,"column":null}},"6":{"start":{"line":32,"column":21},"end":{"line":32,"column":null}},"7":{"start":{"line":33,"column":4},"end":{"line":33,"column":null}},"8":{"start":{"line":37,"column":4},"end":{"line":37,"column":null}}},"fnMap":{"0":{"name":"(anonymous_0)","decl":{"start":{"line":10,"column":8},"end":{"line":10,"column":null}},"loc":{"start":{"line":16,"column":21},"end":{"line":24,"column":null}},"line":16},"1":{"name":"(anonymous_1)","decl":{"start":{"line":26,"column":2},"end":{"line":26,"column":18}},"loc":{"start":{"line":26,"column":48},"end":{"line":29,"column":null}},"line":26},"2":{"name":"(anonymous_2)","decl":{"start":{"line":31,"column":2},"end":{"line":31,"column":21}},"loc":{"start":{"line":31,"column":53},"end":{"line":34,"column":null}},"line":31},"3":{"name":"(anonymous_3)","decl":{"start":{"line":36,"column":2},"end":{"line":36,"column":36}},"loc":{"start":{"line":36,"column":36},"end":{"line":38,"column":null}},"line":36}},"branchMap":{"0":{"loc":{"start":{"line":19,"column":4},"end":{"line":21,"column":null}},"type":"if","locations":[{"start":{"line":19,"column":4},"end":{"line":21,"column":null}},{"start":{},"end":{}}],"line":19}},"s":{"0":5,"1":5,"2":1,"3":3,"4":4,"5":4,"6":4,"7":4,"8":2},"f":{"0":5,"1":4,"2":4,"3":2},"b":{"0":[1,4]},"meta":{"lastBranch":1,"lastFunction":4,"lastStatement":9,"seen":{"f:10:8:10:Infinity":0,"s:17:21:17:Infinity":0,"b:19:4:21:Infinity:undefined:undefined:undefined:undefined":0,"s:19:4:21:Infinity":1,"s:20:6:20:Infinity":2,"s:23:4:23:Infinity":3,"f:26:2:26:18":1,"s:27:21:27:Infinity":4,"s:28:4:28:Infinity":5,"f:31:2:31:21":2,"s:32:21:32:Infinity":6,"s:33:4:33:Infinity":7,"f:36:2:36:36":3,"s:37:4:37:Infinity":8}}}
,"/Users/x/Desktop/workspace/Muse/src/api/services/ai/validator.ts": {"path":"/Users/x/Desktop/workspace/Muse/src/api/services/ai/validator.ts","statementMap":{"0":{"start":{"line":13,"column":4},"end":{"line":86,"column":null}},"1":{"start":{"line":14,"column":23},"end":{"line":14,"column":null}},"2":{"start":{"line":17,"column":6},"end":{"line":23,"column":null}},"3":{"start":{"line":18,"column":8},"end":{"line":22,"column":null}},"4":{"start":{"line":26,"column":27},"end":{"line":31,"column":null}},"5":{"start":{"line":34,"column":29},"end":{"line":36,"column":null}},"6":{"start":{"line":35,"column":8},"end":{"line":35,"column":null}},"7":{"start":{"line":35,"column":25},"end":{"line":35,"column":63}},"8":{"start":{"line":38,"column":30},"end":{"line":38,"column":null}},"9":{"start":{"line":40,"column":23},"end":{"line":40,"column":null}},"10":{"start":{"line":43,"column":6},"end":{"line":50,"column":null}},"11":{"start":{"line":44,"column":8},"end":{"line":44,"column":null}},"12":{"start":{"line":46,"column":8},"end":{"line":49,"column":null}},"13":{"start":{"line":53,"column":25},"end":{"line":53,"column":null}},"14":{"start":{"line":55,"column":6},"end":{"line":80,"column":null}},"15":{"start":{"line":56,"column":8},"end":{"line":56,"column":null}},"16":{"start":{"line":59,"column":8},"end":{"line":79,"column":null}},"17":{"start":{"line":63,"column":10},"end":{"line":63,"column":null}},"18":{"start":{"line":64,"column":8},"end":{"line":79,"column":null}},"19":{"start":{"line":68,"column":10},"end":{"line":68,"column":null}},"20":{"start":{"line":69,"column":8},"end":{"line":79,"column":null}},"21":{"start":{"line":70,"column":10},"end":{"line":70,"column":null}},"22":{"start":{"line":71,"column":8},"end":{"line":79,"column":null}},"23":{"start":{"line":72,"column":10},"end":{"line":73,"column":null}},"24":{"start":{"line":74,"column":8},"end":{"line":79,"column":null}},"25":{"start":{"line":78,"column":10},"end":{"line":78,"column":null}},"26":{"start":{"line":82,"column":6},"end":{"line":85,"column":null}},"27":{"start":{"line":93,"column":4},"end":{"line":106,"column":null}},"28":{"start":{"line":94,"column":23},"end":{"line":94,"column":null}},"29":{"start":{"line":97,"column":6},"end":{"line":99,"column":null}},"30":{"start":{"line":98,"column":8},"end":{"line":98,"column":null}},"31":{"start":{"line":102,"column":6},"end":{"line":102,"column":null}},"32":{"start":{"line":104,"column":6},"end":{"line":104,"column":null}},"33":{"start":{"line":105,"column":6},"end":{"line":105,"column":null}}},"fnMap":{"0":{"name":"(anonymous_0)","decl":{"start":{"line":9,"column":15},"end":{"line":9,"column":null}},"loc":{"start":{"line":12,"column":49},"end":{"line":87,"column":null}},"line":12},"1":{"name":"(anonymous_1)","decl":{"start":{"line":34,"column":48},"end":{"line":34,"column":49}},"loc":{"start":{"line":34,"column":63},"end":{"line":36,"column":7}},"line":34},"2":{"name":"(anonymous_2)","decl":{"start":{"line":35,"column":19},"end":{"line":35,"column":25}},"loc":{"start":{"line":35,"column":25},"end":{"line":35,"column":63}},"line":35},"3":{"name":"(anonymous_3)","decl":{"start":{"line":92,"column":15},"end":{"line":92,"column":34}},"loc":{"start":{"line":92,"column":75},"end":{"line":107,"column":null}},"line":92}},"branchMap":{"0":{"loc":{"start":{"line":17,"column":6},"end":{"line":23,"column":null}},"type":"if","locations":[{"start":{"line":17,"column":6},"end":{"line":23,"column":null}},{"start":{},"end":{}}],"line":17},"1":{"loc":{"start":{"line":43,"column":6},"end":{"line":50,"column":null}},"type":"if","locations":[{"start":{"line":43,"column":6},"end":{"line":50,"column":null}},{"start":{"line":45,"column":13},"end":{"line":50,"column":null}}],"line":43},"2":{"loc":{"start":{"line":43,"column":10},"end":{"line":43,"column":43}},"type":"binary-expr","locations":[{"start":{"line":43,"column":10},"end":{"line":43,"column":22}},{"start":{"line":43,"column":22},"end":{"line":43,"column":43}}],"line":43},"3":{"loc":{"start":{"line":55,"column":6},"end":{"line":80,"column":null}},"type":"if","locations":[{"start":{"line":55,"column":6},"end":{"line":80,"column":null}},{"start":{},"end":{}}],"line":55},"4":{"loc":{"start":{"line":59,"column":8},"end":{"line":79,"column":null}},"type":"if","locations":[{"start":{"line":59,"column":8},"end":{"line":79,"column":null}},{"start":{"line":64,"column":8},"end":{"line":79,"column":null}}],"line":59},"5":{"loc":{"start":{"line":60,"column":10},"end":{"line":61,"column":null}},"type":"binary-expr","locations":[{"start":{"line":60,"column":10},"end":{"line":60,"column":null}},{"start":{"line":61,"column":10},"end":{"line":61,"column":null}}],"line":60},"6":{"loc":{"start":{"line":64,"column":8},"end":{"line":79,"column":null}},"type":"if","locations":[{"start":{"line":64,"column":8},"end":{"line":79,"column":null}},{"start":{"line":69,"column":8},"end":{"line":79,"column":null}}],"line":64},"7":{"loc":{"start":{"line":65,"column":10},"end":{"line":66,"column":null}},"type":"binary-expr","locations":[{"start":{"line":65,"column":10},"end":{"line":65,"column":null}},{"start":{"line":66,"column":10},"end":{"line":66,"column":null}}],"line":65},"8":{"loc":{"start":{"line":69,"column":8},"end":{"line":79,"column":null}},"type":"if","locations":[{"start":{"line":69,"column":8},"end":{"line":79,"column":null}},{"start":{"line":71,"column":8},"end":{"line":79,"column":null}}],"line":69},"9":{"loc":{"start":{"line":71,"column":8},"end":{"line":79,"column":null}},"type":"if","locations":[{"start":{"line":71,"column":8},"end":{"line":79,"column":null}},{"start":{"line":74,"column":8},"end":{"line":79,"column":null}}],"line":71},"10":{"loc":{"start":{"line":74,"column":8},"end":{"line":79,"column":null}},"type":"if","locations":[{"start":{"line":74,"column":8},"end":{"line":79,"column":null}},{"start":{},"end":{}}],"line":74},"11":{"loc":{"start":{"line":75,"column":10},"end":{"line":76,"column":null}},"type":"binary-expr","locations":[{"start":{"line":75,"column":10},"end":{"line":75,"column":null}},{"start":{"line":76,"column":10},"end":{"line":76,"column":null}}],"line":75},"12":{"loc":{"start":{"line":97,"column":6},"end":{"line":99,"column":null}},"type":"if","locations":[{"start":{"line":97,"column":6},"end":{"line":99,"column":null}},{"start":{},"end":{}}],"line":97}},"s":{"0":9,"1":9,"2":9,"3":1,"4":8,"5":8,"6":8,"7":0,"8":8,"9":8,"10":2,"11":1,"12":1,"13":6,"14":6,"15":6,"16":6,"17":1,"18":5,"19":1,"20":4,"21":1,"22":3,"23":1,"24":2,"25":1,"26":6,"27":3,"28":3,"29":3,"30":1,"31":1,"32":1,"33":1},"f":{"0":2,"1":8,"2":0,"3":2},"b":{"0":[1,8],"1":[1,1],"2":[2,1],"3":[6,0],"4":[1,5],"5":[6,5],"6":[1,4],"7":[5,4],"8":[1,3],"9":[1,2],"10":[1,1],"11":[2,1],"12":[1,2]},"meta":{"lastBranch":13,"lastFunction":4,"lastStatement":34,"seen":{"f:9:15:9:Infinity":0,"s:13:4:86:Infinity":0,"s:14:23:14:Infinity":1,"b:17:6:23:Infinity:undefined:undefined:undefined:undefined":0,"s:17:6:23:Infinity":2,"s:18:8:22:Infinity":3,"s:26:27:31:Infinity":4,"s:34:29:36:Infinity":5,"f:34:48:34:49":1,"s:35:8:35:Infinity":6,"f:35:19:35:25":2,"s:35:25:35:63":7,"s:38:30:38:Infinity":8,"s:40:23:40:Infinity":9,"b:43:6:50:Infinity:45:13:50:Infinity":1,"s:43:6:50:Infinity":10,"b:43:10:43:22:43:22:43:43":2,"s:44:8:44:Infinity":11,"s:46:8:49:Infinity":12,"s:53:25:53:Infinity":13,"b:55:6:80:Infinity:undefined:undefined:undefined:undefined":3,"s:55:6:80:Infinity":14,"s:56:8:56:Infinity":15,"b:59:8:79:Infinity:64:8:79:Infinity":4,"s:59:8:79:Infinity":16,"b:60:10:60:Infinity:61:10:61:Infinity":5,"s:63:10:63:Infinity":17,"b:64:8:79:Infinity:69:8:79:Infinity":6,"s:64:8:79:Infinity":18,"b:65:10:65:Infinity:66:10:66:Infinity":7,"s:68:10:68:Infinity":19,"b:69:8:79:Infinity:71:8:79:Infinity":8,"s:69:8:79:Infinity":20,"s:70:10:70:Infinity":21,"b:71:8:79:Infinity:74:8:79:Infinity":9,"s:71:8:79:Infinity":22,"s:72:10:73:Infinity":23,"b:74:8:79:Infinity:undefined:undefined:undefined:undefined":10,"s:74:8:79:Infinity":24,"b:75:10:75:Infinity:76:10:76:Infinity":11,"s:78:10:78:Infinity":25,"s:82:6:85:Infinity":26,"f:92:15:92:34":3,"s:93:4:106:Infinity":27,"s:94:23:94:Infinity":28,"b:97:6:99:Infinity:undefined:undefined:undefined:undefined":12,"s:97:6:99:Infinity":29,"s:98:8:98:Infinity":30,"s:102:6:102:Infinity":31,"s:104:6:104:Infinity":32,"s:105:6:105:Infinity":33}}}
,"/Users/x/Desktop/workspace/Muse/src/api/services/ai/providers/base.ts": {"path":"/Users/x/Desktop/workspace/Muse/src/api/services/ai/providers/base.ts","statementMap":{"0":{"start":{"line":12,"column":56},"end":{"line":16,"column":null}},"1":{"start":{"line":25,"column":37},"end":{"line":25,"column":null}},"2":{"start":{"line":30,"column":39},"end":{"line":30,"column":null}},"3":{"start":{"line":42,"column":4},"end":{"line":44,"column":null}},"4":{"start":{"line":43,"column":6},"end":{"line":43,"column":null}},"5":{"start":{"line":45,"column":4},"end":{"line":47,"column":null}},"6":{"start":{"line":46,"column":6},"end":{"line":46,"column":null}},"7":{"start":{"line":48,"column":4},"end":{"line":48,"column":null}},"8":{"start":{"line":55,"column":21},"end":{"line":55,"column":null}},"9":{"start":{"line":56,"column":4},"end":{"line":56,"column":null}},"10":{"start":{"line":56,"column":36},"end":{"line":56,"column":55}},"11":{"start":{"line":60,"column":4},"end":{"line":60,"column":null}}},"fnMap":{"0":{"name":"(anonymous_0)","decl":{"start":{"line":41,"column":2},"end":{"line":41,"column":17}},"loc":{"start":{"line":41,"column":44},"end":{"line":49,"column":null}},"line":41},"1":{"name":"(anonymous_1)","decl":{"start":{"line":54,"column":2},"end":{"line":54,"column":16}},"loc":{"start":{"line":54,"column":40},"end":{"line":57,"column":null}},"line":54},"2":{"name":"(anonymous_2)","decl":{"start":{"line":56,"column":25},"end":{"line":56,"column":36}},"loc":{"start":{"line":56,"column":36},"end":{"line":56,"column":55}},"line":56},"3":{"name":"(anonymous_3)","decl":{"start":{"line":59,"column":12},"end":{"line":59,"column":21}},"loc":{"start":{"line":59,"column":43},"end":{"line":61,"column":null}},"line":59}},"branchMap":{"0":{"loc":{"start":{"line":42,"column":4},"end":{"line":44,"column":null}},"type":"if","locations":[{"start":{"line":42,"column":4},"end":{"line":44,"column":null}},{"start":{},"end":{}}],"line":42},"1":{"loc":{"start":{"line":42,"column":8},"end":{"line":42,"column":55}},"type":"binary-expr","locations":[{"start":{"line":42,"column":8},"end":{"line":42,"column":26}},{"start":{"line":42,"column":26},"end":{"line":42,"column":55}}],"line":42},"2":{"loc":{"start":{"line":45,"column":4},"end":{"line":47,"column":null}},"type":"if","locations":[{"start":{"line":45,"column":4},"end":{"line":47,"column":null}},{"start":{},"end":{}}],"line":45},"3":{"loc":{"start":{"line":45,"column":8},"end":{"line":45,"column":71}},"type":"binary-expr","locations":[{"start":{"line":45,"column":8},"end":{"line":45,"column":25}},{"start":{"line":45,"column":25},"end":{"line":45,"column":71}}],"line":45},"4":{"loc":{"start":{"line":55,"column":21},"end":{"line":55,"column":null}},"type":"binary-expr","locations":[{"start":{"line":55,"column":21},"end":{"line":55,"column":57}},{"start":{"line":55,"column":57},"end":{"line":55,"column":null}}],"line":55}},"s":{"0":16,"1":136,"2":136,"3":72,"4":14,"5":58,"6":13,"7":45,"8":16,"9":16,"10":28,"11":7},"f":{"0":72,"1":16,"2":28,"3":7},"b":{"0":[14,58],"1":[72,62],"2":[13,45],"3":[58,52],"4":[16,0]},"meta":{"lastBranch":5,"lastFunction":4,"lastStatement":12,"seen":{"s:12:56:16:Infinity":0,"s:25:37:25:Infinity":1,"s:30:39:30:Infinity":2,"f:41:2:41:17":0,"b:42:4:44:Infinity:undefined:undefined:undefined:undefined":0,"s:42:4:44:Infinity":3,"b:42:8:42:26:42:26:42:55":1,"s:43:6:43:Infinity":4,"b:45:4:47:Infinity:undefined:undefined:undefined:undefined":2,"s:45:4:47:Infinity":5,"b:45:8:45:25:45:25:45:71":3,"s:46:6:46:Infinity":6,"s:48:4:48:Infinity":7,"f:54:2:54:16":1,"s:55:21:55:Infinity":8,"b:55:21:55:57:55:57:55:Infinity":4,"s:56:4:56:Infinity":9,"f:56:25:56:36":2,"s:56:36:56:55":10,"f:59:12:59:21":3,"s:60:4:60:Infinity":11}}}
,"/Users/x/Desktop/workspace/Muse/src/api/services/ai/providers/claude.ts": {"path":"/Users/x/Desktop/workspace/Muse/src/api/services/ai/providers/claude.ts","statementMap":{"0":{"start":{"line":15,"column":18},"end":{"line":15,"column":null}},"1":{"start":{"line":16,"column":28},"end":{"line":16,"column":null}},"2":{"start":{"line":17,"column":30},"end":{"line":17,"column":null}},"3":{"start":{"line":18,"column":29},"end":{"line":26,"column":null}},"4":{"start":{"line":32,"column":4},"end":{"line":34,"column":null}},"5":{"start":{"line":33,"column":6},"end":{"line":33,"column":null}},"6":{"start":{"line":36,"column":4},"end":{"line":50,"column":null}},"7":{"start":{"line":37,"column":6},"end":{"line":48,"column":null}},"8":{"start":{"line":38,"column":8},"end":{"line":38,"column":null}},"9":{"start":{"line":39,"column":6},"end":{"line":48,"column":null}},"10":{"start":{"line":40,"column":8},"end":{"line":47,"column":null}},"11":{"start":{"line":49,"column":6},"end":{"line":49,"column":null}},"12":{"start":{"line":59,"column":4},"end":{"line":61,"column":null}},"13":{"start":{"line":60,"column":6},"end":{"line":60,"column":null}},"14":{"start":{"line":63,"column":19},"end":{"line":66,"column":null}},"15":{"start":{"line":68,"column":4},"end":{"line":88,"column":null}},"16":{"start":{"line":69,"column":6},"end":{"line":84,"column":null}},"17":{"start":{"line":70,"column":8},"end":{"line":76,"column":null}},"18":{"start":{"line":78,"column":8},"end":{"line":83,"column":null}},"19":{"start":{"line":86,"column":6},"end":{"line":86,"column":null}},"20":{"start":{"line":87,"column":6},"end":{"line":87,"column":null}},"21":{"start":{"line":98,"column":22},"end":{"line":98,"column":null}},"22":{"start":{"line":99,"column":25},"end":{"line":99,"column":null}},"23":{"start":{"line":100,"column":27},"end":{"line":100,"column":null}},"24":{"start":{"line":101,"column":28},"end":{"line":101,"column":null}},"25":{"start":{"line":104,"column":26},"end":{"line":104,"column":null}},"26":{"start":{"line":104,"column":45},"end":{"line":104,"column":64}},"27":{"start":{"line":105,"column":40},"end":{"line":110,"column":null}},"28":{"start":{"line":106,"column":19},"end":{"line":106,"column":38}},"29":{"start":{"line":107,"column":17},"end":{"line":110,"column":8}},"30":{"start":{"line":112,"column":4},"end":{"line":270,"column":null}},"31":{"start":{"line":114,"column":33},"end":{"line":120,"column":null}},"32":{"start":{"line":123,"column":6},"end":{"line":128,"column":null}},"33":{"start":{"line":124,"column":8},"end":{"line":127,"column":null}},"34":{"start":{"line":127,"column":52},"end":{"line":127,"column":64}},"35":{"start":{"line":131,"column":6},"end":{"line":140,"column":null}},"36":{"start":{"line":132,"column":8},"end":{"line":135,"column":null}},"37":{"start":{"line":137,"column":8},"end":{"line":137,"column":null}},"38":{"start":{"line":139,"column":8},"end":{"line":139,"column":null}},"39":{"start":{"line":142,"column":21},"end":{"line":142,"column":null}},"40":{"start":{"line":143,"column":6},"end":{"line":148,"column":null}},"41":{"start":{"line":150,"column":27},"end":{"line":150,"column":null}},"42":{"start":{"line":151,"column":30},"end":{"line":151,"column":null}},"43":{"start":{"line":153,"column":6},"end":{"line":207,"column":null}},"44":{"start":{"line":154,"column":8},"end":{"line":154,"column":null}},"45":{"start":{"line":155,"column":8},"end":{"line":206,"column":null}},"46":{"start":{"line":156,"column":10},"end":{"line":159,"column":null}},"47":{"start":{"line":160,"column":10},"end":{"line":166,"column":null}},"48":{"start":{"line":161,"column":12},"end":{"line":165,"column":null}},"49":{"start":{"line":167,"column":8},"end":{"line":206,"column":null}},"50":{"start":{"line":168,"column":10},"end":{"line":186,"column":null}},"51":{"start":{"line":170,"column":12},"end":{"line":174,"column":null}},"52":{"start":{"line":175,"column":10},"end":{"line":186,"column":null}},"53":{"start":{"line":176,"column":12},"end":{"line":176,"column":null}},"54":{"start":{"line":177,"column":12},"end":{"line":177,"column":null}},"55":{"start":{"line":178,"column":12},"end":{"line":178,"column":null}},"56":{"start":{"line":179,"column":10},"end":{"line":186,"column":null}},"57":{"start":{"line":181,"column":29},"end":{"line":181,"column":null}},"58":{"start":{"line":182,"column":12},"end":{"line":185,"column":null}},"59":{"start":{"line":183,"column":14},"end":{"line":184,"column":null}},"60":{"start":{"line":187,"column":8},"end":{"line":206,"column":null}},"61":{"start":{"line":188,"column":10},"end":{"line":190,"column":null}},"62":{"start":{"line":189,"column":12},"end":{"line":189,"column":null}},"63":{"start":{"line":191,"column":8},"end":{"line":206,"column":null}},"64":{"start":{"line":192,"column":10},"end":{"line":194,"column":null}},"65":{"start":{"line":193,"column":12},"end":{"line":193,"column":null}},"66":{"start":{"line":195,"column":8},"end":{"line":206,"column":null}},"67":{"start":{"line":197,"column":10},"end":{"line":205,"column":null}},"68":{"start":{"line":198,"column":12},"end":{"line":204,"column":null}},"69":{"start":{"line":199,"column":14},"end":{"line":203,"column":null}},"70":{"start":{"line":200,"column":16},"end":{"line":200,"column":null}},"71":{"start":{"line":202,"column":16},"end":{"line":202,"column":null}},"72":{"start":{"line":210,"column":6},"end":{"line":212,"column":null}},"73":{"start":{"line":211,"column":8},"end":{"line":211,"column":null}},"74":{"start":{"line":215,"column":33},"end":{"line":215,"column":null}},"75":{"start":{"line":216,"column":6},"end":{"line":253,"column":null}},"76":{"start":{"line":218,"column":8},"end":{"line":226,"column":null}},"77":{"start":{"line":228,"column":23},"end":{"line":236,"column":null}},"78":{"start":{"line":237,"column":8},"end":{"line":241,"column":null}},"79":{"start":{"line":244,"column":8},"end":{"line":252,"column":null}},"80":{"start":{"line":256,"column":6},"end":{"line":264,"column":null}},"81":{"start":{"line":258,"column":36},"end":{"line":263,"column":10}},"82":{"start":{"line":266,"column":6},"end":{"line":269,"column":null}},"83":{"start":{"line":272,"column":4},"end":{"line":276,"column":null}},"84":{"start":{"line":277,"column":4},"end":{"line":277,"column":null}},"85":{"start":{"line":286,"column":25},"end":{"line":286,"column":null}},"86":{"start":{"line":289,"column":26},"end":{"line":289,"column":null}},"87":{"start":{"line":289,"column":45},"end":{"line":289,"column":64}},"88":{"start":{"line":290,"column":40},"end":{"line":295,"column":null}},"89":{"start":{"line":291,"column":19},"end":{"line":291,"column":38}},"90":{"start":{"line":292,"column":17},"end":{"line":295,"column":8}},"91":{"start":{"line":297,"column":20},"end":{"line":297,"column":null}},"92":{"start":{"line":299,"column":4},"end":{"line":383,"column":null}},"93":{"start":{"line":301,"column":33},"end":{"line":306,"column":null}},"94":{"start":{"line":309,"column":6},"end":{"line":314,"column":null}},"95":{"start":{"line":310,"column":8},"end":{"line":313,"column":null}},"96":{"start":{"line":313,"column":52},"end":{"line":313,"column":64}},"97":{"start":{"line":317,"column":6},"end":{"line":325,"column":null}},"98":{"start":{"line":318,"column":8},"end":{"line":321,"column":null}},"99":{"start":{"line":322,"column":8},"end":{"line":322,"column":null}},"100":{"start":{"line":324,"column":8},"end":{"line":324,"column":null}},"101":{"start":{"line":327,"column":23},"end":{"line":327,"column":null}},"102":{"start":{"line":330,"column":26},"end":{"line":332,"column":null}},"103":{"start":{"line":331,"column":17},"end":{"line":331,"column":null}},"104":{"start":{"line":333,"column":6},"end":{"line":337,"column":null}},"105":{"start":{"line":334,"column":8},"end":{"line":336,"column":null}},"106":{"start":{"line":335,"column":10},"end":{"line":335,"column":null}},"107":{"start":{"line":340,"column":23},"end":{"line":342,"column":null}},"108":{"start":{"line":341,"column":17},"end":{"line":341,"column":null}},"109":{"start":{"line":344,"column":6},"end":{"line":346,"column":null}},"110":{"start":{"line":345,"column":8},"end":{"line":345,"column":null}},"111":{"start":{"line":349,"column":33},"end":{"line":349,"column":null}},"112":{"start":{"line":350,"column":6},"end":{"line":371,"column":null}},"113":{"start":{"line":351,"column":8},"end":{"line":370,"column":null}},"114":{"start":{"line":352,"column":25},"end":{"line":364,"column":null}},"115":{"start":{"line":365,"column":10},"end":{"line":369,"column":null}},"116":{"start":{"line":374,"column":6},"end":{"line":377,"column":null}},"117":{"start":{"line":379,"column":6},"end":{"line":382,"column":null}},"118":{"start":{"line":385,"column":4},"end":{"line":385,"column":null}},"119":{"start":{"line":389,"column":4},"end":{"line":389,"column":null}}},"fnMap":{"0":{"name":"(anonymous_0)","decl":{"start":{"line":31,"column":10},"end":{"line":31,"column":25}},"loc":{"start":{"line":31,"column":66},"end":{"line":51,"column":null}},"line":31},"1":{"name":"(anonymous_1)","decl":{"start":{"line":36,"column":23},"end":{"line":36,"column":32}},"loc":{"start":{"line":36,"column":32},"end":{"line":50,"column":5}},"line":36},"2":{"name":"(anonymous_2)","decl":{"start":{"line":53,"column":8},"end":{"line":53,"column":null}},"loc":{"start":{"line":58,"column":21},"end":{"line":89,"column":null}},"line":58},"3":{"name":"(anonymous_3)","decl":{"start":{"line":91,"column":16},"end":{"line":91,"column":null}},"loc":{"start":{"line":97,"column":21},"end":{"line":278,"column":null}},"line":97},"4":{"name":"(anonymous_4)","decl":{"start":{"line":104,"column":40},"end":{"line":104,"column":45}},"loc":{"start":{"line":104,"column":45},"end":{"line":104,"column":64}},"line":104},"5":{"name":"(anonymous_5)","decl":{"start":{"line":106,"column":14},"end":{"line":106,"column":19}},"loc":{"start":{"line":106,"column":19},"end":{"line":106,"column":38}},"line":106},"6":{"name":"(anonymous_6)","decl":{"start":{"line":107,"column":11},"end":{"line":107,"column":17}},"loc":{"start":{"line":107,"column":17},"end":{"line":110,"column":8}},"line":107},"7":{"name":"(anonymous_7)","decl":{"start":{"line":127,"column":40},"end":{"line":127,"column":41}},"loc":{"start":{"line":127,"column":52},"end":{"line":127,"column":64}},"line":127},"8":{"name":"(anonymous_8)","decl":{"start":{"line":258,"column":30},"end":{"line":258,"column":36}},"loc":{"start":{"line":258,"column":36},"end":{"line":263,"column":10}},"line":258},"9":{"name":"(anonymous_9)","decl":{"start":{"line":280,"column":16},"end":{"line":280,"column":null}},"loc":{"start":{"line":285,"column":21},"end":{"line":386,"column":null}},"line":285},"10":{"name":"(anonymous_10)","decl":{"start":{"line":289,"column":40},"end":{"line":289,"column":45}},"loc":{"start":{"line":289,"column":45},"end":{"line":289,"column":64}},"line":289},"11":{"name":"(anonymous_11)","decl":{"start":{"line":291,"column":14},"end":{"line":291,"column":19}},"loc":{"start":{"line":291,"column":19},"end":{"line":291,"column":38}},"line":291},"12":{"name":"(anonymous_12)","decl":{"start":{"line":292,"column":11},"end":{"line":292,"column":17}},"loc":{"start":{"line":292,"column":17},"end":{"line":295,"column":8}},"line":292},"13":{"name":"(anonymous_13)","decl":{"start":{"line":313,"column":40},"end":{"line":313,"column":41}},"loc":{"start":{"line":313,"column":52},"end":{"line":313,"column":64}},"line":313},"14":{"name":"(anonymous_14)","decl":{"start":{"line":331,"column":8},"end":{"line":331,"column":17}},"loc":{"start":{"line":331,"column":17},"end":{"line":331,"column":null}},"line":331},"15":{"name":"(anonymous_15)","decl":{"start":{"line":341,"column":8},"end":{"line":341,"column":17}},"loc":{"start":{"line":341,"column":17},"end":{"line":341,"column":null}},"line":341},"16":{"name":"(anonymous_16)","decl":{"start":{"line":388,"column":2},"end":{"line":388,"column":28}},"loc":{"start":{"line":388,"column":28},"end":{"line":390,"column":null}},"line":388}},"branchMap":{"0":{"loc":{"start":{"line":32,"column":4},"end":{"line":34,"column":null}},"type":"if","locations":[{"start":{"line":32,"column":4},"end":{"line":34,"column":null}},{"start":{},"end":{}}],"line":32},"1":{"loc":{"start":{"line":37,"column":6},"end":{"line":48,"column":null}},"type":"if","locations":[{"start":{"line":37,"column":6},"end":{"line":48,"column":null}},{"start":{"line":39,"column":6},"end":{"line":48,"column":null}}],"line":37},"2":{"loc":{"start":{"line":39,"column":6},"end":{"line":48,"column":null}},"type":"if","locations":[{"start":{"line":39,"column":6},"end":{"line":48,"column":null}},{"start":{},"end":{}}],"line":39},"3":{"loc":{"start":{"line":59,"column":4},"end":{"line":61,"column":null}},"type":"if","locations":[{"start":{"line":59,"column":4},"end":{"line":61,"column":null}},{"start":{},"end":{}}],"line":59},"4":{"loc":{"start":{"line":69,"column":6},"end":{"line":84,"column":null}},"type":"if","locations":[{"start":{"line":69,"column":6},"end":{"line":84,"column":null}},{"start":{"line":77,"column":13},"end":{"line":84,"column":null}}],"line":69},"5":{"loc":{"start":{"line":116,"column":20},"end":{"line":116,"column":null}},"type":"binary-expr","locations":[{"start":{"line":116,"column":20},"end":{"line":116,"column":40}},{"start":{"line":116,"column":40},"end":{"line":116,"column":null}}],"line":116},"6":{"loc":{"start":{"line":123,"column":6},"end":{"line":128,"column":null}},"type":"if","locations":[{"start":{"line":123,"column":6},"end":{"line":128,"column":null}},{"start":{},"end":{}}],"line":123},"7":{"loc":{"start":{"line":125,"column":10},"end":{"line":127,"column":null}},"type":"cond-expr","locations":[{"start":{"line":126,"column":14},"end":{"line":126,"column":null}},{"start":{"line":127,"column":14},"end":{"line":127,"column":null}}],"line":125},"8":{"loc":{"start":{"line":127,"column":52},"end":{"line":127,"column":64}},"type":"binary-expr","locations":[{"start":{"line":127,"column":52},"end":{"line":127,"column":62}},{"start":{"line":127,"column":62},"end":{"line":127,"column":64}}],"line":127},"9":{"loc":{"start":{"line":131,"column":6},"end":{"line":140,"column":null}},"type":"if","locations":[{"start":{"line":131,"column":6},"end":{"line":140,"column":null}},{"start":{"line":138,"column":13},"end":{"line":140,"column":null}}],"line":131},"10":{"loc":{"start":{"line":139,"column":36},"end":{"line":139,"column":null}},"type":"binary-expr","locations":[{"start":{"line":139,"column":36},"end":{"line":139,"column":58}},{"start":{"line":139,"column":58},"end":{"line":139,"column":null}}],"line":139},"11":{"loc":{"start":{"line":155,"column":8},"end":{"line":206,"column":null}},"type":"if","locations":[{"start":{"line":155,"column":8},"end":{"line":206,"column":null}},{"start":{"line":167,"column":8},"end":{"line":206,"column":null}}],"line":155},"12":{"loc":{"start":{"line":160,"column":10},"end":{"line":166,"column":null}},"type":"if","locations":[{"start":{"line":160,"column":10},"end":{"line":166,"column":null}},{"start":{},"end":{}}],"line":160},"13":{"loc":{"start":{"line":167,"column":8},"end":{"line":206,"column":null}},"type":"if","locations":[{"start":{"line":167,"column":8},"end":{"line":206,"column":null}},{"start":{"line":187,"column":8},"end":{"line":206,"column":null}}],"line":167},"14":{"loc":{"start":{"line":168,"column":10},"end":{"line":186,"column":null}},"type":"if","locations":[{"start":{"line":168,"column":10},"end":{"line":186,"column":null}},{"start":{"line":175,"column":10},"end":{"line":186,"column":null}}],"line":168},"15":{"loc":{"start":{"line":175,"column":10},"end":{"line":186,"column":null}},"type":"if","locations":[{"start":{"line":175,"column":10},"end":{"line":186,"column":null}},{"start":{"line":179,"column":10},"end":{"line":186,"column":null}}],"line":175},"16":{"loc":{"start":{"line":179,"column":10},"end":{"line":186,"column":null}},"type":"if","locations":[{"start":{"line":179,"column":10},"end":{"line":186,"column":null}},{"start":{},"end":{}}],"line":179},"17":{"loc":{"start":{"line":182,"column":12},"end":{"line":185,"column":null}},"type":"if","locations":[{"start":{"line":182,"column":12},"end":{"line":185,"column":null}},{"start":{},"end":{}}],"line":182},"18":{"loc":{"start":{"line":184,"column":17},"end":{"line":184,"column":45}},"type":"binary-expr","locations":[{"start":{"line":184,"column":17},"end":{"line":184,"column":39}},{"start":{"line":184,"column":39},"end":{"line":184,"column":45}}],"line":184},"19":{"loc":{"start":{"line":187,"column":8},"end":{"line":206,"column":null}},"type":"if","locations":[{"start":{"line":187,"column":8},"end":{"line":206,"column":null}},{"start":{"line":191,"column":8},"end":{"line":206,"column":null}}],"line":187},"20":{"loc":{"start":{"line":188,"column":10},"end":{"line":190,"column":null}},"type":"if","locations":[{"start":{"line":188,"column":10},"end":{"line":190,"column":null}},{"start":{},"end":{}}],"line":188},"21":{"loc":{"start":{"line":189,"column":33},"end":{"line":189,"column":null}},"type":"binary-expr","locations":[{"start":{"line":189,"column":33},"end":{"line":189,"column":77}},{"start":{"line":189,"column":77},"end":{"line":189,"column":null}}],"line":189},"22":{"loc":{"start":{"line":191,"column":8},"end":{"line":206,"column":null}},"type":"if","locations":[{"start":{"line":191,"column":8},"end":{"line":206,"column":null}},{"start":{"line":195,"column":8},"end":{"line":206,"column":null}}],"line":191},"23":{"loc":{"start":{"line":192,"column":10},"end":{"line":194,"column":null}},"type":"if","locations":[{"start":{"line":192,"column":10},"end":{"line":194,"column":null}},{"start":{},"end":{}}],"line":192},"24":{"loc":{"start":{"line":193,"column":34},"end":{"line":193,"column":null}},"type":"binary-expr","locations":[{"start":{"line":193,"column":34},"end":{"line":193,"column":71}},{"start":{"line":193,"column":71},"end":{"line":193,"column":null}}],"line":193},"25":{"loc":{"start":{"line":195,"column":8},"end":{"line":206,"column":null}},"type":"if","locations":[{"start":{"line":195,"column":8},"end":{"line":206,"column":null}},{"start":{},"end":{}}],"line":195},"26":{"loc":{"start":{"line":198,"column":12},"end":{"line":204,"column":null}},"type":"if","locations":[{"start":{"line":198,"column":12},"end":{"line":204,"column":null}},{"start":{},"end":{}}],"line":198},"27":{"loc":{"start":{"line":210,"column":6},"end":{"line":212,"column":null}},"type":"if","locations":[{"start":{"line":210,"column":6},"end":{"line":212,"column":null}},{"start":{},"end":{}}],"line":210},"28":{"loc":{"start":{"line":232,"column":32},"end":{"line":234,"column":null}},"type":"cond-expr","locations":[{"start":{"line":233,"column":14},"end":{"line":233,"column":null}},{"start":{"line":234,"column":14},"end":{"line":234,"column":null}}],"line":232},"29":{"loc":{"start":{"line":303,"column":20},"end":{"line":303,"column":null}},"type":"binary-expr","locations":[{"start":{"line":303,"column":20},"end":{"line":303,"column":40}},{"start":{"line":303,"column":40},"end":{"line":303,"column":null}}],"line":303},"30":{"loc":{"start":{"line":309,"column":6},"end":{"line":314,"column":null}},"type":"if","locations":[{"start":{"line":309,"column":6},"end":{"line":314,"column":null}},{"start":{},"end":{}}],"line":309},"31":{"loc":{"start":{"line":311,"column":10},"end":{"line":313,"column":null}},"type":"cond-expr","locations":[{"start":{"line":312,"column":14},"end":{"line":312,"column":null}},{"start":{"line":313,"column":14},"end":{"line":313,"column":null}}],"line":311},"32":{"loc":{"start":{"line":313,"column":52},"end":{"line":313,"column":64}},"type":"binary-expr","locations":[{"start":{"line":313,"column":52},"end":{"line":313,"column":62}},{"start":{"line":313,"column":62},"end":{"line":313,"column":64}}],"line":313},"33":{"loc":{"start":{"line":317,"column":6},"end":{"line":325,"column":null}},"type":"if","locations":[{"start":{"line":317,"column":6},"end":{"line":325,"column":null}},{"start":{"line":323,"column":13},"end":{"line":325,"column":null}}],"line":317},"34":{"loc":{"start":{"line":324,"column":36},"end":{"line":324,"column":null}},"type":"binary-expr","locations":[{"start":{"line":324,"column":36},"end":{"line":324,"column":58}},{"start":{"line":324,"column":58},"end":{"line":324,"column":null}}],"line":324},"35":{"loc":{"start":{"line":334,"column":8},"end":{"line":336,"column":null}},"type":"if","locations":[{"start":{"line":334,"column":8},"end":{"line":336,"column":null}},{"start":{},"end":{}}],"line":334},"36":{"loc":{"start":{"line":344,"column":6},"end":{"line":346,"column":null}},"type":"if","locations":[{"start":{"line":344,"column":6},"end":{"line":346,"column":null}},{"start":{},"end":{}}],"line":344},"37":{"loc":{"start":{"line":351,"column":8},"end":{"line":370,"column":null}},"type":"if","locations":[{"start":{"line":351,"column":8},"end":{"line":370,"column":null}},{"start":{},"end":{}}],"line":351},"38":{"loc":{"start":{"line":359,"column":36},"end":{"line":361,"column":null}},"type":"cond-expr","locations":[{"start":{"line":360,"column":18},"end":{"line":360,"column":null}},{"start":{"line":361,"column":18},"end":{"line":361,"column":null}}],"line":359}},"s":{"0":25,"1":25,"2":25,"3":25,"4":6,"5":5,"6":1,"7":2,"8":1,"9":1,"10":1,"11":0,"12":9,"13":3,"14":6,"15":6,"16":6,"17":3,"18":3,"19":0,"20":0,"21":3,"22":3,"23":3,"24":3,"25":3,"26":3,"27":3,"28":3,"29":3,"30":3,"31":5,"32":5,"33":0,"34":0,"35":5,"36":0,"37":0,"38":5,"39":5,"40":5,"41":5,"42":5,"43":5,"44":17,"45":17,"46":2,"47":2,"48":2,"49":15,"50":7,"51":1,"52":6,"53":3,"54":3,"55":3,"56":3,"57":3,"58":3,"59":3,"60":8,"61":2,"62":2,"63":6,"64":3,"65":3,"66":3,"67":3,"68":2,"69":2,"70":2,"71":1,"72":5,"73":3,"74":2,"75":2,"76":2,"77":2,"78":2,"79":2,"80":2,"81":2,"82":2,"83":3,"84":3,"85":3,"86":3,"87":3,"88":3,"89":4,"90":3,"91":3,"92":3,"93":4,"94":4,"95":1,"96":0,"97":4,"98":1,"99":1,"100":3,"101":4,"102":4,"103":5,"104":4,"105":4,"106":4,"107":4,"108":5,"109":4,"110":3,"111":1,"112":1,"113":1,"114":1,"115":1,"116":1,"117":1,"118":3,"119":2},"f":{"0":6,"1":2,"2":9,"3":3,"4":3,"5":3,"6":3,"7":0,"8":2,"9":3,"10":3,"11":4,"12":3,"13":0,"14":5,"15":5,"16":2},"b":{"0":[5,1],"1":[1,1],"2":[1,0],"3":[3,6],"4":[3,3],"5":[5,5],"6":[0,5],"7":[0,0],"8":[0,0],"9":[0,5],"10":[5,5],"11":[2,15],"12":[2,0],"13":[7,8],"14":[1,6],"15":[3,3],"16":[3,0],"17":[3,0],"18":[3,2],"19":[2,6],"20":[2,0],"21":[2,0],"22":[3,3],"23":[3,0],"24":[3,0],"25":[3,0],"26":[2,0],"27":[3,2],"28":[0,2],"29":[4,3],"30":[1,3],"31":[1,0],"32":[0,0],"33":[1,3],"34":[3,2],"35":[4,0],"36":[3,1],"37":[1,0],"38":[1,0]},"meta":{"lastBranch":39,"lastFunction":17,"lastStatement":120,"seen":{"s:15:18:15:Infinity":0,"s:16:28:16:Infinity":1,"s:17:30:17:Infinity":2,"s:18:29:26:Infinity":3,"f:31:10:31:25":0,"b:32:4:34:Infinity:undefined:undefined:undefined:undefined":0,"s:32:4:34:Infinity":4,"s:33:6:33:Infinity":5,"s:36:4:50:Infinity":6,"f:36:23:36:32":1,"b:37:6:48:Infinity:39:6:48:Infinity":1,"s:37:6:48:Infinity":7,"s:38:8:38:Infinity":8,"b:39:6:48:Infinity:undefined:undefined:undefined:undefined":2,"s:39:6:48:Infinity":9,"s:40:8:47:Infinity":10,"s:49:6:49:Infinity":11,"f:53:8:53:Infinity":2,"b:59:4:61:Infinity:undefined:undefined:undefined:undefined":3,"s:59:4:61:Infinity":12,"s:60:6:60:Infinity":13,"s:63:19:66:Infinity":14,"s:68:4:88:Infinity":15,"b:69:6:84:Infinity:77:13:84:Infinity":4,"s:69:6:84:Infinity":16,"s:70:8:76:Infinity":17,"s:78:8:83:Infinity":18,"s:86:6:86:Infinity":19,"s:87:6:87:Infinity":20,"f:91:16:91:Infinity":3,"s:98:22:98:Infinity":21,"s:99:25:99:Infinity":22,"s:100:27:100:Infinity":23,"s:101:28:101:Infinity":24,"s:104:26:104:Infinity":25,"f:104:40:104:45":4,"s:104:45:104:64":26,"s:105:40:110:Infinity":27,"f:106:14:106:19":5,"s:106:19:106:38":28,"f:107:11:107:17":6,"s:107:17:110:8":29,"s:112:4:270:Infinity":30,"s:114:33:120:Infinity":31,"b:116:20:116:40:116:40:116:Infinity":5,"b:123:6:128:Infinity:undefined:undefined:undefined:undefined":6,"s:123:6:128:Infinity":32,"s:124:8:127:Infinity":33,"b:126:14:126:Infinity:127:14:127:Infinity":7,"f:127:40:127:41":7,"s:127:52:127:64":34,"b:127:52:127:62:127:62:127:64":8,"b:131:6:140:Infinity:138:13:140:Infinity":9,"s:131:6:140:Infinity":35,"s:132:8:135:Infinity":36,"s:137:8:137:Infinity":37,"s:139:8:139:Infinity":38,"b:139:36:139:58:139:58:139:Infinity":10,"s:142:21:142:Infinity":39,"s:143:6:148:Infinity":40,"s:150:27:150:Infinity":41,"s:151:30:151:Infinity":42,"s:153:6:207:Infinity":43,"s:154:8:154:Infinity":44,"b:155:8:206:Infinity:167:8:206:Infinity":11,"s:155:8:206:Infinity":45,"s:156:10:159:Infinity":46,"b:160:10:166:Infinity:undefined:undefined:undefined:undefined":12,"s:160:10:166:Infinity":47,"s:161:12:165:Infinity":48,"b:167:8:206:Infinity:187:8:206:Infinity":13,"s:167:8:206:Infinity":49,"b:168:10:186:Infinity:175:10:186:Infinity":14,"s:168:10:186:Infinity":50,"s:170:12:174:Infinity":51,"b:175:10:186:Infinity:179:10:186:Infinity":15,"s:175:10:186:Infinity":52,"s:176:12:176:Infinity":53,"s:177:12:177:Infinity":54,"s:178:12:178:Infinity":55,"b:179:10:186:Infinity:undefined:undefined:undefined:undefined":16,"s:179:10:186:Infinity":56,"s:181:29:181:Infinity":57,"b:182:12:185:Infinity:undefined:undefined:undefined:undefined":17,"s:182:12:185:Infinity":58,"s:183:14:184:Infinity":59,"b:184:17:184:39:184:39:184:45":18,"b:187:8:206:Infinity:191:8:206:Infinity":19,"s:187:8:206:Infinity":60,"b:188:10:190:Infinity:undefined:undefined:undefined:undefined":20,"s:188:10:190:Infinity":61,"s:189:12:189:Infinity":62,"b:189:33:189:77:189:77:189:Infinity":21,"b:191:8:206:Infinity:195:8:206:Infinity":22,"s:191:8:206:Infinity":63,"b:192:10:194:Infinity:undefined:undefined:undefined:undefined":23,"s:192:10:194:Infinity":64,"s:193:12:193:Infinity":65,"b:193:34:193:71:193:71:193:Infinity":24,"b:195:8:206:Infinity:undefined:undefined:undefined:undefined":25,"s:195:8:206:Infinity":66,"s:197:10:205:Infinity":67,"b:198:12:204:Infinity:undefined:undefined:undefined:undefined":26,"s:198:12:204:Infinity":68,"s:199:14:203:Infinity":69,"s:200:16:200:Infinity":70,"s:202:16:202:Infinity":71,"b:210:6:212:Infinity:undefined:undefined:undefined:undefined":27,"s:210:6:212:Infinity":72,"s:211:8:211:Infinity":73,"s:215:33:215:Infinity":74,"s:216:6:253:Infinity":75,"s:218:8:226:Infinity":76,"s:228:23:236:Infinity":77,"b:233:14:233:Infinity:234:14:234:Infinity":28,"s:237:8:241:Infinity":78,"s:244:8:252:Infinity":79,"s:256:6:264:Infinity":80,"f:258:30:258:36":8,"s:258:36:263:10":81,"s:266:6:269:Infinity":82,"s:272:4:276:Infinity":83,"s:277:4:277:Infinity":84,"f:280:16:280:Infinity":9,"s:286:25:286:Infinity":85,"s:289:26:289:Infinity":86,"f:289:40:289:45":10,"s:289:45:289:64":87,"s:290:40:295:Infinity":88,"f:291:14:291:19":11,"s:291:19:291:38":89,"f:292:11:292:17":12,"s:292:17:295:8":90,"s:297:20:297:Infinity":91,"s:299:4:383:Infinity":92,"s:301:33:306:Infinity":93,"b:303:20:303:40:303:40:303:Infinity":29,"b:309:6:314:Infinity:undefined:undefined:undefined:undefined":30,"s:309:6:314:Infinity":94,"s:310:8:313:Infinity":95,"b:312:14:312:Infinity:313:14:313:Infinity":31,"f:313:40:313:41":13,"s:313:52:313:64":96,"b:313:52:313:62:313:62:313:64":32,"b:317:6:325:Infinity:323:13:325:Infinity":33,"s:317:6:325:Infinity":97,"s:318:8:321:Infinity":98,"s:322:8:322:Infinity":99,"s:324:8:324:Infinity":100,"b:324:36:324:58:324:58:324:Infinity":34,"s:327:23:327:Infinity":101,"s:330:26:332:Infinity":102,"f:331:8:331:17":14,"s:331:17:331:Infinity":103,"s:333:6:337:Infinity":104,"b:334:8:336:Infinity:undefined:undefined:undefined:undefined":35,"s:334:8:336:Infinity":105,"s:335:10:335:Infinity":106,"s:340:23:342:Infinity":107,"f:341:8:341:17":15,"s:341:17:341:Infinity":108,"b:344:6:346:Infinity:undefined:undefined:undefined:undefined":36,"s:344:6:346:Infinity":109,"s:345:8:345:Infinity":110,"s:349:33:349:Infinity":111,"s:350:6:371:Infinity":112,"b:351:8:370:Infinity:undefined:undefined:undefined:undefined":37,"s:351:8:370:Infinity":113,"s:352:25:364:Infinity":114,"b:360:18:360:Infinity:361:18:361:Infinity":38,"s:365:10:369:Infinity":115,"s:374:6:377:Infinity":116,"s:379:6:382:Infinity":117,"s:385:4:385:Infinity":118,"f:388:2:388:28":16,"s:389:4:389:Infinity":119}}}
,"/Users/x/Desktop/workspace/Muse/src/api/services/ai/providers/deepseek.ts": {"path":"/Users/x/Desktop/workspace/Muse/src/api/services/ai/providers/deepseek.ts","statementMap":{"0":{"start":{"line":9,"column":18},"end":{"line":9,"column":null}},"1":{"start":{"line":10,"column":30},"end":{"line":10,"column":null}},"2":{"start":{"line":11,"column":29},"end":{"line":15,"column":null}},"3":{"start":{"line":21,"column":4},"end":{"line":21,"column":null}},"4":{"start":{"line":25,"column":4},"end":{"line":25,"column":null}},"5":{"start":{"line":33,"column":4},"end":{"line":35,"column":null}},"6":{"start":{"line":34,"column":6},"end":{"line":34,"column":null}},"7":{"start":{"line":37,"column":20},"end":{"line":37,"column":null}},"8":{"start":{"line":39,"column":4},"end":{"line":48,"column":null}},"9":{"start":{"line":40,"column":6},"end":{"line":44,"column":null}},"10":{"start":{"line":41,"column":8},"end":{"line":41,"column":null}},"11":{"start":{"line":43,"column":8},"end":{"line":43,"column":null}},"12":{"start":{"line":46,"column":6},"end":{"line":46,"column":null}},"13":{"start":{"line":47,"column":6},"end":{"line":47,"column":null}},"14":{"start":{"line":57,"column":24},"end":{"line":66,"column":null}},"15":{"start":{"line":59,"column":37},"end":{"line":62,"column":8}},"16":{"start":{"line":68,"column":21},"end":{"line":75,"column":null}},"17":{"start":{"line":77,"column":4},"end":{"line":80,"column":null}},"18":{"start":{"line":78,"column":20},"end":{"line":78,"column":null}},"19":{"start":{"line":79,"column":6},"end":{"line":79,"column":null}},"20":{"start":{"line":82,"column":19},"end":{"line":82,"column":null}},"21":{"start":{"line":83,"column":4},"end":{"line":85,"column":null}},"22":{"start":{"line":84,"column":6},"end":{"line":84,"column":null}},"23":{"start":{"line":87,"column":20},"end":{"line":87,"column":null}},"24":{"start":{"line":88,"column":17},"end":{"line":88,"column":null}},"25":{"start":{"line":89,"column":22},"end":{"line":89,"column":null}},"26":{"start":{"line":91,"column":4},"end":{"line":135,"column":null}},"27":{"start":{"line":92,"column":6},"end":{"line":132,"column":null}},"28":{"start":{"line":93,"column":32},"end":{"line":93,"column":null}},"29":{"start":{"line":94,"column":8},"end":{"line":94,"column":null}},"30":{"start":{"line":94,"column":18},"end":{"line":94,"column":null}},"31":{"start":{"line":96,"column":8},"end":{"line":96,"column":null}},"32":{"start":{"line":97,"column":22},"end":{"line":97,"column":null}},"33":{"start":{"line":98,"column":8},"end":{"line":98,"column":null}},"34":{"start":{"line":100,"column":8},"end":{"line":131,"column":null}},"35":{"start":{"line":101,"column":10},"end":{"line":130,"column":null}},"36":{"start":{"line":102,"column":25},"end":{"line":102,"column":null}},"37":{"start":{"line":103,"column":12},"end":{"line":103,"column":null}},"38":{"start":{"line":103,"column":44},"end":{"line":103,"column":null}},"39":{"start":{"line":105,"column":12},"end":{"line":129,"column":null}},"40":{"start":{"line":106,"column":29},"end":{"line":106,"column":null}},"41":{"start":{"line":107,"column":28},"end":{"line":107,"column":null}},"42":{"start":{"line":108,"column":30},"end":{"line":108,"column":null}},"43":{"start":{"line":109,"column":39},"end":{"line":109,"column":null}},"44":{"start":{"line":112,"column":14},"end":{"line":118,"column":null}},"45":{"start":{"line":113,"column":16},"end":{"line":117,"column":null}},"46":{"start":{"line":120,"column":14},"end":{"line":126,"column":null}},"47":{"start":{"line":121,"column":16},"end":{"line":121,"column":null}},"48":{"start":{"line":122,"column":16},"end":{"line":125,"column":null}},"49":{"start":{"line":128,"column":14},"end":{"line":128,"column":null}},"50":{"start":{"line":134,"column":6},"end":{"line":134,"column":null}},"51":{"start":{"line":137,"column":4},"end":{"line":140,"column":null}},"52":{"start":{"line":142,"column":4},"end":{"line":142,"column":null}},"53":{"start":{"line":150,"column":24},"end":{"line":158,"column":null}},"54":{"start":{"line":152,"column":37},"end":{"line":155,"column":8}},"55":{"start":{"line":160,"column":21},"end":{"line":167,"column":null}},"56":{"start":{"line":169,"column":4},"end":{"line":172,"column":null}},"57":{"start":{"line":170,"column":20},"end":{"line":170,"column":null}},"58":{"start":{"line":171,"column":6},"end":{"line":171,"column":null}},"59":{"start":{"line":174,"column":19},"end":{"line":174,"column":null}},"60":{"start":{"line":175,"column":4},"end":{"line":175,"column":null}}},"fnMap":{"0":{"name":"(anonymous_0)","decl":{"start":{"line":20,"column":10},"end":{"line":20,"column":26}},"loc":{"start":{"line":20,"column":50},"end":{"line":22,"column":null}},"line":20},"1":{"name":"(anonymous_1)","decl":{"start":{"line":24,"column":2},"end":{"line":24,"column":28}},"loc":{"start":{"line":24,"column":28},"end":{"line":26,"column":null}},"line":24},"2":{"name":"(anonymous_2)","decl":{"start":{"line":28,"column":8},"end":{"line":28,"column":null}},"loc":{"start":{"line":32,"column":21},"end":{"line":49,"column":null}},"line":32},"3":{"name":"(anonymous_3)","decl":{"start":{"line":51,"column":16},"end":{"line":51,"column":null}},"loc":{"start":{"line":56,"column":21},"end":{"line":143,"column":null}},"line":56},"4":{"name":"(an
[...]
,"/Users/x/Desktop/workspace/Muse/src/shared/permissions/engine.ts": {"path":"/Users/x/Desktop/workspace/Muse/src/shared/permissions/engine.ts","statementMap":{"0":{"start":{"line":31,"column":10},"end":{"line":31,"column":null}},"1":{"start":{"line":33,"column":4},"end":{"line":35,"column":null}},"2":{"start":{"line":34,"column":6},"end":{"line":34,"column":null}},"3":{"start":{"line":38,"column":4},"end":{"line":45,"column":null}},"4":{"start":{"line":39,"column":27},"end":{"line":43,"column":null}},"5":{"start":{"line":44,"column":6},"end":{"line":44,"column":null}},"6":{"start":{"line":44,"column":24},"end":{"line":44,"column":null}},"7":{"start":{"line":48,"column":4},"end":{"line":50,"column":null}},"8":{"start":{"line":49,"column":6},"end":{"line":49,"column":null}},"9":{"start":{"line":53,"column":4},"end":{"line":55,"column":null}},"10":{"start":{"line":54,"column":6},"end":{"line":54,"column":null}},"11":{"start":{"line":58,"column":4},"end":{"line":60,"column":null}},"12":{"start":{"line":59,"column":6},"end":{"line":59,"column":null}},"13":{"start":{"line":63,"column":4},"end":{"line":66,"column":null}},"14":{"start":{"line":78,"column":26},"end":{"line":95,"column":null}},"15":{"start":{"line":80,"column":6},"end":{"line":80,"column":null}},"16":{"start":{"line":80,"column":55},"end":{"line":80,"column":null}},"17":{"start":{"line":83,"column":6},"end":{"line":92,"column":null}},"18":{"start":{"line":84,"column":8},"end":{"line":87,"column":null}},"19":{"start":{"line":85,"column":26},"end":{"line":85,"column":null}},"20":{"start":{"line":86,"column":10},"end":{"line":86,"column":null}},"21":{"start":{"line":86,"column":61},"end":{"line":86,"column":null}},"22":{"start":{"line":88,"column":8},"end":{"line":91,"column":null}},"23":{"start":{"line":89,"column":27},"end":{"line":89,"column":null}},"24":{"start":{"line":90,"column":10},"end":{"line":90,"column":null}},"25":{"start":{"line":90,"column":62},"end":{"line":90,"column":null}},"26":{"start":{"line":94,"column":6},"end":{"line":94,"column":null}},"27":{"start":{"line":97,"column":4},"end":{"line":97,"column":null}},"28":{"start":{"line":97,"column":36},"end":{"line":97,"column":null}},"29":{"start":{"line":100,"column":21},"end":{"line":100,"column":null}},"30":{"start":{"line":100,"column":45},"end":{"line":100,"column":64}},"31":{"start":{"line":101,"column":4},"end":{"line":107,"column":null}},"32":{"start":{"line":102,"column":6},"end":{"line":106,"column":null}},"33":{"start":{"line":109,"column":22},"end":{"line":109,"column":null}},"34":{"start":{"line":109,"column":46},"end":{"line":109,"column":66}},"35":{"start":{"line":110,"column":4},"end":{"line":116,"column":null}},"36":{"start":{"line":111,"column":6},"end":{"line":115,"column":null}},"37":{"start":{"line":118,"column":4},"end":{"line":118,"column":null}},"38":{"start":{"line":127,"column":21},"end":{"line":132,"column":null}},"39":{"start":{"line":133,"column":4},"end":{"line":137,"column":null}},"40":{"start":{"line":134,"column":6},"end":{"line":134,"column":null}},"41":{"start":{"line":136,"column":6},"end":{"line":136,"column":null}}},"fnMap":{"0":{"name":"(anonymous_0)","decl":{"start":{"line":25,"column":2},"end":{"line":25,"column":null}},"loc":{"start":{"line":29,"column":24},"end":{"line":67,"column":null}},"line":29},"1":{"name":"(anonymous_1)","decl":{"start":{"line":73,"column":10},"end":{"line":73,"column":null}},"loc":{"start":{"line":77,"column":31},"end":{"line":119,"column":null}},"line":77},"2":{"name":"(anonymous_2)","decl":{"start":{"line":78,"column":39},"end":{"line":78,"column":47}},"loc":{"start":{"line":78,"column":47},"end":{"line":95,"column":5}},"line":78},"3":{"name":"(anonymous_3)","decl":{"start":{"line":100,"column":40},"end":{"line":100,"column":45}},"loc":{"start":{"line":100,"column":45},"end":{"line":100,"column":64}},"line":100},"4":{"name":"(anonymous_4)","decl":{"start":{"line":109,"column":41},"end":{"line":109,"column":46}},"loc":{"start":{"line":109,"column":46},"end":{"line":109,"column":66}},"line":109},"5":{"name":"(anonymous_5)","decl":{"start":{"line":125,"column":10},"end":{"line":125,"column":20}},"loc":{"start":{"line":125,"column":64},"end":{"line":138,"column":null}},"line":125}},"branchMap":{"0":{"loc":{"start":{"line":28,"column":4},"end":{"line":28,"column":null}},"type":"default-arg","locations":[{"start":{"line":28,"column":41},"end":{"line":28,"column":null}}],"line":28},"1":{"loc":{"start":{"line":33,"column":4},"end":{"line":35,"column":null}},"type":"if","locations":[{"start":{"line":33,"column":4},"end":{"line":35,"column":null}},{"start":{},"end":{}}],"line":33},"2":{"loc":{"start":{"line":38,"column":4},"end":{"line":45,"column":null}},"type":"if","locations":[{"start":{"line":38,"column":4},"end":{"line":45,"column":null}},{"start":{},"end":{}}],"line":38},"3":{"loc":{"start":{"line":44,"column":6},"end":{"line":44,"column":null}},"type":"if","locations":[{"start":{"line":44,"column":6},"end":{"line":44,"column":null}},{"start":{},"end":{}}],"line":44},"4":{"loc":{"start":{"line":48,"column":4},"end":{"line":50,"column":null}},"type":"if","locations":[{"start":{"line":48,"column":4},"end":{"line":50,"column":null}},{"start":{},"end":{}}],"line":48},"5":{"loc":{"start":{"line":53,"column":4},"end":{"line":55,"column":null}},"type":"if","locations":[{"start":{"line":53,"column":4},"end":{"line":55,"column":null}},{"start":{},"end":{}}],"line":53},"6":{"loc":{"start":{"line":58,"column":4},"end":{"line":60,"column":null}},"type":"if","locations":[{"start":{"line":58,"column":4},"end":{"line":60,"column":null}},{"start":{},"end":{}}],"line":58},"7":{"loc":{"start":{"line":80,"column":6},"end":{"line":80,"column":null}},"type":"if","locations":[{"start":{"line":80,"column":6},"end":{"line":80,"column":null}},{"start":{},"end":{}}],"line":80},"8":{"loc":{"start":{"line":80,"column":10},"end":{"line":80,"column":55}},"type":"binary-expr","locations":[{"start":{"line":80,"column":10},"end":{"line":80,"column":31}},{"start":{"line":80,"column":31},"end":{"line":80,"column":55}}],"line":80},"9":{"loc":{"start":{"line":83,"column":6},"end":{"line":92,"column":null}},"type":"if","locations":[{"start":{"line":83,"column":6},"end":{"line":92,"column":null}},{"start":{},"end":{}}],"line":83},"10":{"loc":{"start":{"line":84,"column":8},"end":{"line":87,"column":null}},"type":"if","locations":[{"start":{"line":84,"column":8},"end":{"line":87,"column":null}},{"start":{},"end":{}}],"line":84},"11":{"loc":{"start":{"line":85,"column":26},"end":{"line":85,"column":null}},"type":"binary-expr","locations":[{"start":{"line":85,"column":26},"end":{"line":85,"column":43}},{"start":{"line":85,"column":43},"end":{"line":85,"column":56}},{"start":{"line":85,"column":56},"end":{"line":85,"column":null}}],"line":85},"12":{"loc":{"start":{"line":86,"column":10},"end":{"line":86,"column":null}},"type":"if","locations":[{"start":{"line":86,"column":10},"end":{"line":86,"column":null}},{"start":{},"end":{}}],"line":86},"13":{"loc":{"start":{"line":88,"column":8},"end":{"line":91,"column":null}},"type":"if","locations":[{"start":{"line":88,"column":8},"end":{"line":91,"column":null}},{"start":{},"end":{}}],"line":88},"14":{"loc":{"start":{"line":89,"column":27},"end":{"line":89,"column":null}},"type":"binary-expr","locations":[{"start":{"line":89,"column":27},"end":{"line":89,"column":41}},{"start":{"line":89,"column":41},"end":{"line":89,"column":60}},{"start":{"line":89,"column":60},"end":{"line":89,"column":null}}],"line":89},"15":{"loc":{"start":{"line":90,"column":10},"end":{"line":90,"column":null}},"type":"if","locations":[{"start":{"line":90,"column":10},"end":{"line":90,"column":null}},{"start":{},"end":{}}],"line":90},"16":{"loc":{"start":{"line":97,"column":4},"end":{"line":97,"column":null}},"type":"if","locations":[{"start":{"line":97,"column":4},"end":{"line":97,"column":null}},{"start":{},"end":{}}],"line":97},"17":{"loc":{"start":{"line":101,"column":4},"end":{"line":107,"column":null}},"type":"if","locations":[{"start":{"line":101,"column":4},"end":{"line":107,"column":null}},{"start":{},"end":{}}],"line":101},"18":{"loc":{"start":{"line":104,"column":16},"end":{"line":104,"column":null}},"type":"binary-expr","locations":[{"start":{"line":104,"column":16},"end":{"line":104,"column":40}},{"start":{"line":104,"column":40},"end":{"line":104,"column":null}}],"line":104},"19":{"loc":{"start":{"line":110,"column":4},"end":{"line":116,"column":null}},"type":"if","locations":[{"start":{"line":110,"column":4},"end":{"line":116,"column":null}},{"start":{},"end":{}}],"line":110},"20":{"loc":{"start":{"line":113,"column":16},"end":{"line":113,"column":null}},"type":"binary-expr","locations":[{"start":{"line":113,"column":16},"end":{"line":113,"column":41}},{"start":{"line":113,"column":41},"end":{"line":113,"column":null}}],"line":113}},"s":{"0":117,"1":117,"2":48,"3":69,"4":34,"5":34,"6":23,"7":46,"8":2,"9":44,"10":3,"11":41,"12":19,"13":22,"14":34,"15":38,"16":2,"17":36,"18":20,"19":6,"20":6,"21":2,"22":18,"23":15,"24":15,"25":7,"26":27,"27":34,"28":11,"29":23,"30":27,"31":23,"32":8,"33":15,"34":15,"35":15,"36":15,"37":0,"38":15,"39":15,"40":15,"41":1},"f":{"0":117,"1":34,"2":38,"3":27,"4":15,"5":15},"b":{"0":[117],"1":[48,69],"2":[34,35],"3":[23,11],"4":[2,44],"5":[3,41],"6":[19,22],"7":[2,36],"8":[38,36],"9":[20,16],"10":[6,14],"11":[6,2,1],"12":[2,4],"13":[15,3],"14":[15,2,1],"15":[7,8],"16":[11,23],"17":[8,15],"18":[8,2],"19":[15,0],"20":[15,12]},"meta":{"lastBranch":21,"lastFunction":6,"lastStatement":42,"seen":{"f:25:2:25:Infinity":0,"b:28:41:28:Infinity":0,"s:31:10:31:Infinity":0,"b:33:4:35:Infinity:undefined:undefined:undefined:undefined":1,"s:33:4:35:Infinity":1,"s:34:6:34:Infinity":2,"b:38:4:45:Infinity:undefined:undefined:undefined:undefined":2,"s:38:4:45:Infinity":3,"s:39:27:43:Infinity":4,"b:44:6:44:Infinity:undefined:undefined:undefined:undefined":3,"s:44:6:44:Infinity":5,"s:44:24:44:Infinity":6,"b:48:4:50:Infinity:undefined:undefined:undefined:undefined":4,"s:48:4:50:Infinity":7,"s:49:6:49:Infinity":8,"b:53:4:55:Infinity:undefined:undefined:undefined:undefined":5,"s:53:4:55:Infinity":9,"s:54:6:54:Infinity":10,"b:58:4:60:Infinity:undefined:undefined:undefined:undefined":6,"s:58:4:60:Infinity":11,"s:59:6:59:Infinity":12,"s:63:4:66:Infinity":13,"f:73:10:73:Infinity":1,"s:78:26:95:Infinity":14,"f:78:39:78:47":2,"b:80:6:80:Infinity:undefined:undefined:undefined:undefined":7,"s:80:6:80:Infinity":15,"b:80:10:80:31:80:31:80:55":8,"s:80:55:80:Infinity":16,"b:83:6:92:Infinity:undefined:undefined:undefined:undefined":9,"s:83:6:92:Infinity":17,"b:84:8:87:Infinity:undefined:undefined:undefined:undefined":10,"s:84:8:87:Infinity":18,"s:85:26:85:Infinity":19,"b:85:26:85:43:85:43:85:56:85:56:85:Infinity":11,"b:86:10:86:Infinity:undefined:undefined:undefined:undefined":12,"s:86:10:86:Infinity":20,"s:86:61:86:Infinity":21,"b:88:8:91:Infinity:undefined:undefined:undefined:undefined":13,"s:88:8:91:Infinity":22,"s:89:27:89:Infinity":23,"b:89:27:89:41:89:41:89:60:89:60:89:Infinity":14,"b:90:10:90:Infinity:undefined:undefined:undefined:undefined":15,"s:90:10:90:Infinity":24,"s:90:62:90:Infinity":25,"s:94:6:94:Infinity":26,"b:97:4:97:Infinity:undefined:undefined:undefined:undefined":16,"s:97:4:97:Infinity":27,"s:97:36:97:Infinity":28,"s:100:21:100:Infinity":29,"f:100:40:100:45":3,"s:100:45:100:64":30,"b:101:4:107:Infinity:undefined:undefined:undefined:undefined":17,"s:101:4:107:Infinity":31,"s:102:6:106:Infinity":32,"b:104:16:104:40:104:40:104:Infinity":18,"s:109:22:109:Infinity":33,"f:109:41:109:46":4,"s:109:46:109:66":34,"b:110:4:116:Infinity:undefined:undefined:undefined:undefined":19,"s:110:4:116:Infinity":35,"s:111:6:115:Infinity":36,"b:113:16:113:41:113:41:113:Infinity":20,"s:118:4:118:Infinity":37,"f:125:10:125:20":5,"s:127:21:132:Infinity":38,"s:133:4:137:Infinity":39,"s:134:6:134:Infinity":40,"s:136:6:136:Infinity":41}}}
,"/Users/x/Desktop/workspace/Muse/src/shared/types/ai.ts": {"path":"/Users/x/Desktop/workspace/Muse/src/shared/types/ai.ts","statementMap":{"0":{"start":{"line":40,"column":2},"end":{"line":40,"column":null}},"1":{"start":{"line":47,"column":2},"end":{"line":49,"column":null}},"2":{"start":{"line":48,"column":4},"end":{"line":48,"column":null}},"3":{"start":{"line":50,"column":2},"end":{"line":53,"column":null}},"4":{"start":{"line":51,"column":37},"end":{"line":51,"column":54}},"5":{"start":{"line":52,"column":14},"end":{"line":52,"column":20}}},"fnMap":{"0":{"name":"isMultimodalContent","decl":{"start":{"line":37,"column":16},"end":{"line":37,"column":null}},"loc":{"start":{"line":39,"column":31},"end":{"line":41,"column":null}},"line":39},"1":{"name":"getTextContent","decl":{"start":{"line":46,"column":16},"end":{"line":46,"column":31}},"loc":{"start":{"line":46,"column":75},"end":{"line":54,"column":null}},"line":46},"2":{"name":"(anonymous_2)","decl":{"start":{"line":51,"column":12},"end":{"line":51,"column":13}},"loc":{"start":{"line":51,"column":37},"end":{"line":51,"column":54}},"line":51},"3":{"name":"(anonymous_3)","decl":{"start":{"line":52,"column":9},"end":{"line":52,"column":14}},"loc":{"start":{"line":52,"column":14},"end":{"line":52,"column":20}},"line":52}},"branchMap":{"0":{"loc":{"start":{"line":47,"column":2},"end":{"line":49,"column":null}},"type":"if","locations":[{"start":{"line":47,"column":2},"end":{"line":49,"column":null}},{"start":{},"end":{}}],"line":47}},"s":{"0":4,"1":25,"2":18,"3":7,"4":13,"5":8},"f":{"0":4,"1":25,"2":13,"3":8},"b":{"0":[18,7]},"meta":{"lastBranch":1,"lastFunction":4,"lastStatement":6,"seen":{"f:37:16:37:Infinity":0,"s:40:2:40:Infinity":0,"f:46:16:46:31":1,"b:47:2:49:Infinity:undefined:undefined:undefined:undefined":0,"s:47:2:49:Infinity":1,"s:48:4:48:Infinity":2,"s:50:2:53:Infinity":3,"f:51:12:51:13":2,"s:51:37:51:54":4,"f:52:9:52:14":3,"s:52:14:52:20":5}}}
,"/Users/x/Desktop/workspace/Muse/src/shared/types/attachment.ts": {"path":"/Users/x/Desktop/workspace/Muse/src/shared/types/attachment.ts","statementMap":{"0":{"start":{"line":64,"column":37},"end":{"line":69,"column":null}},"1":{"start":{"line":76,"column":35},"end":{"line":76,"column":null}},"2":{"start":{"line":84,"column":2},"end":{"line":84,"column":null}}},"fnMap":{"0":{"name":"isSupportedImageType","decl":{"start":{"line":81,"column":16},"end":{"line":81,"column":null}},"loc":{"start":{"line":83,"column":34},"end":{"line":85,"column":null}},"line":83}},"branchMap":{},"s":{"0":2,"1":2,"2":0},"f":{"0":0},"b":{},"meta":{"lastBranch":0,"lastFunction":1,"lastStatement":3,"seen":{"s:64:37:69:Infinity":0,"s:76:35:76:Infinity":1,"f:81:16:81:Infinity":0,"s:84:2:84:Infinity":2}}}
,"/Users/x/Desktop/workspace/Muse/src/shared/types/error.ts": {"path":"/Users/x/Desktop/workspace/Muse/src/shared/types/error.ts","statementMap":{"0":{"start":{"line":7,"column":7},"end":{"line":7,"column":null}},"1":{"start":{"line":9,"column":2},"end":{"line":9,"column":null}},"2":{"start":{"line":10,"column":2},"end":{"line":10,"column":null}},"3":{"start":{"line":11,"column":2},"end":{"line":11,"column":null}},"4":{"start":{"line":12,"column":2},"end":{"line":12,"column":null}},"5":{"start":{"line":13,"column":2},"end":{"line":13,"column":null}},"6":{"start":{"line":14,"column":2},"end":{"line":14,"column":null}},"7":{"start":{"line":17,"column":2},"end":{"line":17,"column":null}},"8":{"start":{"line":18,"column":2},"end":{"line":18,"column":null}},"9":{"start":{"line":21,"column":2},"end":{"line":21,"column":null}},"10":{"start":{"line":22,"column":2},"end":{"line":22,"column":null}},"11":{"start":{"line":25,"column":2},"end":{"line":25,"column":null}},"12":{"start":{"line":26,"column":2},"end":{"line":26,"column":null}},"13":{"start":{"line":27,"column":2},"end":{"line":27,"column":null}},"14":{"start":{"line":7,"column":12},"end":{"line":7,"column":null}},"15":{"start":{"line":40,"column":68},"end":{"line":51,"column":null}},"16":{"start":{"line":54,"column":50},"end":{"line":60,"column":null}},"17":{"start":{"line":63,"column":57},"end":{"line":84,"column":null}},"18":{"start":{"line":88,"column":2},"end":{"line":88,"column":null}},"19":{"start":{"line":93,"column":2},"end":{"line":93,"column":null}},"20":{"start":{"line":98,"column":2},"end":{"line":98,"column":null}},"21":{"start":{"line":108,"column":2},"end":{"line":114,"column":null}}},"fnMap":{"0":{"name":"(anonymous_0)","decl":{"start":{"line":7,"column":7},"end":{"line":7,"column":12}},"loc":{"start":{"line":7,"column":7},"end":{"line":7,"column":null}},"line":7},"1":{"name":"isRetryableCode","decl":{"start":{"line":87,"column":16},"end":{"line":87,"column":32}},"loc":{"start":{"line":87,"column":58},"end":{"line":89,"column":null}},"line":87},"2":{"name":"getErrorCodeFromStatus","decl":{"start":{"line":92,"column":16},"end":{"line":92,"column":39}},"loc":{"start":{"line":92,"column":66},"end":{"line":94,"column":null}},"line":92},"3":{"name":"getErrorMessage","decl":{"start":{"line":97,"column":16},"end":{"line":97,"column":32}},"loc":{"start":{"line":97,"column":57},"end":{"line":99,"column":null}},"line":97},"4":{"name":"createAPIError","decl":{"start":{"line":102,"column":16},"end":{"line":102,"column":null}},"loc":{"start":{"line":107,"column":12},"end":{"line":115,"column":null}},"line":107}},"branchMap":{"0":{"loc":{"start":{"line":7,"column":12},"end":{"line":7,"column":null}},"type":"binary-expr","locations":[{"start":{"line":7,"column":12},"end":{"line":7,"column":null}},{"start":{"line":7,"column":12},"end":{"line":7,"column":null}}],"line":7},"1":{"loc":{"start":{"line":93,"column":9},"end":{"line":93,"column":null}},"type":"binary-expr","locations":[{"start":{"line":93,"column":9},"end":{"line":93,"column":46}},{"start":{"line":93,"column":46},"end":{"line":93,"column":null}}],"line":93},"2":{"loc":{"start":{"line":98,"column":9},"end":{"line":98,"column":null}},"type":"binary-expr","locations":[{"start":{"line":98,"column":9},"end":{"line":98,"column":33}},{"start":{"line":98,"column":33},"end":{"line":98,"column":null}}],"line":98},"3":{"loc":{"start":{"line":110,"column":13},"end":{"line":110,"column":null}},"type":"binary-expr","locations":[{"start":{"line":110,"column":13},"end":{"line":110,"column":24}},{"start":{"line":110,"column":24},"end":{"line":110,"column":null}}],"line":110}},"s":{"0":11,"1":11,"2":11,"3":11,"4":11,"5":11,"6":11,"7":11,"8":11,"9":11,"10":11,"11":11,"12":11,"13":11,"14":11,"15":11,"16":11,"17":11,"18":38,"19":0,"20":5,"21":19},"f":{"0":11,"1":38,"2":0,"3":5,"4":19},"b":{"0":[11,11],"1":[0,0],"2":[5,5],"3":[19,0]},"meta":{"lastBranch":4,"lastFunction":5,"lastStatement":22,"seen":{"s:7:7:7:Infinity":0,"f:7:7:7:12":0,"s:9:2:9:Infinity":1,"s:10:2:10:Infinity":2,"s:11:2:11:Infinity":3,"s:12:2:12:Infinity":4,"s:13:2:13:Infinity":5,"s:14:2:14:Infinity":6,"s:17:2:17:Infinity":7,"s:18:2:18:Infinity":8,"s:21:2:21:Infinity":9,"s:22:2:22:Infinity":10,"s:25:2:25:Infinity":11,"s:26:2:26:Infinity":12,"s:27:2:27:Infinity":13,"s:7:12:7:Infinity":14,"b:7:12:7:Infinity:7:12:7:Infinity":0,"s:40:68:51:Infinity":15,"s:54:50:60:Infinity":16,"s:63:57:84:Infinity":17,"f:87:16:87:32":1,"s:88:2:88:Infinity":18,"f:92:16:92:39":2,"s:93:2:93:Infinity":19,"b:93:9:93:46:93:46:93:Infinity":1,"f:97:16:97:32":3,"s:98:2:98:Infinity":20,"b:98:9:98:33:98:33:98:Infinity":2,"f:102:16:102:Infinity":4,"s:108:2:114:Infinity":21,"b:110:13:110:24:110:24:110:Infinity":3}}}
,"/Users/x/Desktop/workspace/Muse/src/shared/types/toolPermissions.ts": {"path":"/Users/x/Desktop/workspace/Muse/src/shared/types/toolPermissions.ts","statementMap":{"0":{"start":{"line":4,"column":31},"end":{"line":11,"column":null}},"1":{"start":{"line":28,"column":38},"end":{"line":28,"column":null}}},"fnMap":{},"branchMap":{},"s":{"0":12,"1":12},"f":{},"b":{},"meta":{"lastBranch":0,"lastFunction":0,"lastStatement":2,"seen":{"s:4:31:11:Infinity":0,"s:28:38:28:Infinity":1}}}
}
