TN:
SF:src/api/index.ts
FN:14,parseCorsOrigins
FN:18,(anonymous_1)
FN:28,(anonymous_2)
FN:36,(anonymous_3)
FN:41,(anonymous_4)
FNF:5
FNH:2
FNDA:1,parseCorsOrigins
FNDA:2,(anonymous_1)
FNDA:0,(anonymous_2)
FNDA:0,(anonymous_3)
FNDA:0,(anonymous_4)
DA:6,1
DA:8,1
DA:15,1
DA:16,1
DA:18,2
DA:20,1
DA:24,1
DA:25,1
DA:28,1
DA:29,0
DA:33,1
DA:36,1
DA:37,0
DA:41,1
DA:42,0
DA:43,0
DA:57,1
DA:61,0
DA:62,0
DA:64,0
DA:69,0
LF:21
LH:13
BRDA:15,0,0,0
BRDA:15,0,1,1
BRDA:20,1,0,1
BRDA:20,1,1,0
BRDA:45,2,0,0
BRDA:45,2,1,0
BRDA:57,3,0,0
BRDA:57,3,1,1
BRDA:58,4,0,1
BRDA:58,4,1,0
BRDA:61,5,0,0
BRDA:61,5,1,0
BRF:12
BRH:4
end_of_record
TN:
SF:src/api/routes/chat.ts
FN:22,createErrorResponse
FN:46,(anonymous_1)
FN:68,(anonymous_2)
FN:74,(anonymous_3)
FN:98,(anonymous_4)
FN:143,(anonymous_5)
FN:154,(anonymous_6)
FN:166,(anonymous_7)
FN:178,(anonymous_8)
FN:210,(anonymous_9)
FNF:10
FNH:9
FNDA:14,createErrorResponse
FNDA:7,(anonymous_1)
FNDA:3,(anonymous_2)
FNDA:4,(anonymous_3)
FNDA:13,(anonymous_4)
FNDA:2,(anonymous_5)
FNDA:2,(anonymous_6)
FNDA:2,(anonymous_7)
FNDA:6,(anonymous_8)
FNDA:0,(anonymous_9)
DA:16,2
DA:17,2
DA:25,14
DA:26,14
DA:46,2
DA:47,7
DA:48,7
DA:57,6
DA:60,6
DA:61,3
DA:65,3
DA:68,3
DA:69,3
DA:70,3
DA:75,4
DA:85,1
DA:86,1
DA:92,1
DA:93,1
DA:98,2
DA:99,13
DA:100,13
DA:109,12
DA:112,12
DA:113,0
DA:117,0
DA:120,12
DA:133,6
DA:137,7
DA:138,7
DA:143,2
DA:144,2
DA:145,2
DA:146,2
DA:148,1
DA:149,1
DA:154,2
DA:155,2
DA:156,2
DA:157,2
DA:158,2
DA:160,1
DA:161,1
DA:166,2
DA:167,2
DA:168,2
DA:169,2
DA:170,2
DA:172,1
DA:173,1
DA:178,2
DA:179,6
DA:180,6
DA:181,5
DA:183,5
DA:184,2
DA:188,2
DA:194,3
DA:196,2
DA:198,2
DA:199,2
DA:210,2
DA:211,0
DA:212,0
DA:218,0
DA:219,0
DA:223,0
DA:226,0
DA:227,0
DA:229,0
DA:230,0
DA:233,0
DA:234,0
DA:236,0
DA:237,0
LF:75
LH:60
BRDA:60,0,0,3
BRDA:60,0,1,3
BRDA:60,1,0,6
BRDA:60,1,1,5
BRDA:60,1,2,4
BRDA:112,2,0,0
BRDA:112,2,1,12
BRDA:112,3,0,12
BRDA:112,3,1,12
BRDA:112,3,2,12
BRDA:183,4,0,2
BRDA:183,4,1,3
BRDA:183,5,0,5
BRDA:183,5,1,4
BRDA:218,6,0,0
BRDA:218,6,1,0
BRDA:218,7,0,0
BRDA:218,7,1,0
BRDA:218,7,2,0
BRDA:226,8,0,0
BRDA:226,8,1,0
BRDA:226,9,0,0
BRDA:226,9,1,0
BRDA:229,10,0,0
BRDA:229,10,1,0
BRF:25
BRH:13
end_of_record
TN:
SF:src/api/services/ai/errors.ts
FN:38,(anonymous_0)
FN:64,(anonymous_1)
FN:76,(anonymous_2)
FN:89,(anonymous_3)
FN:120,errorCodeToHttpStatus
FN:147,isNetworkError
FN:158,(anonymous_6)
FN:166,isTimeoutError
FN:169,(anonymous_8)
FN:178,parseRetryAfter
FNF:10
FNH:9
FNDA:19,(anonymous_0)
FNDA:19,(anonymous_1)
FNDA:19,(anonymous_2)
FNDA:19,(anonymous_3)
FNDA:19,errorCodeToHttpStatus
FNDA:11,isNetworkError
FNDA:70,(anonymous_6)
FNDA:9,isTimeoutError
FNDA:25,(anonymous_8)
FNDA:0,parseRetryAfter
DA:47,19
DA:48,19
DA:49,19
DA:50,19
DA:51,19
DA:52,19
DA:53,19
DA:56,19
DA:57,19
DA:65,19
DA:81,0
DA:82,0
DA:83,0
DA:90,28
DA:91,17
DA:94,11
DA:96,11
DA:97,2
DA:101,9
DA:102,1
DA:106,8
DA:110,0
DA:126,19
DA:141,19
DA:148,11
DA:157,11
DA:158,11
DA:159,70
DA:167,9
DA:168,9
DA:169,9
DA:170,25
DA:181,0
DA:184,0
DA:185,0
DA:186,0
DA:190,0
DA:191,0
DA:192,0
DA:193,0
DA:196,0
LF:41
LH:28
BRDA:47,0,0,19
BRDA:47,0,1,0
BRDA:53,1,0,19
BRDA:53,1,1,19
BRDA:56,2,0,19
BRDA:56,2,1,0
BRDA:90,3,0,17
BRDA:90,3,1,11
BRDA:94,4,0,11
BRDA:94,4,1,0
BRDA:96,5,0,2
BRDA:96,5,1,9
BRDA:101,6,0,1
BRDA:101,6,1,8
BRDA:112,7,0,0
BRDA:112,7,1,0
BRDA:141,8,0,19
BRDA:141,8,1,0
BRDA:181,9,0,0
BRDA:181,9,1,0
BRDA:185,10,0,0
BRDA:185,10,1,0
BRDA:185,11,0,0
BRDA:185,11,1,0
BRDA:191,12,0,0
BRDA:191,12,1,0
BRDA:193,13,0,0
BRDA:193,13,1,0
BRF:28
BRH:12
end_of_record
TN:
SF:src/api/services/ai/factory.ts
FN:22,(anonymous_0)
FN:30,(anonymous_1)
FN:34,(anonymous_2)
FN:38,(anonymous_3)
FNF:4
FNH:4
FNDA:3,(anonymous_0)
FNDA:3,(anonymous_1)
FNDA:3,(anonymous_2)
FNDA:3,(anonymous_3)
DA:9,3
DA:23,13
DA:24,13
DA:25,2
DA:27,11
DA:31,2
DA:35,3
DA:41,12
DA:42,12
DA:44,10
LF:10
LH:10
BRDA:24,0,0,2
BRDA:24,0,1,11
BRDA:42,1,0,2
BRDA:42,1,1,10
BRF:4
BRH:4
end_of_record
TN:
SF:src/api/services/ai/manager.ts
FN:10,(anonymous_0)
FN:26,(anonymous_1)
FN:31,(anonymous_2)
FN:36,(anonymous_3)
FNF:4
FNH:4
FNDA:5,(anonymous_0)
FNDA:4,(anonymous_1)
FNDA:4,(anonymous_2)
FNDA:2,(anonymous_3)
DA:17,5
DA:19,5
DA:20,1
DA:23,3
DA:27,4
DA:28,4
DA:32,4
DA:33,4
DA:37,2
LF:9
LH:9
BRDA:19,0,0,1
BRDA:19,0,1,4
BRF:2
BRH:2
end_of_record
TN:
SF:src/api/services/ai/validator.ts
FN:9,(anonymous_0)
FN:34,(anonymous_1)
FN:35,(anonymous_2)
FN:92,(anonymous_3)
FNF:4
FNH:3
FNDA:2,(anonymous_0)
FNDA:8,(anonymous_1)
FNDA:0,(anonymous_2)
FNDA:2,(anonymous_3)
DA:13,9
DA:14,9
DA:17,9
DA:18,1
DA:26,8
DA:34,8
DA:35,8
DA:38,8
DA:40,8
DA:43,2
DA:44,1
DA:46,1
DA:53,6
DA:55,6
DA:56,6
DA:59,6
DA:63,1
DA:64,5
DA:68,1
DA:69,4
DA:70,1
DA:71,3
DA:72,1
DA:74,2
DA:78,1
DA:82,6
DA:93,3
DA:94,3
DA:97,3
DA:98,1
DA:102,1
DA:104,1
DA:105,1
LF:33
LH:33
BRDA:17,0,0,1
BRDA:17,0,1,8
BRDA:43,1,0,1
BRDA:43,1,1,1
BRDA:43,2,0,2
BRDA:43,2,1,1
BRDA:55,3,0,6
BRDA:55,3,1,0
BRDA:59,4,0,1
BRDA:59,4,1,5
BRDA:60,5,0,6
BRDA:60,5,1,5
BRDA:64,6,0,1
BRDA:64,6,1,4
BRDA:65,7,0,5
BRDA:65,7,1,4
BRDA:69,8,0,1
BRDA:69,8,1,3
BRDA:71,9,0,1
BRDA:71,9,1,2
BRDA:74,10,0,1
BRDA:74,10,1,1
BRDA:75,11,0,2
BRDA:75,11,1,1
BRDA:97,12,0,1
BRDA:97,12,1,2
BRF:26
BRH:25
end_of_record
TN:
SF:src/api/services/ai/providers/base.ts
FN:41,(anonymous_0)
FN:54,(anonymous_1)
FN:56,(anonymous_2)
FN:59,(anonymous_3)
FNF:4
FNH:4
FNDA:72,(anonymous_0)
FNDA:16,(anonymous_1)
FNDA:28,(anonymous_2)
FNDA:7,(anonymous_3)
DA:12,16
DA:25,136
DA:30,136
DA:42,72
DA:43,14
DA:45,58
DA:46,13
DA:48,45
DA:55,16
DA:56,28
DA:60,7
LF:11
LH:11
BRDA:42,0,0,14
BRDA:42,0,1,58
BRDA:42,1,0,72
BRDA:42,1,1,62
BRDA:45,2,0,13
BRDA:45,2,1,45
BRDA:45,3,0,58
BRDA:45,3,1,52
BRDA:55,4,0,16
BRDA:55,4,1,0
BRF:10
BRH:9
end_of_record
TN:
SF:src/api/services/ai/providers/claude.ts
FN:31,(anonymous_0)
FN:36,(anonymous_1)
FN:53,(anonymous_2)
FN:91,(anonymous_3)
FN:104,(anonymous_4)
FN:106,(anonymous_5)
FN:107,(anonymous_6)
FN:127,(anonymous_7)
FN:258,(anonymous_8)
FN:280,(anonymous_9)
FN:289,(anonymous_10)
FN:291,(anonymous_11)
FN:292,(anonymous_12)
FN:313,(anonymous_13)
FN:331,(anonymous_14)
FN:341,(anonymous_15)
FN:388,(anonymous_16)
FNF:17
FNH:15
FNDA:6,(anonymous_0)
FNDA:2,(anonymous_1)
FNDA:9,(anonymous_2)
FNDA:3,(anonymous_3)
FNDA:3,(anonymous_4)
FNDA:3,(anonymous_5)
FNDA:3,(anonymous_6)
FNDA:0,(anonymous_7)
FNDA:2,(anonymous_8)
FNDA:3,(anonymous_9)
FNDA:3,(anonymous_10)
FNDA:4,(anonymous_11)
FNDA:3,(anonymous_12)
FNDA:0,(anonymous_13)
FNDA:5,(anonymous_14)
FNDA:5,(anonymous_15)
FNDA:2,(anonymous_16)
DA:15,25
DA:16,25
DA:17,25
DA:18,25
DA:32,6
DA:33,5
DA:36,1
DA:37,2
DA:38,1
DA:39,1
DA:40,1
DA:49,0
DA:59,9
DA:60,3
DA:63,6
DA:68,6
DA:69,6
DA:70,3
DA:78,3
DA:86,0
DA:87,0
DA:98,3
DA:99,3
DA:100,3
DA:101,3
DA:104,3
DA:105,3
DA:106,3
DA:107,3
DA:112,3
DA:114,5
DA:123,5
DA:124,0
DA:127,0
DA:131,5
DA:132,0
DA:137,0
DA:139,5
DA:142,5
DA:143,5
DA:150,5
DA:151,5
DA:153,5
DA:154,17
DA:155,17
DA:156,2
DA:160,2
DA:161,2
DA:167,15
DA:168,7
DA:170,1
DA:175,6
DA:176,3
DA:177,3
DA:178,3
DA:179,3
DA:181,3
DA:182,3
DA:183,3
DA:187,8
DA:188,2
DA:189,2
DA:191,6
DA:192,3
DA:193,3
DA:195,3
DA:197,3
DA:198,2
DA:199,2
DA:200,2
DA:202,1
DA:210,5
DA:211,3
DA:215,2
DA:216,2
DA:218,2
DA:228,2
DA:237,2
DA:244,2
DA:256,2
DA:258,2
DA:266,2
DA:272,3
DA:277,3
DA:286,3
DA:289,3
DA:290,3
DA:291,4
DA:292,3
DA:297,3
DA:299,3
DA:301,4
DA:309,4
DA:310,1
DA:313,0
DA:317,4
DA:318,1
DA:322,1
DA:324,3
DA:327,4
DA:330,4
DA:331,5
DA:333,4
DA:334,4
DA:335,4
DA:340,4
DA:341,5
DA:344,4
DA:345,3
DA:349,1
DA:350,1
DA:351,1
DA:352,1
DA:365,1
DA:374,1
DA:379,1
DA:385,3
DA:389,2
LF:118
LH:110
BRDA:32,0,0,5
BRDA:32,0,1,1
BRDA:37,1,0,1
BRDA:37,1,1,1
BRDA:39,2,0,1
BRDA:39,2,1,0
BRDA:59,3,0,3
BRDA:59,3,1,6
BRDA:69,4,0,3
BRDA:69,4,1,3
BRDA:116,5,0,5
BRDA:116,5,1,5
BRDA:123,6,0,0
BRDA:123,6,1,5
BRDA:125,7,0,0
BRDA:125,7,1,0
BRDA:127,8,0,0
BRDA:127,8,1,0
BRDA:131,9,0,0
BRDA:131,9,1,5
BRDA:139,10,0,5
BRDA:139,10,1,5
BRDA:155,11,0,2
BRDA:155,11,1,15
BRDA:160,12,0,2
BRDA:160,12,1,0
BRDA:167,13,0,7
BRDA:167,13,1,8
BRDA:168,14,0,1
BRDA:168,14,1,6
BRDA:175,15,0,3
BRDA:175,15,1,3
BRDA:179,16,0,3
BRDA:179,16,1,0
BRDA:182,17,0,3
BRDA:182,17,1,0
BRDA:184,18,0,3
BRDA:184,18,1,2
BRDA:187,19,0,2
BRDA:187,19,1,6
BRDA:188,20,0,2
BRDA:188,20,1,0
BRDA:189,21,0,2
BRDA:189,21,1,0
BRDA:191,22,0,3
BRDA:191,22,1,3
BRDA:192,23,0,3
BRDA:192,23,1,0
BRDA:193,24,0,3
BRDA:193,24,1,0
BRDA:195,25,0,3
BRDA:195,25,1,0
BRDA:198,26,0,2
BRDA:198,26,1,0
BRDA:210,27,0,3
BRDA:210,27,1,2
BRDA:232,28,0,0
BRDA:232,28,1,2
BRDA:303,29,0,4
BRDA:303,29,1,3
BRDA:309,30,0,1
BRDA:309,30,1,3
BRDA:311,31,0,1
BRDA:311,31,1,0
BRDA:313,32,0,0
BRDA:313,32,1,0
BRDA:317,33,0,1
BRDA:317,33,1,3
BRDA:324,34,0,3
BRDA:324,34,1,2
BRDA:334,35,0,4
BRDA:334,35,1,0
BRDA:344,36,0,3
BRDA:344,36,1,1
BRDA:351,37,0,1
BRDA:351,37,1,0
BRDA:359,38,0,1
BRDA:359,38,1,0
BRF:78
BRH:55
end_of_record
TN:
SF:src/api/services/ai/providers/deepseek.ts
FN:20,(anonymous_0)
FN:24,(anonymous_1)
FN:28,(anonymous_2)
FN:51,(anonymous_3)
FN:59,(anonymous_4)
FN:145,(anonymous_5)
FN:152,(anonymous_6)
FNF:7
FNH:7
FNDA:2,(anonymous_0)
FNDA:2,(anonymous_1)
FNDA:8,(anonymous_2)
FNDA:3,(anonymous_3)
FNDA:3,(anonymous_4)
FNDA:3,(anonymous_5)
FNDA:3,(anonymous_6)
DA:9,22
DA:10,22
DA:11,22
DA:21,2
DA:25,2
DA:33,8
DA:34,2
DA:37,6
DA:39,8
DA:40,8
DA:41,3
DA:43,3
DA:46,2
DA:47,2
DA:57,3
DA:59,3
DA:68,3
DA:77,3
DA:78,0
DA:79,0
DA:82,3
DA:83,3
DA:84,1
DA:87,2
DA:88,2
DA:89,2
DA:91,2
DA:92,2
DA:93,8
DA:94,8
DA:96,6
DA:97,6
DA:98,6
DA:100,8
DA:101,6
DA:102,6
DA:103,6
DA:105,5
DA:106,5
DA:107,5
DA:108,6
DA:109,6
DA:112,6
DA:113,1
DA:120,4
DA:121,3
DA:122,3
DA:128,1
DA:134,2
DA:137,2
DA:142,2
DA:150,3
DA:152,3
DA:160,3
DA:169,3
DA:170,1
DA:171,1
DA:174,2
DA:175,2
LF:59
LH:57
BRDA:33,0,0,2
BRDA:33,0,1,6
BRDA:37,1,0,6
BRDA:37,1,1,5
BRDA:40,2,0,3
BRDA:40,2,1,3
BRDA:58,3,0,3
BRDA:58,3,1,0
BRDA:63,4,0,3
BRDA:63,4,1,3
BRDA:64,5,0,3
BRDA:64,5,1,3
BRDA:77,6,0,0
BRDA:77,6,1,3
BRDA:83,7,0,1
BRDA:83,7,1,2
BRDA:94,8,0,2
BRDA:94,8,1,6
BRDA:98,9,0,6
BRDA:98,9,1,6
BRDA:101,10,0,6
BRDA:101,10,1,0
BRDA:103,11,0,1
BRDA:103,11,1,5
BRDA:103,12,0,6
BRDA:103,12,1,6
BRDA:112,13,0,1
BRDA:112,13,1,5
BRDA:120,14,0,3
BRDA:120,14,1,1
BRDA:151,15,0,3
BRDA:151,15,1,0
BRDA:156,16,0,3
BRDA:156,16,1,2
BRDA:157,17,0,3
BRDA:157,17,1,2
BRDA:169,18,0,1
BRDA:169,18,1,2
BRDA:175,19,0,2
BRDA:175,19,1,0
BRF:40
BRH:35
end_of_record
TN:
SF:src/api/services/ai/providers/gemini.ts
FN:48,(anonymous_0)
FN:52,(anonymous_1)
FN:59,(anonymous_2)
FN:64,(anonymous_3)
FN:79,(anonymous_4)
FN:118,(anonymous_5)
FN:126,(anonymous_6)
FN:136,(anonymous_7)
FN:234,(anonymous_8)
FN:241,(anonymous_9)
FN:247,(anonymous_10)
FN:276,(anonymous_11)
FNF:12
FNH:11
FNDA:2,(anonymous_0)
FNDA:3,(anonymous_1)
FNDA:7,(anonymous_2)
FNDA:2,(anonymous_3)
FNDA:7,(anonymous_4)
FNDA:3,(anonymous_5)
FNDA:3,(anonymous_6)
FNDA:0,(anonymous_7)
FNDA:3,(anonymous_8)
FNDA:4,(anonymous_9)
FNDA:4,(anonymous_10)
FNDA:11,(anonymous_11)
DA:33,21
DA:34,21
DA:35,21
DA:36,21
DA:49,2
DA:53,3
DA:60,7
DA:61,6
DA:64,1
DA:65,2
DA:66,1
DA:67,1
DA:68,1
DA:75,0
DA:84,7
DA:85,1
DA:88,6
DA:89,6
DA:91,7
DA:93,7
DA:94,7
DA:95,3
DA:104,3
DA:113,2
DA:114,2
DA:126,3
DA:131,3
DA:132,3
DA:134,3
DA:136,0
DA:151,3
DA:153,3
DA:161,3
DA:162,0
DA:163,0
DA:166,3
DA:167,3
DA:168,1
DA:171,2
DA:172,2
DA:173,2
DA:175,2
DA:176,2
DA:177,7
DA:178,7
DA:180,5
DA:181,5
DA:182,5
DA:184,7
DA:185,5
DA:186,5
DA:187,5
DA:189,4
DA:190,4
DA:192,4
DA:193,3
DA:194,3
DA:196,3
DA:198,4
DA:199,1
DA:207,4
DA:208,3
DA:209,3
DA:217,1
DA:223,2
DA:226,2
DA:231,2
DA:241,4
DA:246,3
DA:247,4
DA:257,3
DA:259,3
DA:267,3
DA:268,1
DA:269,1
DA:272,2
DA:273,2
DA:277,11
DA:278,3
DA:281,8
LF:80
LH:76
BRDA:60,0,0,6
BRDA:60,0,1,1
BRDA:65,1,0,1
BRDA:65,1,1,1
BRDA:67,2,0,1
BRDA:67,2,1,0
BRDA:84,3,0,1
BRDA:84,3,1,6
BRDA:89,4,0,6
BRDA:89,4,1,1
BRDA:91,5,0,7
BRDA:91,5,1,5
BRDA:94,6,0,3
BRDA:94,6,1,3
BRDA:127,7,0,3
BRDA:127,7,1,0
BRDA:146,8,0,3
BRDA:146,8,1,3
BRDA:147,9,0,3
BRDA:147,9,1,3
BRDA:161,10,0,0
BRDA:161,10,1,3
BRDA:167,11,0,1
BRDA:167,11,1,2
BRDA:178,12,0,2
BRDA:178,12,1,5
BRDA:182,13,0,5
BRDA:182,13,1,5
BRDA:185,14,0,5
BRDA:185,14,1,0
BRDA:187,15,0,1
BRDA:187,15,1,4
BRDA:187,16,0,5
BRDA:187,16,1,5
BRDA:192,17,0,3
BRDA:192,17,1,1
BRDA:192,18,0,4
BRDA:192,18,1,3
BRDA:194,19,0,3
BRDA:194,19,1,0
BRDA:198,20,0,1
BRDA:198,20,1,3
BRDA:207,21,0,3
BRDA:207,21,1,1
BRDA:242,22,0,3
BRDA:242,22,1,1
BRDA:252,23,0,3
BRDA:252,23,1,2
BRDA:253,24,0,3
BRDA:253,24,1,2
BRDA:267,25,0,1
BRDA:267,25,1,2
BRDA:273,26,0,2
BRDA:273,26,1,0
BRDA:277,27,0,3
BRDA:277,27,1,8
BRDA:277,28,0,11
BRDA:277,28,1,9
BRF:58
BRH:52
end_of_record
TN:
SF:src/api/services/ai/providers/generic.ts
FN:16,(anonymous_0)
FN:20,(anonymous_1)
FN:51,(anonymous_2)
FN:222,(anonymous_3)
FN:288,(anonymous_4)
FNF:5
FNH:5
FNDA:1,(anonymous_0)
FNDA:9,(anonymous_1)
FNDA:3,(anonymous_2)
FNDA:3,(anonymous_3)
FNDA:13,(anonymous_4)
DA:13,31
DA:14,31
DA:17,1
DA:26,9
DA:27,1
DA:30,8
DA:31,2
DA:34,6
DA:35,6
DA:36,3
DA:43,3
DA:46,2
DA:47,2
DA:57,3
DA:58,1
DA:65,3
DA:66,3
DA:67,3
DA:68,3
DA:69,3
DA:70,3
DA:72,3
DA:73,3
DA:76,3
DA:78,3
DA:87,3
DA:88,0
DA:89,0
DA:92,3
DA:93,3
DA:94,1
DA:97,2
DA:98,2
DA:99,2
DA:100,2
DA:102,2
DA:103,2
DA:104,6
DA:105,6
DA:107,4
DA:108,4
DA:109,4
DA:111,6
DA:112,4
DA:113,4
DA:114,4
DA:116,2
DA:117,2
DA:118,2
DA:120,2
DA:121,2
DA:122,2
DA:123,2
DA:125,2
DA:126,0
DA:132,2
DA:133,0
DA:134,0
DA:135,0
DA:136,0
DA:143,0
DA:144,0
DA:145,0
DA:146,0
DA:147,0
DA:151,2
DA:152,2
DA:153,2
DA:156,0
DA:162,2
DA:165,2
DA:166,2
DA:170,0
DA:175,3
DA:176,0
DA:177,0
DA:187,0
DA:197,0
DA:207,0
DA:214,2
DA:219,2
DA:227,3
DA:228,3
DA:229,3
DA:230,3
DA:232,3
DA:233,4
DA:236,4
DA:238,4
DA:247,4
DA:248,1
DA:249,1
DA:252,3
DA:253,3
DA:254,3
DA:256,3
DA:257,4
DA:258,2
DA:261,1
DA:263,4
DA:264,1
DA:265,1
DA:278,1
DA:285,2
DA:289,13
LF:105
LH:86
BRDA:26,0,0,1
BRDA:26,0,1,8
BRDA:30,1,0,2
BRDA:30,1,1,6
BRDA:30,2,0,8
BRDA:30,2,1,7
BRDA:35,3,0,3
BRDA:35,3,1,3
BRDA:57,4,0,1
BRDA:57,4,1,2
BRDA:57,5,0,3
BRDA:57,5,1,1
BRDA:61,6,0,1
BRDA:61,6,1,1
BRDA:87,7,0,0
BRDA:87,7,1,3
BRDA:93,8,0,1
BRDA:93,8,1,2
BRDA:105,9,0,2
BRDA:105,9,1,4
BRDA:109,10,0,4
BRDA:109,10,1,4
BRDA:112,11,0,4
BRDA:112,11,1,0
BRDA:114,12,0,2
BRDA:114,12,1,2
BRDA:114,13,0,4
BRDA:114,13,1,4
BRDA:120,14,0,2
BRDA:120,14,1,0
BRDA:125,15,0,0
BRDA:125,15,1,2
BRDA:132,16,0,0
BRDA:132,16,1,2
BRDA:134,17,0,0
BRDA:134,17,1,0
BRDA:135,18,0,0
BRDA:135,18,1,0
BRDA:137,19,0,0
BRDA:137,19,1,0
BRDA:138,20,0,0
BRDA:138,20,1,0
BRDA:139,21,0,0
BRDA:139,21,1,0
BRDA:143,22,0,0
BRDA:143,22,1,0
BRDA:144,23,0,0
BRDA:144,23,1,0
BRDA:146,24,0,0
BRDA:146,24,1,0
BRDA:151,25,0,2
BRDA:151,25,1,0
BRDA:152,26,0,2
BRDA:152,26,1,1
BRDA:153,27,0,2
BRDA:153,27,1,0
BRDA:165,28,0,2
BRDA:165,28,1,0
BRDA:172,29,0,0
BRDA:172,29,1,0
BRDA:176,30,0,0
BRDA:176,30,1,0
BRDA:191,31,0,0
BRDA:191,31,1,0
BRDA:247,32,0,1
BRDA:247,32,1,3
BRDA:254,33,0,3
BRDA:254,33,1,0
BRDA:257,34,0,2
BRDA:257,34,1,2
BRDA:257,35,0,4
BRDA:257,35,1,1
BRDA:261,36,0,1
BRDA:261,36,1,0
BRDA:264,37,0,1
BRDA:264,37,1,0
BRDA:272,38,0,1
BRDA:272,38,1,0
BRDA:289,39,0,13
BRDA:289,39,1,12
BRDA:289,39,2,11
BRF:81
BRH:47
end_of_record
TN:
SF:src/api/services/ai/providers/openai.ts
FN:36,(anonymous_0)
FN:43,(anonymous_1)
FN:48,(anonymous_2)
FN:64,(anonymous_3)
FN:102,(anonymous_4)
FN:115,(anonymous_5)
FN:243,(anonymous_6)
FN:252,(anonymous_7)
FN:320,(anonymous_8)
FN:321,(anonymous_9)
FN:331,(anonymous_10)
FNF:11
FNH:11
FNDA:11,(anonymous_0)
FNDA:6,(anonymous_1)
FNDA:2,(anonymous_2)
FNDA:9,(anonymous_3)
FNDA:3,(anonymous_4)
FNDA:3,(anonymous_5)
FNDA:3,(anonymous_6)
FNDA:3,(anonymous_7)
FNDA:6,(anonymous_8)
FNDA:96,(anonymous_9)
FNDA:2,(anonymous_10)
DA:14,26
DA:15,26
DA:16,26
DA:17,26
DA:37,11
DA:44,6
DA:45,5
DA:48,1
DA:49,2
DA:50,1
DA:51,1
DA:52,1
DA:60,0
DA:70,9
DA:71,3
DA:74,6
DA:79,6
DA:80,6
DA:81,3
DA:89,3
DA:97,0
DA:98,0
DA:109,3
DA:110,3
DA:111,3
DA:112,3
DA:114,3
DA:116,3
DA:122,3
DA:123,4
DA:126,4
DA:133,4
DA:135,1
DA:138,3
DA:139,3
DA:140,3
DA:143,4
DA:145,4
DA:146,4
DA:148,4
DA:149,7
DA:151,7
DA:152,5
DA:153,5
DA:154,5
DA:157,7
DA:158,2
DA:159,2
DA:160,2
DA:162,2
DA:163,1
DA:173,2
DA:174,2
DA:175,2
DA:176,2
DA:183,7
DA:184,3
DA:185,3
DA:190,4
DA:191,3
DA:195,1
DA:201,4
DA:202,1
DA:204,1
DA:205,1
DA:207,1
DA:212,1
DA:222,1
DA:228,1
DA:235,3
DA:240,3
DA:249,3
DA:251,3
DA:253,3
DA:259,3
DA:261,3
DA:262,4
DA:265,4
DA:270,4
DA:271,1
DA:273,3
DA:274,3
DA:275,3
DA:278,4
DA:280,4
DA:282,4
DA:283,4
DA:286,4
DA:287,3
DA:291,1
DA:293,1
DA:294,1
DA:296,1
DA:297,1
DA:299,1
DA:309,1
DA:317,3
DA:321,96
DA:332,2
LF:99
LH:96
BRDA:44,0,0,5
BRDA:44,0,1,1
BRDA:49,1,0,1
BRDA:49,1,1,1
BRDA:51,2,0,1
BRDA:51,2,1,0
BRDA:70,3,0,3
BRDA:70,3,1,6
BRDA:80,4,0,3
BRDA:80,4,1,3
BRDA:117,5,0,0
BRDA:117,5,1,3
BRDA:133,6,0,1
BRDA:133,6,1,3
BRDA:133,7,0,4
BRDA:133,7,1,1
BRDA:138,8,0,3
BRDA:138,8,1,3
BRDA:139,9,0,3
BRDA:139,9,1,3
BRDA:151,10,0,5
BRDA:151,10,1,2
BRDA:157,11,0,2
BRDA:157,11,1,5
BRDA:160,12,0,0
BRDA:160,12,1,2
BRDA:162,13,0,1
BRDA:162,13,1,1
BRDA:164,14,0,1
BRDA:164,14,1,0
BRDA:167,15,0,1
BRDA:167,15,1,0
BRDA:173,16,0,2
BRDA:173,16,1,0
BRDA:175,17,0,2
BRDA:175,17,1,0
BRDA:175,18,0,2
BRDA:175,18,1,2
BRDA:183,19,0,3
BRDA:183,19,1,4
BRDA:184,20,0,3
BRDA:184,20,1,1
BRDA:185,21,0,3
BRDA:185,21,1,0
BRDA:190,22,0,3
BRDA:190,22,1,1
BRDA:197,23,0,1
BRDA:197,23,1,0
BRDA:202,24,0,0
BRDA:202,24,1,1
BRDA:216,25,0,0
BRDA:216,25,1,1
BRDA:254,26,0,0
BRDA:254,26,1,3
BRDA:270,27,0,1
BRDA:270,27,1,3
BRDA:270,28,0,4
BRDA:270,28,1,1
BRDA:273,29,0,3
BRDA:273,29,1,2
BRDA:274,30,0,3
BRDA:274,30,1,2
BRDA:282,31,0,4
BRDA:282,31,1,0
BRDA:286,32,0,3
BRDA:286,32,1,1
BRDA:286,33,0,4
BRDA:286,33,1,1
BRDA:294,34,0,0
BRDA:294,34,1,1
BRDA:303,35,0,1
BRDA:303,35,1,0
BRF:72
BRH:57
end_of_record
TN:
SF:src/api/services/ai/providers/strategies/anthropic.ts
FN:13,convertContent
FN:15,(anonymous_1)
FN:34,(anonymous_2)
FN:35,(anonymous_3)
FN:40,(anonymous_4)
FN:46,(anonymous_5)
FN:47,(anonymous_6)
FN:51,(anonymous_7)
FN:66,(anonymous_8)
FN:88,(anonymous_9)
FN:128,(anonymous_10)
FN:130,(anonymous_11)
FNF:12
FNH:12
FNDA:5,convertContent
FNDA:2,(anonymous_1)
FNDA:1,(anonymous_2)
FNDA:2,(anonymous_3)
FNDA:5,(anonymous_4)
FNDA:5,(anonymous_5)
FNDA:7,(anonymous_6)
FNDA:5,(anonymous_7)
FNDA:2,(anonymous_8)
FNDA:5,(anonymous_9)
FNDA:2,(anonymous_10)
FNDA:3,(anonymous_11)
DA:14,5
DA:15,1
DA:16,2
DA:17,1
DA:19,1
DA:20,1
DA:29,0
DA:33,10
DA:34,1
DA:35,2
DA:46,5
DA:47,7
DA:49,5
DA:51,5
DA:61,5
DA:62,2
DA:66,2
DA:70,5
DA:71,2
DA:75,2
DA:76,2
DA:82,5
DA:86,5
DA:90,5
DA:91,1
DA:92,1
DA:103,4
DA:105,3
DA:106,1
DA:115,2
DA:116,1
DA:120,1
DA:122,1
DA:123,1
DA:126,1
DA:129,2
DA:130,3
DA:132,2
LF:38
LH:37
BRDA:14,0,0,4
BRDA:14,0,1,1
BRDA:16,1,0,1
BRDA:16,1,1,1
BRDA:19,2,0,1
BRDA:19,2,1,0
BRDA:56,3,0,5
BRDA:56,3,1,4
BRDA:61,4,0,2
BRDA:61,4,1,3
BRDA:63,5,0,1
BRDA:63,5,1,1
BRDA:66,6,0,2
BRDA:66,6,1,0
BRDA:70,7,0,2
BRDA:70,7,1,3
BRDA:73,8,0,2
BRDA:73,8,1,1
BRDA:78,9,0,2
BRDA:78,9,1,1
BRDA:90,10,0,1
BRDA:90,10,1,4
BRDA:91,11,0,1
BRDA:91,11,1,0
BRDA:103,12,0,3
BRDA:103,12,1,1
BRDA:105,13,0,1
BRDA:105,13,1,2
BRDA:115,14,0,1
BRDA:115,14,1,1
BRDA:122,15,0,1
BRDA:122,15,1,0
BRDA:132,16,0,2
BRDA:132,16,1,1
BRF:34
BRH:30
end_of_record
TN:
SF:src/api/services/ai/providers/strategies/index.ts
FN:27,getStrategy
FNF:1
FNH:1
FNDA:11,getStrategy
DA:28,11
DA:29,2
DA:31,9
LF:3
LH:3
BRDA:28,0,0,2
BRDA:28,0,1,9
BRF:2
BRH:2
end_of_record
TN:
SF:src/api/services/ai/providers/strategies/openai.ts
FN:13,convertContent
FN:15,(anonymous_1)
FN:32,convertTools
FN:33,(anonymous_3)
FN:43,getEndpoint
FN:49,(anonymous_5)
FN:50,(anonymous_6)
FN:54,(anonymous_7)
FN:60,(anonymous_8)
FN:69,(anonymous_9)
FN:80,(anonymous_10)
FNF:11
FNH:11
FNDA:12,convertContent
FNDA:2,(anonymous_1)
FNDA:9,convertTools
FNDA:144,(anonymous_3)
FNDA:9,getEndpoint
FNDA:9,(anonymous_5)
FNDA:8,(anonymous_6)
FNDA:9,(anonymous_7)
FNDA:12,(anonymous_8)
FNDA:6,(anonymous_9)
FNDA:5,(anonymous_10)
DA:14,12
DA:15,1
DA:16,2
DA:17,1
DA:19,1
DA:20,1
DA:28,0
DA:33,144
DA:44,9
DA:45,8
DA:48,10
DA:49,9
DA:50,8
DA:58,9
DA:60,12
DA:70,6
DA:71,6
DA:72,6
DA:73,4
DA:75,2
DA:76,1
DA:78,1
DA:80,5
LF:23
LH:22
BRDA:14,0,0,11
BRDA:14,0,1,1
BRDA:16,1,0,1
BRDA:16,1,1,1
BRDA:19,2,0,1
BRDA:19,2,1,0
BRDA:44,3,0,1
BRDA:44,3,1,8
BRDA:65,4,0,9
BRDA:65,4,1,8
BRDA:66,5,0,9
BRDA:66,5,1,8
BRDA:72,6,0,4
BRDA:72,6,1,2
BRDA:75,7,0,1
BRDA:75,7,1,1
BRDA:80,8,0,5
BRDA:80,8,1,1
BRF:18
BRH:17
end_of_record
TN:
SF:src/api/services/ai/tools/definitions.ts
FN:304,getMcpManager
FN:314,getAllTools
FN:320,initMcpTools
FNF:3
FNH:1
FNDA:0,getMcpManager
FNDA:31,getAllTools
FNDA:0,initMcpTools
DA:1,15
DA:302,15
DA:305,0
DA:306,0
DA:307,0
DA:309,0
DA:315,31
DA:316,31
DA:321,0
LF:9
LH:4
BRDA:305,0,0,0
BRDA:305,0,1,0
BRDA:315,1,0,31
BRDA:315,1,1,31
BRF:4
BRH:2
end_of_record
TN:
SF:src/api/services/ai/tools/executor.ts
FN:10,getMcpManager
FN:43,(anonymous_1)
FN:162,(anonymous_2)
FN:175,(anonymous_3)
FN:194,(anonymous_4)
FN:217,(anonymous_5)
FN:223,(anonymous_6)
FN:241,(anonymous_7)
FN:259,(anonymous_8)
FN:273,(anonymous_9)
FN:282,(anonymous_10)
FN:304,(anonymous_11)
FN:318,(anonymous_12)
FN:331,(anonymous_13)
FN:345,(anonymous_14)
FN:358,(anonymous_15)
FN:373,(anonymous_16)
FN:399,(anonymous_17)
FNF:18
FNH:18
FNDA:63,getMcpManager
FNDA:67,(anonymous_1)
FNDA:7,(anonymous_2)
FNDA:5,(anonymous_3)
FNDA:3,(anonymous_4)
FNDA:10,(anonymous_5)
FNDA:8,(anonymous_6)
FNDA:2,(anonymous_7)
FNDA:2,(anonymous_8)
FNDA:1,(anonymous_9)
FNDA:8,(anonymous_10)
FNDA:1,(anonymous_11)
FNDA:2,(anonymous_12)
FNDA:1,(anonymous_13)
FNDA:10,(anonymous_14)
FNDA:14,(anonymous_15)
FNDA:6,(anonymous_16)
FNDA:12,(anonymous_17)
DA:8,9
DA:11,63
DA:12,2
DA:13,2
DA:15,63
DA:19,9
DA:34,9
DA:36,9
DA:48,67
DA:55,67
DA:56,1
DA:59,66
DA:60,3
DA:65,3
DA:71,63
DA:72,63
DA:73,4
DA:74,4
DA:76,2
DA:80,59
DA:81,59
DA:83,8
DA:86,5
DA:89,3
DA:97,10
DA:100,6
DA:103,10
DA:106,2
DA:109,2
DA:112,3
DA:115,1
DA:122,1
DA:128,1
DA:135,1
DA:142,1
DA:149,1
DA:152,2
DA:155,2
DA:158,14
DA:163,7
DA:164,7
DA:167,3
DA:169,4
DA:176,5
DA:177,5
DA:182,4
DA:183,3
DA:185,1
DA:188,2
DA:200,3
DA:201,3
DA:208,3
DA:209,3
DA:211,0
DA:218,10
DA:219,10
DA:220,3
DA:223,7
DA:224,8
DA:225,8
DA:226,1
DA:229,7
DA:230,8
DA:232,8
DA:235,8
DA:238,7
DA:242,2
DA:243,2
DA:247,2
DA:248,2
DA:249,1
DA:251,1
DA:253,0
DA:260,2
DA:261,2
DA:268,2
DA:269,2
DA:270,1
DA:272,1
DA:273,1
DA:276,0
DA:286,8
DA:287,8
DA:291,8
DA:292,8
DA:293,8
DA:294,2
DA:296,6
DA:298,0
DA:305,1
DA:306,1
DA:310,1
DA:312,0
DA:319,2
DA:320,2
DA:326,2
DA:327,2
DA:328,1
DA:330,1
DA:332,1
DA:333,1
DA:334,1
DA:335,1
DA:339,0
DA:346,10
DA:347,10
DA:352,10
DA:353,10
DA:354,1
DA:357,9
DA:359,14
DA:360,14
DA:361,14
DA:365,9
DA:367,0
DA:374,6
DA:375,6
DA:380,5
DA:381,5
DA:383,5
DA:384,4
DA:387,5
DA:388,1
DA:391,5
DA:393,1
DA:400,12
DA:401,7
DA:402,2
LF:128
LH:121
BRDA:11,0,0,2
BRDA:11,0,1,61
BRDA:46,1,0,67
BRDA:49,2,0,67
BRDA:49,2,1,45
BRDA:55,3,0,1
BRDA:55,3,1,66
BRDA:56,4,0,1
BRDA:56,4,1,0
BRDA:59,5,0,3
BRDA:59,5,1,63
BRDA:72,6,0,4
BRDA:72,6,1,59
BRDA:76,7,0,2
BRDA:76,7,1,1
BRDA:81,8,0,59
BRDA:81,8,1,5
BRDA:81,8,2,3
BRDA:81,8,3,10
BRDA:81,8,4,6
BRDA:81,8,5,10
BRDA:81,8,6,2
BRDA:81,8,7,2
BRDA:81,8,8,3
BRDA:81,8,9,1
BRDA:81,8,10,1
BRDA:81,8,11,1
BRDA:81,8,12,1
BRDA:81,8,13,1
BRDA:81,8,14,1
BRDA:81,8,15,2
BRDA:81,8,16,2
BRDA:158,9,0,14
BRDA:158,9,1,0
BRDA:170,10,0,4
BRDA:170,10,1,2
BRDA:182,11,0,3
BRDA:182,11,1,1
BRDA:189,12,0,2
BRDA:189,12,1,2
BRDA:209,13,0,1
BRDA:209,13,1,2
BRDA:212,14,0,0
BRDA:212,14,1,0
BRDA:218,15,0,7
BRDA:218,15,1,3
BRDA:219,16,0,3
BRDA:219,16,1,7
BRDA:225,17,0,1
BRDA:225,17,1,7
BRDA:229,18,0,7
BRDA:229,18,1,1
BRDA:232,19,0,2
BRDA:232,19,1,5
BRDA:232,20,0,8
BRDA:232,20,1,4
BRDA:247,21,0,2
BRDA:247,21,1,0
BRDA:248,22,0,1
BRDA:248,22,1,1
BRDA:254,23,0,0
BRDA:254,23,1,0
BRDA:268,24,0,2
BRDA:268,24,1,0
BRDA:269,25,0,1
BRDA:269,25,1,1
BRDA:277,26,0,0
BRDA:277,26,1,0
BRDA:291,27,0,8
BRDA:291,27,1,0
BRDA:293,28,0,2
BRDA:293,28,1,6
BRDA:294,29,0,1
BRDA:294,29,1,1
BRDA:299,30,0,0
BRDA:299,30,1,0
BRDA:313,31,0,0
BRDA:313,31,1,0
BRDA:326,32,0,2
BRDA:326,32,1,0
BRDA:327,33,0,1
BRDA:327,33,1,1
BRDA:333,34,0,1
BRDA:333,34,1,0
BRDA:334,35,0,1
BRDA:334,35,1,0
BRDA:340,36,0,0
BRDA:340,36,1,0
BRDA:353,37,0,1
BRDA:353,37,1,9
BRDA:359,38,0,2
BRDA:359,38,1,12
BRDA:360,39,0,2
BRDA:360,39,1,12
BRDA:368,40,0,0
BRDA:368,40,1,0
BRDA:383,41,0,4
BRDA:383,41,1,1
BRDA:387,42,0,1
BRDA:387,42,1,4
BRDA:394,43,0,1
BRDA:394,43,1,0
BRDA:400,44,0,5
BRDA:400,44,1,7
BRDA:401,45,0,5
BRDA:401,45,1,2
BRF:106
BRH:83
end_of_record
TN:
SF:src/api/services/mcp/client.ts
FN:20,(anonymous_0)
FN:22,(anonymous_1)
FN:26,(anonymous_2)
FN:30,(anonymous_3)
FN:34,(anonymous_4)
FN:52,(anonymous_5)
FN:64,(anonymous_6)
FN:70,(anonymous_7)
FN:92,(anonymous_8)
FN:109,(anonymous_9)
FN:115,(anonymous_10)
FN:129,(anonymous_11)
FN:145,(anonymous_12)
FN:162,(anonymous_13)
FN:187,(anonymous_14)
FN:198,(anonymous_15)
FN:201,(anonymous_16)
FNF:17
FNH:17
FNDA:33,(anonymous_0)
FNDA:7,(anonymous_1)
FNDA:5,(anonymous_2)
FNDA:3,(anonymous_3)
FNDA:28,(anonymous_4)
FNDA:15,(anonymous_5)
FNDA:1,(anonymous_6)
FNDA:1,(anonymous_7)
FNDA:36,(anonymous_8)
FNDA:27,(anonymous_9)
FNDA:1,(anonymous_10)
FNDA:6,(anonymous_11)
FNDA:4,(anonymous_12)
FNDA:15,(anonymous_13)
FNDA:15,(anonymous_14)
FNDA:47,(anonymous_15)
FNDA:12,(anonymous_16)
DA:13,33
DA:14,33
DA:15,33
DA:16,33
DA:18,33
DA:20,33
DA:23,7
DA:27,5
DA:31,3
DA:35,28
DA:36,1
DA:39,27
DA:40,27
DA:42,27
DA:43,27
DA:51,27
DA:52,27
DA:53,15
DA:54,15
DA:55,15
DA:59,27
DA:64,27
DA:65,1
DA:66,1
DA:67,1
DA:70,27
DA:71,1
DA:72,1
DA:75,27
DA:76,26
DA:79,26
DA:81,26
DA:85,1
DA:86,1
DA:87,1
DA:88,1
DA:93,36
DA:94,10
DA:97,26
DA:98,26
DA:100,1
DA:102,26
DA:103,26
DA:104,26
DA:105,26
DA:110,27
DA:111,1
DA:114,26
DA:115,26
DA:126,26
DA:133,6
DA:134,1
DA:137,5
DA:143,5
DA:144,6
DA:146,4
DA:147,2
DA:149,2
DA:150,1
DA:156,1
DA:164,15
DA:165,15
DA:167,15
DA:168,14
DA:170,16
DA:173,16
DA:174,1
DA:178,15
DA:179,12
DA:180,12
DA:181,12
DA:188,15
DA:198,47
DA:202,12
DA:203,12
DA:207,0
DA:212,0
LF:77
LH:75
BRDA:35,0,0,1
BRDA:35,0,1,27
BRDA:35,1,0,28
BRDA:35,1,1,27
BRDA:51,2,0,27
BRDA:51,2,1,0
BRDA:86,3,0,1
BRDA:86,3,1,0
BRDA:93,4,0,10
BRDA:93,4,1,26
BRDA:110,5,0,1
BRDA:110,5,1,26
BRDA:110,6,0,27
BRDA:110,6,1,26
BRDA:133,7,0,1
BRDA:133,7,1,5
BRDA:133,8,0,6
BRDA:133,8,1,5
BRDA:143,9,0,4
BRDA:143,9,1,1
BRDA:146,10,0,2
BRDA:146,10,1,2
BRDA:149,11,0,1
BRDA:149,11,1,1
BRDA:158,12,0,3
BRDA:158,12,1,2
BRDA:167,13,0,14
BRDA:167,13,1,1
BRDA:173,14,0,1
BRDA:173,14,1,15
BRDA:178,15,0,12
BRDA:178,15,1,3
BRDA:207,16,0,0
BRDA:207,16,1,0
BRDA:209,17,0,0
BRDA:209,17,1,0
BRF:36
BRH:30
end_of_record
TN:
SF:src/api/services/mcp/manager.ts
FN:15,(anonymous_0)
FN:16,(anonymous_1)
FN:28,(anonymous_2)
FN:39,(anonymous_3)
FN:48,(anonymous_4)
FN:56,(anonymous_5)
FN:61,(anonymous_6)
FN:67,(anonymous_7)
FN:88,(anonymous_8)
FN:97,(anonymous_9)
FN:99,(anonymous_10)
FN:100,(anonymous_11)
FN:101,(anonymous_12)
FN:110,(anonymous_13)
FN:111,(anonymous_14)
FN:112,(anonymous_15)
FN:121,(anonymous_16)
FN:126,(anonymous_17)
FN:149,(anonymous_18)
FN:150,(anonymous_19)
FN:156,(anonymous_20)
FN:157,(anonymous_21)
FNF:22
FNH:20
FNDA:13,(anonymous_0)
FNDA:10,(anonymous_1)
FNDA:2,(anonymous_2)
FNDA:1,(anonymous_3)
FNDA:1,(anonymous_4)
FNDA:10,(anonymous_5)
FNDA:10,(anonymous_6)
FNDA:8,(anonymous_7)
FNDA:17,(anonymous_8)
FNDA:2,(anonymous_9)
FNDA:4,(anonymous_10)
FNDA:3,(anonymous_11)
FNDA:0,(anonymous_12)
FNDA:11,(anonymous_13)
FNDA:7,(anonymous_14)
FNDA:0,(anonymous_15)
FNDA:61,(anonymous_16)
FNDA:4,(anonymous_17)
FNDA:1,(anonymous_18)
FNDA:1,(anonymous_19)
FNDA:1,(anonymous_20)
FNDA:1,(anonymous_21)
DA:11,2
DA:12,2
DA:16,13
DA:17,10
DA:18,10
DA:29,2
DA:30,2
DA:31,3
DA:32,3
DA:35,2
DA:48,1
DA:57,10
DA:62,10
DA:63,10
DA:68,8
DA:69,8
DA:70,0
DA:73,8
DA:74,0
DA:75,0
DA:78,8
DA:79,8
DA:80,8
DA:81,8
DA:84,8
DA:89,17
DA:90,17
DA:91,8
DA:92,8
DA:98,2
DA:99,4
DA:101,3
DA:102,0
DA:106,2
DA:111,11
DA:112,7
DA:113,0
DA:117,11
DA:122,61
DA:130,4
DA:131,4
DA:132,1
DA:135,3
DA:136,3
DA:137,1
DA:140,2
DA:141,0
DA:144,2
DA:147,2
DA:148,1
DA:149,1
DA:150,1
DA:152,1
DA:155,1
DA:156,1
DA:157,1
DA:163,2
LF:57
LH:51
BRDA:20,0,0,10
BRDA:20,0,1,10
BRDA:21,1,0,10
BRDA:21,1,1,10
BRDA:31,2,0,3
BRDA:31,2,1,0
BRDA:50,3,0,1
BRDA:50,3,1,0
BRDA:69,4,0,0
BRDA:69,4,1,8
BRDA:73,5,0,0
BRDA:73,5,1,8
BRDA:79,6,0,8
BRDA:79,6,1,0
BRDA:90,7,0,8
BRDA:90,7,1,9
BRDA:131,8,0,1
BRDA:131,8,1,3
BRDA:136,9,0,1
BRDA:136,9,1,2
BRDA:140,10,0,0
BRDA:140,10,1,2
BRDA:147,11,0,1
BRDA:147,11,1,1
BRDA:152,12,0,1
BRDA:152,12,1,0
BRF:26
BRH:19
end_of_record
TN:
SF:src/api/services/mcp/types.ts
FN:54,parseMCPToolName
FN:71,createMCPToolName
FNF:2
FNH:2
FNDA:75,parseMCPToolName
FNDA:8,createMCPToolName
DA:51,3
DA:57,75
DA:58,63
DA:60,12
DA:61,12
DA:62,2
DA:64,10
DA:75,8
LF:8
LH:8
BRDA:57,0,0,63
BRDA:57,0,1,12
BRDA:61,1,0,2
BRDA:61,1,1,10
BRF:4
BRH:4
end_of_record
TN:
SF:src/api/services/memory/extractor.ts
FN:34,(anonymous_0)
FN:41,(anonymous_1)
FN:50,(anonymous_2)
FN:93,(anonymous_3)
FN:112,(anonymous_4)
FN:120,(anonymous_5)
FNF:6
FNH:6
FNDA:3,(anonymous_0)
FNDA:22,(anonymous_1)
FNDA:18,(anonymous_2)
FNDA:3,(anonymous_3)
FNDA:4,(anonymous_4)
FNDA:3,(anonymous_5)
DA:11,3
DA:22,3
DA:25,3
DA:40,10
DA:41,22
DA:44,10
DA:45,1
DA:49,9
DA:51,18
DA:52,18
DA:53,18
DA:58,9
DA:59,1
DA:63,9
DA:69,9
DA:74,9
DA:76,9
DA:82,8
DA:84,1
DA:85,1
DA:94,8
DA:96,8
DA:99,8
DA:100,8
DA:101,1
DA:104,8
DA:106,8
DA:107,1
DA:111,6
DA:113,4
DA:120,3
DA:123,1
DA:124,1
LF:33
LH:33
BRDA:41,0,0,22
BRDA:41,0,1,8
BRDA:44,1,0,1
BRDA:44,1,1,9
BRDA:51,2,0,13
BRDA:51,2,1,5
BRDA:58,3,0,1
BRDA:58,3,1,8
BRDA:100,4,0,1
BRDA:100,4,1,7
BRDA:106,5,0,1
BRDA:106,5,1,7
BRDA:113,6,0,4
BRDA:113,6,1,4
BRDA:113,6,2,4
BRDA:113,6,3,4
BRDA:113,6,4,3
BRDA:113,6,5,3
BRF:18
BRH:18
end_of_record
TN:
SF:src/main/db/index.ts
FN:13,getDbPath
FN:20,initDatabase
FN:52,runSchemaMigrations
FN:56,(anonymous_3)
FN:66,(anonymous_4)
FN:86,(anonymous_5)
FN:106,(anonymous_6)
FN:116,(anonymous_7)
FN:129,(anonymous_8)
FN:140,(anonymous_9)
FN:157,(anonymous_10)
FN:190,(anonymous_11)
FN:233,(anonymous_12)
FN:253,getDatabase
FN:261,closeDatabase
FNF:15
FNH:5
FNDA:5,getDbPath
FNDA:5,initDatabase
FNDA:4,runSchemaMigrations
FNDA:0,(anonymous_3)
FNDA:0,(anonymous_4)
FNDA:0,(anonymous_5)
FNDA:0,(anonymous_6)
FNDA:0,(anonymous_7)
FNDA:0,(anonymous_8)
FNDA:0,(anonymous_9)
FNDA:0,(anonymous_10)
FNDA:0,(anonymous_11)
FNDA:0,(anonymous_12)
FNDA:3,getDatabase
FNDA:7,closeDatabase
DA:9,1
DA:14,5
DA:15,5
DA:16,5
DA:21,5
DA:23,4
DA:24,4
DA:26,4
DA:27,4
DA:28,4
DA:30,4
DA:33,4
DA:34,4
DA:38,5
DA:39,5
DA:40,5
DA:42,0
DA:46,4
DA:48,4
DA:53,4
DA:55,4
DA:56,4
DA:58,4
DA:59,4
DA:60,4
DA:61,4
DA:65,4
DA:66,4
DA:68,4
DA:69,4
DA:70,4
DA:81,4
DA:85,4
DA:86,0
DA:89,4
DA:90,4
DA:91,4
DA:99,4
DA:103,4
DA:106,4
DA:108,4
DA:109,4
DA:110,4
DA:111,4
DA:115,4
DA:116,0
DA:119,4
DA:120,4
DA:121,4
DA:122,4
DA:126,4
DA:129,4
DA:131,4
DA:132,4
DA:133,4
DA:134,4
DA:135,4
DA:136,4
DA:140,4
DA:142,4
DA:143,4
DA:144,4
DA:153,4
DA:157,4
DA:159,4
DA:160,4
DA:161,4
DA:175,4
DA:179,4
DA:182,4
DA:185,4
DA:190,4
DA:192,4
DA:193,4
DA:194,4
DA:203,4
DA:210,4
DA:217,4
DA:225,4
DA:229,4
DA:232,4
DA:233,0
DA:236,4
DA:237,4
DA:238,4
DA:242,4
DA:245,4
DA:248,0
DA:254,3
DA:255,2
DA:257,1
DA:262,7
DA:265,4
DA:266,4
LF:94
LH:89
BRDA:15,0,0,0
BRDA:15,0,1,5
BRDA:21,1,0,1
BRDA:21,1,1,4
BRDA:34,2,0,0
BRDA:34,2,1,4
BRDA:58,3,0,4
BRDA:58,3,1,0
BRDA:68,4,0,4
BRDA:68,4,1,0
BRDA:89,5,0,4
BRDA:89,5,1,0
BRDA:108,6,0,4
BRDA:108,6,1,0
BRDA:119,7,0,4
BRDA:119,7,1,0
BRDA:131,8,0,4
BRDA:131,8,1,0
BRDA:142,9,0,4
BRDA:142,9,1,0
BRDA:159,10,0,4
BRDA:159,10,1,0
BRDA:192,11,0,4
BRDA:192,11,1,0
BRDA:236,12,0,4
BRDA:236,12,1,0
BRDA:254,13,0,2
BRDA:254,13,1,1
BRDA:262,14,0,4
BRDA:262,14,1,3
BRF:30
BRH:18
end_of_record
TN:
SF:src/main/db/schema.ts
FN:25,(anonymous_0)
FN:40,(anonymous_1)
FN:50,(anonymous_2)
FN:74,(anonymous_3)
FN:93,(anonymous_4)
FN:184,(anonymous_5)
FNF:6
FNH:0
FNDA:0,(anonymous_0)
FNDA:0,(anonymous_1)
FNDA:0,(anonymous_2)
FNDA:0,(anonymous_3)
FNDA:0,(anonymous_4)
FNDA:0,(anonymous_5)
DA:5,10
DA:21,10
DA:25,0
DA:36,10
DA:40,0
DA:46,10
DA:50,0
DA:56,10
DA:70,10
DA:74,0
DA:83,10
DA:89,10
DA:93,0
DA:132,10
DA:148,10
DA:161,10
DA:177,10
DA:184,0
LF:18
LH:12
BRF:0
BRH:0
end_of_record
TN:
SF:src/main/db/services/attachmentService.ts
FN:12,(anonymous_0)
FN:36,(anonymous_1)
FN:48,(anonymous_2)
FN:61,(anonymous_3)
FN:83,(anonymous_4)
FN:91,(anonymous_5)
FN:99,(anonymous_6)
FN:107,(anonymous_7)
FNF:8
FNH:8
FNDA:1,(anonymous_0)
FNDA:1,(anonymous_1)
FNDA:1,(anonymous_2)
FNDA:1,(anonymous_3)
FNDA:1,(anonymous_4)
FNDA:1,(anonymous_5)
FNDA:1,(anonymous_6)
FNDA:1,(anonymous_7)
DA:6,1
DA:15,13
DA:17,13
DA:29,13
DA:30,13
DA:37,3
DA:38,3
DA:49,9
DA:50,9
DA:55,9
DA:62,1
DA:63,1
DA:84,2
DA:85,2
DA:92,1
DA:93,1
DA:100,1
DA:101,1
DA:108,2
DA:109,2
DA:110,1
LF:21
LH:21
BRDA:18,0,0,13
BRDA:18,0,1,13
BRDA:23,1,0,13
BRDA:23,1,1,10
BRDA:25,2,0,13
BRDA:25,2,1,11
BRDA:26,3,0,13
BRDA:26,3,1,11
BRDA:55,4,0,9
BRDA:55,4,1,4
BRDA:109,5,0,1
BRDA:109,5,1,1
BRDA:109,6,0,2
BRDA:109,6,1,1
BRF:14
BRH:14
end_of_record
TN:
SF:src/main/db/services/conversationService.ts
FN:10,(anonymous_0)
FN:19,(anonymous_1)
FN:30,(anonymous_2)
FN:49,(anonymous_3)
FN:66,(anonymous_4)
FN:81,(anonymous_5)
FN:87,(anonymous_6)
FN:92,(anonymous_7)
FN:101,(anonymous_8)
FN:111,(anonymous_9)
FNF:10
FNH:10
FNDA:1,(anonymous_0)
FNDA:1,(anonymous_1)
FNDA:1,(anonymous_2)
FNDA:1,(anonymous_3)
FNDA:1,(anonymous_4)
FNDA:1,(anonymous_5)
FNDA:1,(anonymous_6)
FNDA:1,(anonymous_7)
FNDA:1,(anonymous_8)
FNDA:1,(anonymous_9)
DA:6,1
DA:11,2
DA:12,2
DA:20,23
DA:21,23
DA:26,23
DA:31,2
DA:33,2
DA:34,2
DA:36,1
DA:42,1
DA:50,15
DA:52,15
DA:61,15
DA:62,15
DA:67,4
DA:69,4
DA:77,4
DA:82,2
DA:83,2
DA:88,1
DA:97,1
DA:102,0
DA:103,0
DA:107,0
DA:112,5
DA:113,5
DA:117,5
LF:28
LH:25
BRDA:26,0,0,23
BRDA:26,0,1,4
BRDA:34,1,0,1
BRDA:34,1,1,1
BRDA:53,2,0,15
BRDA:53,2,1,15
BRDA:54,3,0,15
BRDA:54,3,1,2
BRDA:55,4,0,15
BRDA:55,4,1,15
BRDA:56,5,0,15
BRDA:56,5,1,15
BRDA:57,6,0,15
BRDA:57,6,1,14
BRDA:58,7,0,15
BRDA:58,7,1,14
BRF:16
BRH:16
end_of_record
TN:
SF:src/main/db/services/mcpService.ts
FN:10,(anonymous_0)
FN:16,(anonymous_1)
FN:25,(anonymous_2)
FN:36,(anonymous_3)
FN:47,(anonymous_4)
FN:60,(anonymous_5)
FN:70,(anonymous_6)
FN:76,(anonymous_7)
FNF:8
FNH:8
FNDA:1,(anonymous_0)
FNDA:1,(anonymous_1)
FNDA:1,(anonymous_2)
FNDA:1,(anonymous_3)
FNDA:1,(anonymous_4)
FNDA:1,(anonymous_5)
FNDA:1,(anonymous_6)
FNDA:1,(anonymous_7)
DA:6,1
DA:11,2
DA:12,2
DA:17,2
DA:18,2
DA:26,26
DA:27,26
DA:32,26
DA:37,2
DA:38,2
DA:43,2
DA:48,16
DA:49,16
DA:51,16
DA:56,16
DA:64,4
DA:65,4
DA:66,4
DA:71,1
DA:72,1
DA:77,3
DA:78,3
DA:80,2
LF:23
LH:23
BRDA:32,0,0,26
BRDA:32,0,1,3
BRDA:43,1,0,2
BRDA:43,1,1,1
BRDA:78,2,0,1
BRDA:78,2,1,2
BRF:6
BRH:6
end_of_record
TN:
SF:src/main/db/services/messageService.ts
FN:10,(anonymous_0)
FN:20,(anonymous_1)
FN:39,(anonymous_2)
FN:49,(anonymous_3)
FN:69,(anonymous_4)
FN:75,(anonymous_5)
FN:93,(anonymous_6)
FN:111,(anonymous_7)
FN:117,(anonymous_8)
FN:123,(anonymous_9)
FN:129,(anonymous_10)
FN:136,(anonymous_11)
FNF:12
FNH:12
FNDA:1,(anonymous_0)
FNDA:1,(anonymous_1)
FNDA:1,(anonymous_2)
FNDA:1,(anonymous_3)
FNDA:1,(anonymous_4)
FNDA:1,(anonymous_5)
FNDA:1,(anonymous_6)
FNDA:1,(anonymous_7)
FNDA:1,(anonymous_8)
FNDA:2,(anonymous_9)
FNDA:1,(anonymous_10)
FNDA:1,(anonymous_11)
DA:6,1
DA:11,6
DA:12,6
DA:21,4
DA:23,4
DA:29,4
DA:31,2
DA:36,2
DA:39,1
DA:41,2
DA:50,12
DA:52,12
DA:64,12
DA:65,12
DA:70,1
DA:71,1
DA:79,5
DA:81,5
DA:88,5
DA:89,5
DA:97,4
DA:99,4
DA:106,4
DA:107,4
DA:112,2
DA:113,2
DA:118,2
DA:120,2
DA:122,2
DA:124,2
DA:129,2
DA:131,2
DA:136,1
DA:140,2
DA:148,2
LF:35
LH:35
BRDA:29,0,0,2
BRDA:29,0,1,2
BRDA:39,1,0,2
BRDA:39,1,1,1
BRDA:53,2,0,12
BRDA:53,2,1,12
BRDA:103,3,0,4
BRDA:103,3,1,4
BRDA:131,4,0,1
BRDA:131,4,1,1
BRF:10
BRH:10
end_of_record
TN:
SF:src/main/db/services/modelService.ts
FN:11,(anonymous_0)
FN:17,(anonymous_1)
FN:23,(anonymous_2)
FN:29,(anonymous_3)
FN:38,(anonymous_4)
FN:49,(anonymous_5)
FN:55,(anonymous_6)
FN:74,(anonymous_7)
FN:77,(anonymous_8)
FN:93,(anonymous_9)
FN:100,(anonymous_10)
FN:106,(anonymous_11)
FN:112,(anonymous_12)
FN:128,(anonymous_13)
FN:132,(anonymous_14)
FNF:15
FNH:15
FNDA:1,(anonymous_0)
FNDA:1,(anonymous_1)
FNDA:1,(anonymous_2)
FNDA:1,(anonymous_3)
FNDA:1,(anonymous_4)
FNDA:1,(anonymous_5)
FNDA:1,(anonymous_6)
FNDA:1,(anonymous_7)
FNDA:3,(anonymous_8)
FNDA:1,(anonymous_9)
FNDA:1,(anonymous_10)
FNDA:1,(anonymous_11)
FNDA:1,(anonymous_12)
FNDA:1,(anonymous_13)
FNDA:2,(anonymous_14)
DA:7,1
DA:12,3
DA:13,3
DA:18,1
DA:19,1
DA:24,4
DA:25,4
DA:30,1
DA:31,1
DA:39,11
DA:40,11
DA:45,11
DA:50,1
DA:51,1
DA:56,23
DA:58,23
DA:69,23
DA:70,23
DA:75,1
DA:77,3
DA:88,1
DA:89,1
DA:94,1
DA:95,1
DA:96,1
DA:101,1
DA:102,1
DA:107,1
DA:108,1
DA:113,3
DA:114,3
DA:116,3
DA:118,2
DA:119,2
DA:124,2
DA:129,1
DA:131,1
DA:132,2
LF:38
LH:38
BRDA:45,0,0,11
BRDA:45,0,1,3
BRDA:64,1,0,23
BRDA:64,1,1,22
BRDA:65,2,0,23
BRDA:65,2,1,21
BRDA:66,3,0,23
BRDA:66,3,1,13
BRDA:83,4,0,3
BRDA:83,4,1,3
BRDA:84,5,0,3
BRDA:84,5,1,3
BRDA:85,6,0,3
BRDA:85,6,1,3
BRDA:116,7,0,1
BRDA:116,7,1,2
BRF:16
BRH:16
end_of_record
TN:
SF:src/main/db/services/promptPresetService.ts
FN:10,(anonymous_0)
FN:19,(anonymous_1)
FN:30,(anonymous_2)
FN:47,(anonymous_3)
FN:62,(anonymous_4)
FNF:5
FNH:5
FNDA:1,(anonymous_0)
FNDA:1,(anonymous_1)
FNDA:1,(anonymous_2)
FNDA:1,(anonymous_3)
FNDA:1,(anonymous_4)
DA:6,1
DA:11,2
DA:12,2
DA:20,9
DA:21,9
DA:26,9
DA:31,12
DA:32,12
DA:34,12
DA:42,12
DA:43,12
DA:48,4
DA:50,4
DA:58,4
DA:63,1
DA:64,1
LF:16
LH:16
BRDA:26,0,0,9
BRDA:26,0,1,2
BRF:2
BRH:2
end_of_record
TN:
SF:src/main/db/services/providerService.ts
FN:15,encrypt
FN:24,decrypt
FN:37,(anonymous_2)
FN:42,(anonymous_3)
FN:49,(anonymous_4)
FN:56,(anonymous_5)
FN:63,(anonymous_6)
FN:80,(anonymous_7)
FN:97,(anonymous_8)
FN:121,(anonymous_9)
FN:140,(anonymous_10)
FN:146,(anonymous_11)
FNF:12
FNH:12
FNDA:18,encrypt
FNDA:14,decrypt
FNDA:1,(anonymous_2)
FNDA:2,(anonymous_3)
FNDA:1,(anonymous_4)
FNDA:1,(anonymous_5)
FNDA:1,(anonymous_6)
FNDA:1,(anonymous_7)
FNDA:1,(anonymous_8)
FNDA:1,(anonymous_9)
FNDA:1,(anonymous_10)
FNDA:1,(anonymous_11)
DA:7,1
DA:11,1
DA:13,1
DA:16,18
DA:17,18
DA:18,18
DA:19,18
DA:20,18
DA:21,18
DA:25,14
DA:26,14
DA:27,14
DA:28,14
DA:29,14
DA:30,14
DA:31,14
DA:32,14
DA:38,2
DA:39,2
DA:42,2
DA:50,2
DA:51,2
DA:56,2
DA:64,14
DA:65,14
DA:71,14
DA:73,10
DA:81,2
DA:82,2
DA:88,2
DA:90,1
DA:98,17
DA:100,17
DA:111,17
DA:113,17
DA:125,2
DA:127,2
DA:130,2
DA:131,1
DA:134,2
DA:136,2
DA:141,2
DA:142,2
DA:147,3
DA:148,3
DA:150,3
DA:152,2
DA:157,2
LF:48
LH:48
BRDA:11,0,0,1
BRDA:11,0,1,1
BRDA:71,1,0,4
BRDA:71,1,1,10
BRDA:88,2,0,1
BRDA:88,2,1,1
BRDA:105,3,0,17
BRDA:105,3,1,16
BRDA:106,4,0,17
BRDA:106,4,1,17
BRDA:107,5,0,17
BRDA:107,5,1,12
BRDA:116,6,0,17
BRDA:116,6,1,17
BRDA:130,7,0,1
BRDA:130,7,1,1
BRDA:150,8,0,1
BRDA:150,8,1,2
BRF:18
BRH:18
end_of_record
TN:
SF:src/main/db/services/searchService.ts
FN:18,(anonymous_0)
FN:33,(anonymous_1)
FN:43,(anonymous_2)
FN:91,(anonymous_3)
FN:113,(anonymous_4)
FN:119,(anonymous_5)
FN:120,(anonymous_6)
FN:127,(anonymous_7)
FN:176,(anonymous_8)
FNF:9
FNH:9
FNDA:1,(anonymous_0)
FNDA:2,(anonymous_1)
FNDA:2,(anonymous_2)
FNDA:1,(anonymous_3)
FNDA:1,(anonymous_4)
FNDA:19,(anonymous_5)
FNDA:18,(anonymous_6)
FNDA:1,(anonymous_7)
FNDA:1,(anonymous_8)
DA:12,1
DA:19,17
DA:20,17
DA:21,17
DA:23,17
DA:24,1
DA:27,16
DA:28,17
DA:31,17
DA:32,17
DA:33,2
DA:34,2
DA:38,16
DA:39,16
DA:43,2
DA:44,2
DA:48,16
DA:65,16
DA:66,16
DA:69,16
DA:72,16
DA:80,16
DA:92,17
DA:93,17
DA:94,17
DA:97,17
DA:100,17
DA:101,1
DA:102,1
DA:106,0
DA:115,17
DA:119,19
DA:120,18
DA:130,16
DA:131,16
DA:133,16
DA:135,16
DA:142,16
DA:145,16
DA:146,0
DA:151,0
DA:152,0
DA:153,0
DA:157,16
DA:170,16
DA:177,2
DA:180,2
DA:183,2
DA:189,2
DA:195,2
DA:203,2
DA:212,2
LF:52
LH:47
BRDA:23,0,0,1
BRDA:23,0,1,16
BRDA:27,1,0,16
BRDA:27,1,1,12
BRDA:28,2,0,17
BRDA:28,2,1,14
BRDA:32,3,0,2
BRDA:32,3,1,15
BRDA:32,4,0,17
BRDA:32,4,1,2
BRDA:39,5,0,2
BRDA:39,5,1,14
BRDA:40,6,0,16
BRDA:40,6,1,2
BRDA:82,7,0,16
BRDA:82,7,1,0
BRDA:100,8,0,1
BRDA:100,8,1,16
BRDA:100,9,0,17
BRDA:100,9,1,17
BRDA:101,10,0,1
BRDA:101,10,1,0
BRDA:101,11,0,1
BRDA:101,11,1,1
BRDA:145,12,0,0
BRDA:145,12,1,16
BRDA:151,13,0,0
BRDA:151,13,1,0
BRDA:160,14,0,16
BRDA:160,14,1,16
BRDA:162,15,0,16
BRDA:162,15,1,16
BRDA:163,16,0,16
BRDA:163,16,1,16
BRF:34
BRH:29
end_of_record
TN:
SF:src/main/db/services/settingsService.ts
FN:9,(anonymous_0)
FN:15,(anonymous_1)
FN:23,(anonymous_2)
FN:37,(anonymous_3)
FN:55,(anonymous_4)
FN:61,(anonymous_5)
FN:63,(anonymous_6)
FN:75,(anonymous_7)
FNF:8
FNH:6
FNDA:1,(anonymous_0)
FNDA:0,(anonymous_1)
FNDA:1,(anonymous_2)
FNDA:1,(anonymous_3)
FNDA:1,(anonymous_4)
FNDA:1,(anonymous_5)
FNDA:0,(anonymous_6)
FNDA:1,(anonymous_7)
DA:5,1
DA:10,0
DA:11,0
DA:14,0
DA:15,0
DA:16,0
DA:19,0
DA:24,8
DA:25,8
DA:31,8
DA:33,7
DA:38,4
DA:40,4
DA:46,4
DA:51,4
DA:56,0
DA:57,0
DA:62,0
DA:63,0
DA:69,0
DA:70,0
DA:76,0
DA:77,0
LF:23
LH:9
BRDA:31,0,0,1
BRDA:31,0,1,7
BRF:2
BRH:2
end_of_record
TN:
SF:src/main/db/utils/idGenerator.ts
FN:5,generateId
FNF:1
FNH:1
FNDA:26,generateId
DA:6,26
DA:7,26
DA:8,26
LF:3
LH:3
BRF:0
BRH:0
end_of_record
TN:
SF:src/main/services/fileSystemService.ts
FN:13,(anonymous_0)
FN:28,(anonymous_1)
FN:37,(anonymous_2)
FN:52,(anonymous_3)
FN:67,(anonymous_4)
FN:85,(anonymous_5)
FN:131,(anonymous_6)
FN:156,(anonymous_7)
FN:168,(anonymous_8)
FN:177,(anonymous_9)
FN:186,(anonymous_10)
FN:196,(anonymous_11)
FN:218,(anonymous_12)
FN:222,(anonymous_13)
FNF:14
FNH:12
FNDA:3,(anonymous_0)
FNDA:2,(anonymous_1)
FNDA:3,(anonymous_2)
FNDA:1,(anonymous_3)
FNDA:2,(anonymous_4)
FNDA:3,(anonymous_5)
FNDA:4,(anonymous_6)
FNDA:1,(anonymous_7)
FNDA:2,(anonymous_8)
FNDA:1,(anonymous_9)
FNDA:0,(anonymous_10)
FNDA:0,(anonymous_11)
FNDA:2,(anonymous_12)
FNDA:1,(anonymous_13)
DA:8,1
DA:11,19
DA:14,3
DA:16,3
DA:17,2
DA:18,1
DA:21,1
DA:22,1
DA:24,2
DA:29,2
DA:30,2
DA:31,1
DA:33,1
DA:38,3
DA:39,3
DA:40,3
DA:46,3
DA:48,0
DA:57,1
DA:58,1
DA:59,1
DA:60,1
DA:61,1
DA:63,1
DA:64,1
DA:65,1
DA:66,1
DA:67,1
DA:68,2
DA:69,2
DA:70,2
DA:71,2
DA:79,1
DA:81,0
DA:91,3
DA:92,3
DA:93,0
DA:96,3
DA:97,3
DA:98,0
DA:101,3
DA:102,3
DA:103,1
DA:106,2
DA:107,2
DA:109,2
DA:110,1
DA:111,1
DA:112,1
DA:114,1
DA:115,1
DA:116,1
DA:117,1
DA:124,2
DA:125,2
DA:127,1
DA:132,4
DA:133,4
DA:134,4
DA:136,4
DA:138,8
DA:139,2
DA:142,6
DA:143,6
DA:145,6
DA:146,5
DA:156,4
DA:158,1
DA:159,1
DA:161,0
DA:164,0
DA:169,2
DA:170,2
DA:171,1
DA:173,1
DA:178,1
DA:179,1
DA:180,1
DA:182,0
DA:187,0
DA:189,0
DA:196,0
DA:197,0
DA:200,0
DA:206,0
DA:211,0
DA:219,2
DA:223,1
DA:224,1
LF:89
LH:75
BRDA:17,0,0,1
BRDA:17,0,1,1
BRDA:39,1,0,3
BRDA:39,1,1,0
BRDA:39,1,2,0
BRDA:58,2,0,1
BRDA:58,2,1,0
BRDA:59,3,0,0
BRDA:59,3,1,1
BRDA:61,4,0,1
BRDA:61,4,1,1
BRDA:64,5,0,0
BRDA:64,5,1,1
BRDA:68,6,0,0
BRDA:68,6,1,2
BRDA:70,7,0,2
BRDA:70,7,1,0
BRDA:89,8,0,3
BRDA:92,9,0,0
BRDA:92,9,1,3
BRDA:97,10,0,0
BRDA:97,10,1,3
BRDA:102,11,0,1
BRDA:102,11,1,2
BRDA:109,12,0,1
BRDA:109,12,1,1
BRDA:115,13,0,1
BRDA:115,13,1,0
BRDA:138,14,0,2
BRDA:138,14,1,6
BRDA:138,15,0,8
BRDA:138,15,1,7
BRDA:145,16,0,5
BRDA:145,16,1,1
BRDA:145,17,0,6
BRDA:145,17,1,2
BRDA:158,18,0,1
BRDA:158,18,1,0
BRDA:159,19,0,1
BRDA:159,19,1,0
BRDA:196,20,0,0
BRDA:196,20,1,0
BRDA:201,21,0,0
BRDA:201,21,1,0
BRDA:201,21,2,0
BRDA:208,22,0,0
BRDA:208,22,1,0
BRDA:213,23,0,0
BRDA:213,23,1,0
BRF:49
BRH:28
end_of_record
TN:
SF:src/main/services/gitService.ts
FN:8,(anonymous_0)
FN:12,(anonymous_1)
FN:33,(anonymous_2)
FN:37,(anonymous_3)
FN:41,(anonymous_4)
FN:52,(anonymous_5)
FN:58,(anonymous_6)
FN:66,(anonymous_7)
FN:76,(anonymous_8)
FN:86,(anonymous_9)
FNF:10
FNH:10
FNDA:6,(anonymous_0)
FNDA:7,(anonymous_1)
FNDA:3,(anonymous_2)
FNDA:1,(anonymous_3)
FNDA:1,(anonymous_4)
FNDA:1,(anonymous_5)
FNDA:1,(anonymous_6)
FNDA:1,(anonymous_7)
FNDA:1,(anonymous_8)
FNDA:1,(anonymous_9)
DA:5,1
DA:9,6
DA:13,7
DA:14,7
DA:19,7
DA:20,7
DA:21,7
DA:26,0
DA:34,3
DA:38,1
DA:46,1
DA:47,1
DA:48,1
DA:49,1
DA:53,1
DA:54,1
DA:55,1
DA:63,1
DA:65,1
DA:66,1
DA:67,1
DA:68,1
DA:69,0
DA:73,1
DA:81,1
DA:82,1
DA:83,1
DA:91,1
DA:94,1
LF:29
LH:27
BRDA:9,0,0,6
BRDA:9,0,1,0
BRDA:19,1,0,7
BRDA:19,1,1,0
BRDA:20,2,0,7
BRDA:20,2,1,0
BRDA:23,3,0,7
BRDA:23,3,1,7
BRDA:28,4,0,0
BRDA:28,4,1,0
BRDA:47,5,0,1
BRDA:47,5,1,0
BRDA:48,6,0,1
BRDA:48,6,1,0
BRDA:54,7,0,1
BRDA:54,7,1,0
BRDA:65,8,0,1
BRDA:65,8,1,0
BRDA:65,9,0,1
BRDA:65,9,1,1
BRDA:68,10,0,0
BRDA:68,10,1,1
BRDA:78,11,0,1
BRDA:82,12,0,1
BRDA:82,12,1,0
BRDA:91,13,0,1
BRDA:91,13,1,0
BRF:27
BRH:15
end_of_record
TN:
SF:src/main/services/webService.ts
FN:10,(anonymous_0)
FN:25,(anonymous_1)
FN:46,(anonymous_2)
FN:47,(anonymous_3)
FN:51,(anonymous_4)
FN:62,(anonymous_5)
FN:91,(anonymous_6)
FN:100,(anonymous_7)
FNF:8
FNH:5
FNDA:2,(anonymous_0)
FNDA:1,(anonymous_1)
FNDA:0,(anonymous_2)
FNDA:0,(anonymous_3)
FNDA:0,(anonymous_4)
FNDA:1,(anonymous_5)
FNDA:1,(anonymous_6)
FNDA:3,(anonymous_7)
DA:11,2
DA:12,2
DA:13,1
DA:16,1
DA:18,1
DA:22,2
DA:31,1
DA:32,1
DA:34,1
DA:35,0
DA:36,0
DA:37,0
DA:38,0
DA:41,1
DA:42,1
DA:43,1
DA:45,1
DA:46,0
DA:47,0
DA:48,0
DA:49,0
DA:50,0
DA:51,0
DA:54,0
DA:59,1
DA:63,1
DA:65,1
DA:68,1
DA:69,1
DA:71,1
DA:74,1
DA:76,1
DA:77,1
DA:79,1
DA:82,1
DA:83,1
DA:85,1
DA:88,1
DA:92,1
DA:101,3
LF:40
LH:29
BRDA:10,0,0,2
BRDA:12,1,0,1
BRDA:12,1,1,1
BRDA:18,2,0,1
BRDA:18,2,1,0
BRDA:27,3,0,1
BRDA:34,4,0,0
BRDA:34,4,1,1
BRDA:35,5,0,0
BRDA:35,5,1,0
BRDA:35,6,0,0
BRDA:35,6,1,0
BRDA:36,7,0,0
BRDA:36,7,1,0
BRDA:42,8,0,1
BRDA:42,8,1,0
BRDA:45,9,0,0
BRDA:45,9,1,1
BRDA:45,10,0,1
BRDA:45,10,1,0
BRDA:51,11,0,0
BRDA:51,11,1,0
BRDA:68,12,0,1
BRDA:68,12,1,1
BRDA:74,13,0,0
BRDA:74,13,1,1
BRDA:82,14,0,1
BRDA:82,14,1,0
BRDA:82,15,0,1
BRDA:82,15,1,0
BRDA:83,16,0,1
BRDA:83,16,1,0
BRF:32
BRH:15
end_of_record
TN:
SF:src/renderer/src/components/chat/ChatInput.tsx
FN:21,ChatInput
FN:43,(anonymous_1)
FN:48,(anonymous_2)
FN:54,(anonymous_3)
FN:55,(anonymous_4)
FN:57,(anonymous_5)
FN:59,(anonymous_6)
FN:82,(anonymous_7)
FN:84,(anonymous_8)
FN:90,(anonymous_9)
FN:91,(anonymous_10)
FN:91,(anonymous_11)
FN:95,(anonymous_12)
FN:96,(anonymous_13)
FN:97,(anonymous_14)
FN:103,(anonymous_15)
FN:121,(anonymous_16)
FN:191,(anonymous_17)
FN:248,(anonymous_18)
FN:261,(anonymous_19)
FN:265,(anonymous_20)
FN:266,(anonymous_21)
FN:283,(anonymous_22)
FN:292,(anonymous_23)
FN:323,(anonymous_24)
FN:374,(anonymous_25)
FNF:26
FNH:6
FNDA:185,ChatInput
FNDA:0,(anonymous_1)
FNDA:20,(anonymous_2)
FNDA:0,(anonymous_3)
FNDA:0,(anonymous_4)
FNDA:0,(anonymous_5)
FNDA:0,(anonymous_6)
FNDA:0,(anonymous_7)
FNDA:0,(anonymous_8)
FNDA:0,(anonymous_9)
FNDA:0,(anonymous_10)
FNDA:0,(anonymous_11)
FNDA:0,(anonymous_12)
FNDA:0,(anonymous_13)
FNDA:0,(anonymous_14)
FNDA:6,(anonymous_15)
FNDA:0,(anonymous_16)
FNDA:10,(anonymous_17)
FNDA:162,(anonymous_18)
FNDA:0,(anonymous_19)
FNDA:0,(anonymous_20)
FNDA:0,(anonymous_21)
FNDA:159,(anonymous_22)
FNDA:0,(anonymous_23)
FNDA:0,(anonymous_24)
FNDA:0,(anonymous_25)
DA:22,185
DA:23,185
DA:26,185
DA:27,185
DA:28,185
DA:36,185
DA:38,185
DA:39,185
DA:42,185
DA:43,0
DA:45,185
DA:48,185
DA:49,20
DA:53,185
DA:55,0
DA:56,0
DA:57,0
DA:58,0
DA:59,0
DA:60,0
DA:72,0
DA:74,0
DA:81,185
DA:83,0
DA:84,0
DA:90,185
DA:91,0
DA:95,185
DA:96,0
DA:97,0
DA:102,185
DA:104,6
DA:105,6
DA:109,6
DA:110,0
DA:111,0
DA:112,0
DA:114,0
DA:115,0
DA:116,0
DA:117,0
DA:119,0
DA:121,0
DA:123,0
DA:126,0
DA:128,0
DA:131,6
DA:132,0
DA:133,0
DA:134,0
DA:136,0
DA:137,0
DA:138,0
DA:139,0
DA:144,0
DA:146,0
DA:148,0
DA:151,6
DA:152,0
DA:153,0
DA:154,0
DA:156,0
DA:157,0
DA:158,0
DA:159,0
DA:160,0
DA:162,0
DA:164,0
DA:167,6
DA:168,0
DA:169,0
DA:170,0
DA:172,0
DA:173,0
DA:174,0
DA:175,0
DA:179,0
DA:181,0
DA:183,0
DA:186,6
DA:191,185
DA:192,10
DA:194,9
DA:195,9
DA:197,9
DA:198,2
DA:199,2
DA:202,7
DA:203,1
DA:204,1
DA:208,6
DA:209,6
DA:210,1
DA:213,6
DA:214,6
DA:215,6
DA:216,6
DA:219,6
DA:221,6
DA:223,6
DA:233,10
DA:241,0
DA:242,0
DA:248,185
DA:249,162
DA:250,2
DA:251,2
DA:255,185
DA:262,0
DA:265,0
DA:266,0
DA:283,159
DA:292,0
DA:323,0
DA:374,0
LF:115
LH:51
BRDA:43,0,0,0
BRDA:43,0,1,0
BRDA:45,1,0,185
BRDA:45,1,1,185
BRDA:97,2,0,0
BRDA:97,2,1,0
BRDA:109,3,0,0
BRDA:109,3,1,6
BRDA:110,4,0,0
BRDA:110,4,1,0
BRDA:116,5,0,0
BRDA:116,5,1,0
BRDA:131,6,0,0
BRDA:131,6,1,6
BRDA:132,7,0,0
BRDA:132,7,1,0
BRDA:137,8,0,0
BRDA:137,8,1,0
BRDA:142,9,0,0
BRDA:142,9,1,0
BRDA:151,10,0,0
BRDA:151,10,1,6
BRDA:152,11,0,0
BRDA:152,11,1,0
BRDA:157,12,0,0
BRDA:157,12,1,0
BRDA:167,13,0,0
BRDA:167,13,1,6
BRDA:168,14,0,0
BRDA:168,14,1,0
BRDA:173,15,0,0
BRDA:173,15,1,0
BRDA:177,16,0,0
BRDA:177,16,1,0
BRDA:192,17,0,1
BRDA:192,17,1,9
BRDA:192,18,0,10
BRDA:192,18,1,1
BRDA:192,18,2,9
BRDA:197,19,0,2
BRDA:197,19,1,7
BRDA:197,20,0,9
BRDA:197,20,1,8
BRDA:202,21,0,1
BRDA:202,21,1,6
BRDA:209,22,0,1
BRDA:209,22,1,5
BRDA:219,23,0,0
BRDA:219,23,1,6
BRDA:226,24,0,6
BRDA:226,24,1,6
BRDA:227,25,0,10
BRDA:227,25,1,6
BRDA:243,26,0,0
BRDA:243,26,1,0
BRDA:249,27,0,2
BRDA:249,27,1,160
BRDA:249,28,0,162
BRDA:249,28,1,3
BRDA:259,29,0,185
BRDA:259,29,1,0
BRDA:325,30,0,0
BRDA:325,30,1,185
BRDA:337,31,0,185
BRDA:337,31,1,185
BRDA:342,32,0,1
BRDA:342,32,1,184
BRDA:355,33,0,184
BRDA:355,33,1,30
BRDA:370,34,0,185
BRDA:370,34,1,0
BRF:71
BRH:37
end_of_record
TN:
SF:src/renderer/src/components/chat/ContextIndicator.tsx
FN:6,formatTokenShort
FN:12,ContextIndicator
FNF:2
FNH:2
FNDA:20,formatTokenShort
FNDA:198,ContextIndicator
DA:7,20
DA:8,17
DA:9,1
DA:16,198
DA:18,10
DA:19,10
DA:20,10
DA:23,10
DA:24,10
DA:26,10
DA:27,3
DA:42,7
LF:12
LH:12
BRDA:7,0,0,3
BRDA:7,0,1,17
BRDA:8,1,0,16
BRDA:8,1,1,1
BRDA:16,2,0,188
BRDA:16,2,1,10
BRDA:16,3,0,198
BRDA:16,3,1,11
BRDA:26,4,0,3
BRDA:26,4,1,7
BRDA:45,5,0,2
BRDA:45,5,1,5
BRF:12
BRH:12
end_of_record
TN:
SF:src/renderer/src/components/chat/FullscreenEditor.tsx
FN:13,FullscreenEditor
FN:20,(anonymous_1)
FN:50,(anonymous_2)
FN:62,(anonymous_3)
FNF:4
FNH:0
FNDA:0,FullscreenEditor
FNDA:0,(anonymous_1)
FNDA:0,(anonymous_2)
FNDA:0,(anonymous_3)
DA:20,0
DA:21,0
DA:22,0
DA:24,0
DA:25,0
DA:26,0
DA:27,0
DA:31,0
DA:50,0
DA:63,0
DA:64,0
LF:11
LH:0
BRDA:21,0,0,0
BRDA:21,0,1,0
BRDA:24,1,0,0
BRDA:24,1,1,0
BRDA:24,2,0,0
BRDA:24,2,1,0
BRDA:24,2,2,0
BRDA:66,3,0,0
BRDA:66,3,1,0
BRF:9
BRH:0
end_of_record
TN:
SF:src/renderer/src/components/chat/ImageDropZone.tsx
FN:15,ImageDropZone
FN:22,(anonymous_1)
FN:41,(anonymous_2)
FN:50,(anonymous_3)
FN:56,(anonymous_4)
FN:63,(anonymous_5)
FN:74,(anonymous_6)
FN:78,(anonymous_7)
FN:83,(anonymous_8)
FN:84,(anonymous_9)
FNF:10
FNH:1
FNDA:185,ImageDropZone
FNDA:0,(anonymous_1)
FNDA:0,(anonymous_2)
FNDA:0,(anonymous_3)
FNDA:0,(anonymous_4)
FNDA:0,(anonymous_5)
FNDA:0,(anonymous_6)
FNDA:0,(anonymous_7)
FNDA:0,(anonymous_8)
FNDA:0,(anonymous_9)
DA:20,185
DA:22,185
DA:23,0
DA:25,0
DA:26,0
DA:27,0
DA:28,0
DA:30,0
DA:31,0
DA:32,0
DA:34,0
DA:37,0
DA:40,185
DA:42,0
DA:43,0
DA:44,0
DA:50,185
DA:51,0
DA:52,0
DA:55,185
DA:57,0
DA:58,0
DA:60,0
DA:62,0
DA:63,0
DA:64,0
DA:66,0
DA:67,0
DA:73,185
DA:75,0
DA:77,0
DA:78,0
DA:80,0
DA:82,0
DA:83,0
DA:84,0
DA:86,0
DA:88,0
DA:89,0
DA:95,185
LF:40
LH:7
BRDA:26,0,0,0
BRDA:26,0,1,0
BRDA:30,1,0,0
BRDA:30,1,1,0
BRDA:43,2,0,0
BRDA:43,2,1,0
BRDA:60,3,0,0
BRDA:60,3,1,0
BRDA:66,4,0,0
BRDA:66,4,1,0
BRDA:75,5,0,0
BRDA:75,5,1,0
BRDA:80,6,0,0
BRDA:80,6,1,0
BRDA:88,7,0,0
BRDA:88,7,1,0
BRDA:104,8,0,185
BRDA:104,8,1,0
BRF:18
BRH:1
end_of_record
TN:
SF:src/renderer/src/components/chat/ImagePreview.tsx
FN:11,ImagePreview
FN:36,(anonymous_1)
FNF:2
FNH:0
FNDA:0,ImagePreview
FNDA:0,(anonymous_1)
DA:16,0
DA:36,0
LF:2
LH:0
BRF:0
BRH:0
end_of_record
TN:
SF:src/renderer/src/components/chat/ImageUploadButton.tsx
FN:14,ImageUploadButton
FN:20,(anonymous_1)
FN:24,(anonymous_2)
FNF:3
FNH:2
FNDA:192,ImageUploadButton
FNDA:0,(anonymous_1)
FNDA:7,(anonymous_2)
DA:18,192
DA:20,192
DA:21,0
DA:24,192
DA:25,7
DA:26,7
DA:28,7
DA:29,12
DA:30,4
DA:31,4
DA:33,8
DA:34,2
DA:35,2
DA:37,6
DA:40,7
DA:41,3
DA:45,7
DA:46,7
DA:50,192
LF:19
LH:18
BRDA:25,0,0,7
BRDA:25,0,1,0
BRDA:29,1,0,4
BRDA:29,1,1,8
BRDA:33,2,0,2
BRDA:33,2,1,6
BRDA:40,3,0,3
BRDA:40,3,1,4
BRDA:45,4,0,7
BRDA:45,4,1,0
BRF:10
BRH:8
end_of_record
TN:
SF:src/renderer/src/components/chat/MessageImage.tsx
FN:9,MessageImage
FN:14,(anonymous_1)
FN:15,(anonymous_2)
FN:51,(anonymous_3)
FN:64,(anonymous_4)
FNF:5
FNH:5
FNDA:20,MessageImage
FNDA:6,(anonymous_1)
FNDA:6,(anonymous_2)
FNDA:1,(anonymous_3)
FNDA:1,(anonymous_4)
DA:10,20
DA:11,20
DA:12,20
DA:14,20
DA:15,6
DA:16,6
DA:17,6
DA:18,6
DA:19,5
DA:20,4
DA:23,1
DA:25,6
DA:29,6
DA:32,20
DA:33,6
DA:40,14
DA:41,8
DA:44,6
DA:51,1
DA:64,1
LF:20
LH:20
BRDA:19,0,0,4
BRDA:19,0,1,1
BRDA:32,1,0,6
BRDA:32,1,1,14
BRDA:40,2,0,8
BRDA:40,2,1,6
BRDA:53,3,0,6
BRDA:53,3,1,5
BRDA:61,4,0,20
BRDA:61,4,1,1
BRF:10
BRH:10
end_of_record
TN:
SF:src/renderer/src/components/chat/MessageItem.tsx
FN:10,formatTime
FN:23,MessageItem2
FN:26,(anonymous_2)
FN:28,(anonymous_3)
FN:29,(anonymous_4)
FN:60,(anonymous_5)
FNF:6
FNH:5
FNDA:2,formatTime
FNDA:3,MessageItem2
FNDA:3,(anonymous_2)
FNDA:3,(anonymous_3)
FNDA:5,(anonymous_4)
FNDA:0,(anonymous_5)
DA:11,2
DA:12,2
DA:23,1
DA:24,3
DA:27,3
DA:28,3
DA:29,5
DA:34,3
DA:36,2
DA:37,2
DA:38,3
DA:40,3
DA:61,0
DA:90,3
DA:91,1
DA:103,1
LF:16
LH:15
BRDA:11,0,0,0
BRDA:11,0,1,2
BRDA:34,1,0,1
BRDA:34,1,1,2
BRDA:37,2,0,2
BRDA:37,2,1,2
BRDA:42,3,0,3
BRDA:42,3,1,1
BRDA:42,3,2,0
BRDA:50,4,0,3
BRDA:50,4,1,1
BRDA:50,4,2,0
BRDA:50,4,3,0
BRDA:58,5,0,3
BRDA:58,5,1,0
BRDA:67,6,0,3
BRDA:67,6,1,2
BRDA:69,7,0,1
BRDA:69,7,1,1
BRDA:80,8,0,3
BRDA:80,8,1,1
BRDA:90,9,0,1
BRDA:90,9,1,2
BRDA:119,10,0,1
BRDA:119,10,1,0
BRF:25
BRH:19
end_of_record
TN:
SF:src/renderer/src/components/chat/MessageList.tsx
FN:18,MessageList
FN:20,(anonymous_1)
FN:23,(anonymous_2)
FN:26,(anonymous_3)
FN:27,(anonymous_4)
FN:28,(anonymous_5)
FN:35,(anonymous_6)
FN:36,(anonymous_7)
FN:39,(anonymous_8)
FN:53,(anonymous_9)
FN:61,(anonymous_10)
FN:69,(anonymous_11)
FN:130,(anonymous_12)
FN:152,StatusIndicator
FN:161,(anonymous_14)
FN:162,(anonymous_15)
FN:163,(anonymous_16)
FNF:17
FNH:13
FNDA:4,MessageList
FNDA:4,(anonymous_1)
FNDA:4,(anonymous_2)
FNDA:4,(anonymous_3)
FNDA:4,(anonymous_4)
FNDA:4,(anonymous_5)
FNDA:4,(anonymous_6)
FNDA:0,(anonymous_7)
FNDA:0,(anonymous_8)
FNDA:4,(anonymous_9)
FNDA:0,(anonymous_10)
FNDA:0,(anonymous_11)
FNDA:5,(anonymous_12)
FNDA:2,StatusIndicator
FNDA:2,(anonymous_14)
FNDA:2,(anonymous_15)
FNDA:5,(anonymous_16)
DA:16,1
DA:19,4
DA:20,4
DA:22,4
DA:23,4
DA:25,4
DA:26,4
DA:27,4
DA:28,4
DA:30,4
DA:31,4
DA:35,4
DA:36,4
DA:37,0
DA:38,0
DA:40,0
DA:53,4
DA:54,4
DA:55,4
DA:60,4
DA:62,0
DA:63,0
DA:65,0
DA:66,0
DA:68,0
DA:69,0
DA:70,0
DA:77,4
DA:81,0
DA:92,4
DA:93,1
DA:104,3
DA:105,1
DA:116,2
DA:118,2
DA:131,5
DA:132,5
DA:159,2
DA:162,2
DA:163,5
DA:169,2
DA:170,2
DA:172,0
DA:173,0
DA:175,0
DA:176,0
DA:184,0
DA:185,0
DA:193,0
LF:49
LH:31
BRDA:37,0,0,0
BRDA:37,0,1,0
BRDA:63,1,0,0
BRDA:63,1,1,0
BRDA:68,2,0,0
BRDA:68,2,1,0
BRDA:77,3,0,0
BRDA:77,3,1,4
BRDA:78,4,0,4
BRDA:78,4,1,1
BRDA:92,5,0,1
BRDA:92,5,1,3
BRDA:104,6,0,1
BRDA:104,6,1,2
BRDA:125,7,0,2
BRDA:125,7,1,0
BRDA:135,8,0,5
BRDA:135,8,1,2
BRDA:136,9,0,5
BRDA:136,9,1,2
BRDA:169,10,0,2
BRDA:169,10,1,0
BRDA:169,11,0,2
BRDA:169,11,1,0
BRDA:169,11,2,0
BRDA:175,12,0,0
BRDA:175,12,1,0
BRDA:184,13,0,0
BRDA:184,13,1,0
BRF:29
BRH:14
end_of_record
TN:
SF:src/renderer/src/components/chat/MessageStats.tsx
FN:9,formatTokenCount
FN:16,formatDuration
FN:24,MessageStats2
FNF:3
FNH:3
FNDA:9,formatTokenCount
FNDA:8,formatDuration
FNDA:18,MessageStats2
DA:10,9
DA:11,5
DA:13,4
DA:17,8
DA:18,7
DA:19,3
DA:20,3
DA:21,3
DA:24,2
DA:29,18
DA:31,15
LF:11
LH:11
BRDA:10,0,0,5
BRDA:10,0,1,4
BRDA:17,1,0,1
BRDA:17,1,1,7
BRDA:18,2,0,4
BRDA:18,2,1,3
BRDA:29,3,0,3
BRDA:29,3,1,15
BRDA:29,4,0,18
BRDA:29,4,1,12
BRDA:29,4,2,10
BRDA:33,5,0,15
BRDA:33,5,1,6
BRDA:38,6,0,18
BRDA:38,6,1,3
BRDA:43,7,0,18
BRDA:43,7,1,8
BRF:17
BRH:17
end_of_record
TN:
SF:src/renderer/src/components/chat/ModelSelector.tsx
FN:15,ModelSelector
FN:31,(anonymous_1)
FN:35,(anonymous_2)
FN:41,(anonymous_3)
FN:42,(anonymous_4)
FN:54,(anonymous_5)
FN:106,(anonymous_6)
FN:112,(anonymous_7)
FN:115,(anonymous_8)
FNF:9
FNH:7
FNDA:185,ModelSelector
FNDA:20,(anonymous_1)
FNDA:0,(anonymous_2)
FNDA:185,(anonymous_3)
FNDA:185,(anonymous_4)
FNDA:185,(anonymous_5)
FNDA:185,(anonymous_6)
FNDA:185,(anonymous_7)
FNDA:0,(anonymous_8)
DA:24,185
DA:26,185
DA:27,185
DA:28,185
DA:31,185
DA:32,20
DA:35,185
DA:36,0
DA:40,185
DA:42,185
DA:43,185
DA:45,185
DA:46,185
DA:48,185
DA:49,185
DA:54,185
DA:55,185
DA:58,172
DA:66,172
DA:70,185
DA:71,0
DA:81,185
DA:82,0
DA:91,185
DA:107,185
DA:113,185
DA:115,0
LF:27
LH:23
BRDA:43,0,0,0
BRDA:43,0,1,185
BRDA:45,1,0,185
BRDA:45,1,1,0
BRDA:55,2,0,13
BRDA:55,2,1,172
BRDA:70,3,0,0
BRDA:70,3,1,185
BRDA:81,4,0,0
BRDA:81,4,1,185
BRDA:96,5,0,185
BRDA:96,5,1,172
BRDA:108,6,0,185
BRDA:108,6,1,0
BRDA:120,7,0,172
BRDA:120,7,1,13
BRDA:125,8,0,185
BRDA:125,8,1,172
BRDA:133,9,0,185
BRDA:133,9,1,0
BRF:20
BRH:14
end_of_record
TN:
SF:src/renderer/src/components/chat/ThinkingBlock.tsx
FN:10,ThinkingBlock2
FN:43,(anonymous_1)
FN:56,(anonymous_2)
FNF:3
FNH:3
FNDA:7,ThinkingBlock2
FNDA:1,(anonymous_1)
FNDA:1,(anonymous_2)
DA:10,2
DA:14,7
DA:16,7
DA:18,6
DA:43,1
DA:56,1
LF:6
LH:6
BRDA:12,0,0,7
BRDA:16,1,0,1
BRDA:16,1,1,6
BRDA:23,2,0,1
BRDA:23,2,1,5
BRDA:28,3,0,1
BRDA:28,3,1,5
BRDA:41,4,0,7
BRDA:41,4,1,5
BRDA:41,4,2,2
BRDA:54,5,0,7
BRDA:54,5,1,1
BRF:12
BRH:12
end_of_record
TN:
SF:src/renderer/src/components/chat/ToolCallCard.tsx
FN:28,parsePermissionRequest
FN:63,ToolCallCard
FN:65,(anonymous_2)
FN:66,(anonymous_3)
FN:68,(anonymous_4)
FN:90,(anonymous_5)
FN:97,(anonymous_6)
FN:99,(anonymous_7)
FN:101,(anonymous_8)
FN:133,(anonymous_9)
FN:134,(anonymous_10)
FN:147,(anonymous_11)
FN:159,(anonymous_12)
FN:171,(anonymous_13)
FN:200,(anonymous_14)
FN:220,(anonymous_15)
FN:226,(anonymous_16)
FN:240,(anonymous_17)
FN:258,(anonymous_18)
FN:261,(anonymous_19)
FN:304,(anonymous_20)
FN:321,(anonymous_21)
FN:337,(anonymous_22)
FNF:23
FNH:8
FNDA:14,parsePermissionRequest
FNDA:14,ToolCallCard
FNDA:14,(anonymous_2)
FNDA:14,(anonymous_3)
FNDA:14,(anonymous_4)
FNDA:14,(anonymous_5)
FNDA:14,(anonymous_6)
FNDA:0,(anonymous_7)
FNDA:0,(anonymous_8)
FNDA:0,(anonymous_9)
FNDA:0,(anonymous_10)
FNDA:1,(anonymous_11)
FNDA:0,(anonymous_12)
FNDA:0,(anonymous_13)
FNDA:0,(anonymous_14)
FNDA:0,(anonymous_15)
FNDA:0,(anonymous_16)
FNDA:0,(anonymous_17)
FNDA:0,(anonymous_18)
FNDA:0,(anonymous_19)
FNDA:0,(anonymous_20)
FNDA:0,(anonymous_21)
FNDA:0,(anonymous_22)
DA:31,14
DA:32,1
DA:33,1
DA:34,1
DA:35,1
DA:39,1
DA:42,0
DA:44,0
DA:52,3
DA:64,14
DA:65,14
DA:66,14
DA:67,14
DA:68,14
DA:72,14
DA:73,14
DA:74,14
DA:76,14
DA:79,14
DA:83,14
DA:85,14
DA:86,14
DA:87,14
DA:90,14
DA:91,14
DA:92,1
DA:97,14
DA:98,14
DA:99,0
DA:100,0
DA:101,0
DA:104,14
DA:112,14
DA:114,14
DA:120,14
DA:126,14
DA:133,14
DA:134,0
DA:135,0
DA:147,14
DA:148,1
DA:150,1
DA:151,1
DA:152,1
DA:153,1
DA:155,1
DA:159,1
DA:160,0
DA:161,0
DA:162,0
DA:163,0
DA:164,0
DA:165,0
DA:167,0
DA:171,1
DA:172,0
DA:173,0
DA:174,0
DA:175,0
DA:176,0
DA:182,0
DA:184,0
DA:188,1
DA:201,0
DA:202,0
DA:220,0
DA:226,0
DA:240,0
DA:258,0
DA:261,0
DA:294,0
DA:295,0
DA:297,0
DA:298,0
DA:304,0
DA:314,0
DA:321,0
DA:332,14
DA:337,0
LF:79
LH:43
BRDA:31,0,0,13
BRDA:31,0,1,1
BRDA:35,1,0,1
BRDA:35,1,1,0
BRDA:36,2,0,1
BRDA:36,2,1,1
BRDA:72,3,0,14
BRDA:72,3,1,5
BRDA:80,4,0,14
BRDA:80,4,1,1
BRDA:91,5,0,1
BRDA:91,5,1,13
BRDA:98,6,0,14
BRDA:98,6,1,0
BRDA:104,7,0,5
BRDA:104,7,1,9
BRDA:106,8,0,1
BRDA:106,8,1,8
BRDA:108,9,0,0
BRDA:108,9,1,8
BRDA:112,10,0,14
BRDA:112,10,1,0
BRDA:138,11,0,0
BRDA:138,11,1,0
BRDA:148,12,0,0
BRDA:148,12,1,1
BRDA:150,13,0,1
BRDA:150,13,1,0
BRDA:152,14,0,1
BRDA:152,14,1,1
BRDA:155,15,0,1
BRDA:155,15,1,1
BRDA:155,15,2,1
BRDA:160,16,0,0
BRDA:160,16,1,0
BRDA:160,17,0,0
BRDA:160,17,1,0
BRDA:160,17,2,0
BRDA:165,18,0,0
BRDA:165,18,1,0
BRDA:172,19,0,0
BRDA:172,19,1,0
BRDA:172,20,0,0
BRDA:172,20,1,0
BRDA:172,20,2,0
BRDA:180,21,0,0
BRDA:180,21,1,0
BRDA:191,22,0,1
BRDA:191,22,1,0
BRDA:195,23,0,1
BRDA:195,23,1,1
BRDA:195,23,2,1
BRDA:207,24,0,0
BRDA:207,24,1,1
BRDA:212,25,0,1
BRDA:212,25,1,0
BRDA:217,26,0,1
BRDA:217,26,1,0
BRDA:244,27,0,0
BRDA:244,27,1,1
BRDA:253,28,0,1
BRDA:253,28,1,0
BRDA:261,29,0,0
BRDA:261,29,1,0
BRDA:273,30,0,1
BRDA:273,30,1,0
BRDA:275,31,0,0
BRDA:275,31,1,0
BRDA:284,32,0,0
BRDA:284,32,1,0
BRDA:297,33,0,0
BRDA:297,33,1,0
BRDA:297,34,0,0
BRDA:297,34,1,0
BRDA:319,35,0,0
BRDA:319,35,1,0
BRDA:339,36,0,13
BRDA:339,36,1,1
BRDA:349,37,0,14
BRDA:349,37,1,6
BRDA:350,38,0,1
BRDA:350,38,1,5
BRDA:351,39,0,14
BRDA:351,39,1,8
BRDA:352,40,0,14
BRDA:352,40,1,0
BRDA:357,41,0,14
BRDA:357,41,1,1
BRDA:360,42,0,1
BRDA:360,42,1,1
BRDA:360,42,2,0
BRDA:371,43,0,1
BRDA:371,43,1,1
BRDA:371,43,2,1
BRDA:375,44,0,0
BRDA:375,44,1,1
BRDA:381,45,0,0
BRDA:381,45,1,1
BRF:98
BRH:53
end_of_record
TN:
SF:src/renderer/src/components/chat/ToolCallsList.tsx
FN:10,ToolCallsList2
FN:14,(anonymous_1)
FN:19,(anonymous_2)
FN:20,(anonymous_3)
FNF:4
FNH:4
FNDA:6,ToolCallsList2
FNDA:12,(anonymous_1)
FNDA:7,(anonymous_2)
FNDA:3,(anonymous_3)
DA:10,2
DA:14,12
DA:15,6
DA:17,4
DA:20,7
DA:21,7
LF:6
LH:6
BRDA:12,0,0,6
BRDA:15,1,0,2
BRDA:15,1,1,4
BRF:3
BRH:3
end_of_record
TN:
SF:src/renderer/src/components/chat/WorkspaceDropdown.tsx
FN:5,WorkspaceDropdown
FN:8,(anonymous_1)
FN:11,(anonymous_2)
FN:14,(anonymous_3)
FN:27,(anonymous_4)
FN:39,(anonymous_5)
FNF:6
FNH:2
FNDA:185,WorkspaceDropdown
FNDA:185,(anonymous_1)
FNDA:0,(anonymous_2)
FNDA:0,(anonymous_3)
FNDA:0,(anonymous_4)
FNDA:0,(anonymous_5)
DA:6,185
DA:8,185
DA:11,185
DA:12,185
DA:14,185
DA:15,0
DA:16,0
DA:17,0
DA:18,0
DA:21,0
DA:22,0
DA:27,185
DA:28,0
DA:29,0
DA:32,185
DA:36,185
DA:40,0
DA:41,0
LF:18
LH:8
BRDA:12,0,0,185
BRDA:12,0,1,185
BRDA:16,1,0,0
BRDA:16,1,1,0
BRDA:17,2,0,0
BRDA:17,2,1,0
BRDA:28,3,0,0
BRDA:28,3,1,0
BRDA:32,4,0,0
BRDA:32,4,1,185
BRDA:33,5,0,0
BRDA:33,5,1,0
BRDA:45,6,0,185
BRDA:45,6,1,185
BRF:14
BRH:5
end_of_record
TN:
SF:src/renderer/src/components/explorer/FileExplorer.tsx
FN:9,FileExplorer
FN:17,(anonymous_1)
FN:22,(anonymous_2)
FN:28,(anonymous_3)
FN:32,(anonymous_4)
FN:47,(anonymous_5)
FN:62,(anonymous_6)
FN:65,(anonymous_7)
FN:74,(anonymous_8)
FN:82,(anonymous_9)
FN:87,(anonymous_10)
FN:101,(anonymous_11)
FN:107,(anonymous_12)
FNF:13
FNH:13
FNDA:38,FileExplorer
FNDA:11,(anonymous_1)
FNDA:12,(anonymous_2)
FNDA:11,(anonymous_3)
FNDA:20,(anonymous_4)
FNDA:1,(anonymous_5)
FNDA:1,(anonymous_6)
FNDA:2,(anonymous_7)
FNDA:1,(anonymous_8)
FNDA:1,(anonymous_9)
FNDA:2,(anonymous_10)
FNDA:1,(anonymous_11)
FNDA:1,(anonymous_12)
DA:10,38
DA:11,38
DA:12,38
DA:13,38
DA:14,38
DA:17,38
DA:18,11
DA:22,38
DA:23,12
DA:24,10
DA:28,38
DA:29,11
DA:30,11
DA:31,11
DA:32,20
DA:39,11
DA:41,0
DA:43,11
DA:47,38
DA:48,1
DA:50,1
DA:52,0
DA:55,1
DA:56,1
DA:59,1
DA:62,38
DA:63,1
DA:64,1
DA:65,2
DA:74,1
DA:75,1
DA:78,0
DA:82,38
DA:87,1
DA:88,2
DA:89,1
DA:91,1
DA:92,0
DA:97,1
DA:101,38
DA:102,1
DA:103,1
DA:107,38
DA:108,1
DA:109,1
DA:110,1
DA:114,38
DA:115,3
DA:128,35
LF:49
LH:45
BRDA:23,0,0,10
BRDA:23,0,1,2
BRDA:50,1,0,0
BRDA:50,1,1,1
BRDA:88,2,0,1
BRDA:88,2,1,1
BRDA:91,3,0,0
BRDA:91,3,1,1
BRDA:108,4,0,1
BRDA:108,4,1,0
BRDA:114,5,0,3
BRDA:114,5,1,35
BRDA:146,6,0,35
BRDA:146,6,1,12
BRDA:152,7,0,11
BRDA:152,7,1,24
BRDA:152,8,0,38
BRDA:152,8,1,12
BRDA:161,9,0,24
BRDA:161,9,1,23
BRF:20
BRH:17
end_of_record
TN:
SF:src/renderer/src/components/settings/AddProviderDialog.tsx
FN:46,AddProviderDialog
FN:64,(anonymous_1)
FN:65,(anonymous_2)
FN:79,(anonymous_3)
FN:90,(anonymous_4)
FN:117,(anonymous_5)
FN:138,(anonymous_6)
FN:141,(anonymous_7)
FN:175,(anonymous_8)
FN:182,(anonymous_9)
FN:201,(anonymous_10)
FN:205,(anonymous_11)
FN:231,(anonymous_12)
FN:251,(anonymous_13)
FN:305,(anonymous_14)
FN:322,(anonymous_15)
FN:344,(anonymous_16)
FNF:17
FNH:11
FNDA:22,AddProviderDialog
FNDA:1,(anonymous_1)
FNDA:1,(anonymous_2)
FNDA:0,(anonymous_3)
FNDA:0,(anonymous_4)
FNDA:1,(anonymous_5)
FNDA:1,(anonymous_6)
FNDA:5,(anonymous_7)
FNDA:1,(anonymous_8)
FNDA:0,(anonymous_9)
FNDA:88,(anonymous_10)
FNDA:1,(anonymous_11)
FNDA:10,(anonymous_12)
FNDA:7,(anonymous_13)
FNDA:0,(anonymous_14)
FNDA:0,(anonymous_15)
FNDA:0,(anonymous_16)
DA:14,1
DA:47,22
DA:48,22
DA:49,22
DA:50,22
DA:57,22
DA:58,22
DA:59,22
DA:64,22
DA:65,1
DA:66,1
DA:67,1
DA:68,1
DA:75,1
DA:79,22
DA:80,0
DA:81,0
DA:82,0
DA:85,0
DA:86,0
DA:88,0
DA:90,0
DA:91,0
DA:93,0
DA:101,0
DA:103,0
DA:104,0
DA:106,0
DA:109,0
DA:110,0
DA:111,0
DA:113,0
DA:117,22
DA:118,1
DA:120,1
DA:121,0
DA:122,0
DA:125,1
DA:126,1
DA:128,1
DA:138,1
DA:139,1
DA:140,1
DA:141,5
DA:152,1
DA:153,1
DA:154,1
DA:155,1
DA:156,1
DA:163,1
DA:164,1
DA:166,0
DA:167,0
DA:169,1
DA:173,22
DA:175,1
DA:182,0
DA:202,88
DA:205,1
DA:232,10
DA:252,7
DA:253,7
DA:306,0
DA:323,0
DA:344,0
LF:65
LH:40
BRDA:66,0,0,1
BRDA:66,0,1,0
BRDA:80,1,0,0
BRDA:80,1,1,0
BRDA:80,2,0,0
BRDA:80,2,1,0
BRDA:91,3,0,0
BRDA:91,3,1,0
BRDA:96,4,0,0
BRDA:96,4,1,0
BRDA:103,5,0,0
BRDA:103,5,1,0
BRDA:106,6,0,0
BRDA:106,6,1,0
BRDA:109,7,0,0
BRDA:109,7,1,0
BRDA:120,8,0,0
BRDA:120,8,1,1
BRDA:120,9,0,1
BRDA:120,9,1,1
BRDA:120,9,2,1
BRDA:132,10,0,1
BRDA:132,10,1,0
BRDA:139,11,0,1
BRDA:139,11,1,0
BRDA:139,12,0,1
BRDA:139,12,1,1
BRDA:207,13,0,19
BRDA:207,13,1,69
BRDA:222,14,0,22
BRDA:222,14,1,19
BRDA:263,15,0,19
BRDA:263,15,1,19
BRDA:266,16,0,0
BRDA:266,16,1,19
BRDA:271,17,0,0
BRDA:271,17,1,19
BRDA:276,18,0,0
BRDA:276,18,1,19
BRDA:286,19,0,19
BRDA:286,19,1,0
BRDA:291,20,0,19
BRDA:291,20,1,19
BRDA:349,21,0,1
BRDA:349,21,1,18
BRF:45
BRH:23
end_of_record
TN:
SF:src/renderer/src/components/settings/MCPSettings.tsx
FN:26,(anonymous_0)
FN:36,MCPSettings
FN:47,(anonymous_2)
FN:56,(anonymous_3)
FN:65,(anonymous_4)
FN:72,(anonymous_5)
FN:73,(anonymous_6)
FN:76,(anonymous_7)
FN:81,(anonymous_8)
FN:84,(anonymous_9)
FN:114,(anonymous_10)
FN:129,(anonymous_11)
FN:158,(anonymous_12)
FN:170,(anonymous_13)
FN:175,(anonymous_14)
FN:182,(anonymous_15)
FN:191,(anonymous_16)
FN:207,(anonymous_17)
FN:261,(anonymous_18)
FN:268,(anonymous_19)
FNF:20
FNH:19
FNDA:14,(anonymous_0)
FNDA:43,MCPSettings
FNDA:20,(anonymous_2)
FNDA:19,(anonymous_3)
FNDA:1,(anonymous_4)
FNDA:14,(anonymous_5)
FNDA:2,(anonymous_6)
FNDA:17,(anonymous_7)
FNDA:17,(anonymous_8)
FNDA:2,(anonymous_9)
FNDA:1,(anonymous_10)
FNDA:2,(anonymous_11)
FNDA:2,(anonymous_12)
FNDA:1,(anonymous_13)
FNDA:1,(anonymous_14)
FNDA:1,(anonymous_15)
FNDA:0,(anonymous_16)
FNDA:14,(anonymous_17)
FNDA:2,(anonymous_18)
FNDA:1,(anonymous_19)
DA:26,2
DA:27,14
DA:28,11
DA:29,2
DA:30,2
DA:32,1
DA:37,43
DA:38,43
DA:39,43
DA:40,43
DA:41,43
DA:47,43
DA:48,20
DA:49,20
DA:50,20
DA:52,0
DA:56,43
DA:57,19
DA:58,19
DA:59,19
DA:61,0
DA:65,43
DA:66,1
DA:67,1
DA:68,1
DA:72,43
DA:73,14
DA:76,43
DA:77,17
DA:78,17
DA:80,17
DA:81,17
DA:84,43
DA:85,2
DA:86,1
DA:87,1
DA:90,1
DA:91,1
DA:95,2
DA:102,1
DA:103,1
DA:104,1
DA:105,1
DA:107,1
DA:109,0
DA:110,0
DA:114,43
DA:115,1
DA:116,1
DA:117,1
DA:120,1
DA:122,1
DA:124,0
DA:125,0
DA:129,43
DA:130,2
DA:132,1
DA:133,1
DA:134,1
DA:135,1
DA:137,0
DA:138,0
DA:142,43
DA:158,2
DA:170,1
DA:176,1
DA:182,1
DA:191,0
DA:208,14
DA:209,14
DA:210,14
DA:211,14
DA:213,14
DA:261,2
DA:268,1
LF:75
LH:66
BRDA:27,0,0,3
BRDA:27,0,1,11
BRDA:28,1,0,9
BRDA:28,1,1,2
BRDA:50,2,0,20
BRDA:50,2,1,0
BRDA:59,3,0,19
BRDA:59,3,1,0
BRDA:85,4,0,1
BRDA:85,4,1,1
BRDA:85,5,0,2
BRDA:85,5,1,1
BRDA:91,6,0,1
BRDA:91,6,1,0
BRDA:118,7,0,1
BRDA:118,7,1,0
BRDA:130,8,0,1
BRDA:130,8,1,1
BRDA:154,9,0,43
BRDA:154,9,1,1
BRDA:165,10,0,43
BRDA:165,10,1,5
BRDA:199,11,0,29
BRDA:199,11,1,14
BRDA:209,12,0,14
BRDA:209,12,1,12
BRDA:210,13,0,14
BRDA:210,13,1,13
BRDA:218,14,0,14
BRDA:218,14,1,0
BRDA:228,15,0,14
BRDA:228,15,1,1
BRDA:230,16,0,14
BRDA:230,16,1,0
BRDA:232,17,0,14
BRDA:232,17,1,1
BRDA:234,18,0,14
BRDA:234,18,1,12
BRDA:238,19,0,14
BRDA:238,19,1,1
BRDA:239,20,0,14
BRDA:239,20,1,0
BRDA:240,21,0,14
BRDA:240,21,1,1
BRDA:241,22,0,14
BRDA:241,22,1,12
BRDA:247,23,0,14
BRDA:247,23,1,1
BRDA:267,24,0,14
BRDA:267,24,1,0
BRDA:271,25,0,14
BRDA:271,25,1,0
BRF:52
BRH:43
end_of_record
TN:
SF:src/renderer/src/components/settings/MemorySettings.tsx
FN:31,MemorySettings2
FN:48,(anonymous_1)
FN:49,(anonymous_2)
FN:51,(anonymous_3)
FN:72,(anonymous_4)
FN:76,(anonymous_5)
FN:90,(anonymous_6)
FN:106,(anonymous_7)
FN:112,(anonymous_8)
FN:130,(anonymous_9)
FN:136,(anonymous_10)
FN:152,(anonymous_11)
FN:173,(anonymous_12)
FN:219,(anonymous_13)
FN:222,(anonymous_14)
FN:226,(anonymous_15)
FN:229,(anonymous_16)
FN:233,(anonymous_17)
FN:237,(anonymous_18)
FN:244,(anonymous_19)
FN:254,(anonymous_20)
FN:271,(anonymous_21)
FN:294,(anonymous_22)
FN:295,(anonymous_23)
FN:306,(anonymous_24)
FN:329,(anonymous_25)
FN:338,(anonymous_26)
FN:349,(anonymous_27)
FN:363,(anonymous_28)
FN:371,(anonymous_29)
FN:384,(anonymous_30)
FN:422,(anonymous_31)
FN:472,(anonymous_32)
FN:491,(anonymous_33)
FN:492,(anonymous_34)
FN:503,(anonymous_35)
FN:506,(anonymous_36)
FN:529,(anonymous_37)
FNF:38
FNH:31
FNDA:56,MemorySettings2
FNDA:56,(anonymous_1)
FNDA:56,(anonymous_2)
FNDA:17,(anonymous_3)
FNDA:13,(anonymous_4)
FNDA:4,(anonymous_5)
FNDA:1,(anonymous_6)
FNDA:2,(anonymous_7)
FNDA:1,(anonymous_8)
FNDA:1,(anonymous_9)
FNDA:1,(anonymous_10)
FNDA:2,(anonymous_11)
FNDA:5,(anonymous_12)
FNDA:29,(anonymous_13)
FNDA:0,(anonymous_14)
FNDA:29,(anonymous_15)
FNDA:0,(anonymous_16)
FNDA:17,(anonymous_17)
FNDA:0,(anonymous_18)
FNDA:79,(anonymous_19)
FNDA:79,(anonymous_20)
FNDA:79,(anonymous_21)
FNDA:2,(anonymous_22)
FNDA:2,(anonymous_23)
FNDA:0,(anonymous_24)
FNDA:2,(anonymous_25)
FNDA:1,(anonymous_26)
FNDA:76,(anonymous_27)
FNDA:1,(anonymous_28)
FNDA:0,(anonymous_29)
FNDA:1,(anonymous_30)
FNDA:1,(anonymous_31)
FNDA:0,(anonymous_32)
FNDA:3,(anonymous_33)
FNDA:3,(anonymous_34)
FNDA:210,(anonymous_35)
FNDA:0,(anonymous_36)
FNDA:1,(anonymous_37)
DA:28,2
DA:29,2
DA:31,2
DA:32,56
DA:33,56
DA:34,56
DA:35,56
DA:38,56
DA:39,56
DA:40,56
DA:41,56
DA:44,56
DA:45,56
DA:46,56
DA:48,56
DA:49,56
DA:51,56
DA:52,17
DA:53,1
DA:54,1
DA:56,16
DA:57,16
DA:58,16
DA:62,16
DA:63,17
DA:65,0
DA:66,0
DA:68,16
DA:72,56
DA:73,13
DA:76,56
DA:77,4
DA:78,0
DA:79,0
DA:81,4
DA:82,4
DA:83,3
DA:85,1
DA:89,56
DA:91,1
DA:92,1
DA:93,1
DA:94,1
DA:95,1
DA:96,1
DA:98,0
DA:100,1
DA:106,56
DA:107,2
DA:108,2
DA:111,56
DA:113,1
DA:114,1
DA:115,1
DA:116,1
DA:117,1
DA:118,1
DA:119,1
DA:120,1
DA:122,0
DA:124,1
DA:130,56
DA:131,1
DA:132,1
DA:135,56
DA:137,1
DA:138,1
DA:139,1
DA:140,1
DA:141,1
DA:142,1
DA:144,0
DA:146,1
DA:152,56
DA:153,2
DA:154,2
DA:155,2
DA:156,1
DA:157,1
DA:158,1
DA:159,1
DA:160,1
DA:161,1
DA:162,1
DA:163,1
DA:164,1
DA:166,1
DA:168,2
DA:172,56
DA:174,5
DA:175,5
DA:178,5
DA:179,1
DA:180,1
DA:181,1
DA:184,4
DA:185,4
DA:186,4
DA:187,4
DA:188,4
DA:189,1
DA:190,1
DA:194,2
DA:195,1
DA:198,1
DA:201,1
DA:202,1
DA:205,1
DA:207,1
DA:209,4
DA:211,4
DA:218,56
DA:220,29
DA:222,0
DA:225,56
DA:227,29
DA:229,0
DA:232,56
DA:234,17
DA:237,0
DA:242,56
DA:244,56
DA:245,79
DA:251,79
DA:254,56
DA:255,79
DA:265,79
DA:271,56
DA:272,79
DA:274,79
DA:294,2
DA:296,2
DA:297,2
DA:306,0
DA:329,2
DA:338,1
DA:349,56
DA:350,76
DA:352,76
DA:353,2
DA:363,1
DA:371,0
DA:379,74
DA:384,1
DA:391,56
DA:398,56
DA:406,56
DA:422,1
DA:472,0
DA:491,3
DA:492,3
DA:504,210
DA:506,0
DA:530,1
DA:531,1
LF:155
LH:141
BRDA:52,0,0,1
BRDA:52,0,1,16
BRDA:62,1,0,16
BRDA:62,1,1,0
BRDA:63,2,0,17
BRDA:63,2,1,0
BRDA:77,3,0,0
BRDA:77,3,1,4
BRDA:96,4,0,1
BRDA:96,4,1,0
BRDA:113,5,0,0
BRDA:113,5,1,1
BRDA:120,6,0,0
BRDA:120,6,1,1
BRDA:140,7,0,1
BRDA:140,7,1,0
BRDA:175,8,0,0
BRDA:175,8,1,5
BRDA:178,9,0,1
BRDA:178,9,1,4
BRDA:180,10,0,1
BRDA:180,10,1,0
BRDA:188,11,0,1
BRDA:188,11,1,3
BRDA:194,12,0,1
BRDA:194,12,1,1
BRDA:211,13,0,4
BRDA:211,13,1,0
BRDA:220,14,0,29
BRDA:220,14,1,0
BRDA:227,15,0,29
BRDA:227,15,1,0
BRDA:234,16,0,3
BRDA:234,16,1,14
BRDA:235,17,0,3
BRDA:235,17,1,0
BRDA:251,18,0,79
BRDA:251,18,1,0
BRDA:266,19,0,79
BRDA:266,19,1,0
BRDA:287,20,0,38
BRDA:287,20,1,41
BRDA:290,21,0,5
BRDA:290,21,1,74
BRDA:296,22,0,1
BRDA:296,22,1,1
BRDA:297,23,0,1
BRDA:297,23,1,1
BRDA:323,24,0,79
BRDA:323,24,1,74
BRDA:350,25,0,0
BRDA:350,25,1,76
BRDA:352,26,0,2
BRDA:352,26,1,74
BRDA:413,27,0,54
BRDA:413,27,1,2
BRDA:424,28,0,54
BRDA:424,28,1,2
BRDA:429,29,0,54
BRDA:429,29,1,2
BRDA:435,30,0,56
BRDA:435,30,1,2
BRDA:443,31,0,56
BRDA:443,31,1,54
BRDA:445,32,0,12
BRDA:445,32,1,42
BRDA:492,33,0,3
BRDA:492,33,1,3
BRDA:509,34,0,42
BRDA:509,34,1,168
BRDA:520,35,0,42
BRDA:520,35,1,4
BRDA:537,36,0,1
BRDA:537,36,1,3
BRDA:550,37,0,42
BRDA:550,37,1,38
BRDA:559,38,0,0
BRDA:559,38,1,38
BRDA:561,39,0,0
BRDA:561,39,1,0
BRDA:579,40,0,0
BRDA:579,40,1,38
BRDA:581,41,0,0
BRDA:581,41,1,0
BRF:84
BRH:62
end_of_record
TN:
SF:src/renderer/src/components/settings/PromptsSettings.tsx
FN:17,PromptsSettings
FN:24,(anonymous_1)
FN:25,(anonymous_2)
FN:27,(anonymous_3)
FN:36,(anonymous_4)
FN:40,(anonymous_5)
FN:42,(anonymous_6)
FN:49,(anonymous_7)
FN:62,(anonymous_8)
FN:90,(anonymous_9)
FN:112,(anonymous_10)
FN:115,(anonymous_11)
FN:127,(anonymous_12)
FN:141,(anonymous_13)
FN:155,(anonymous_14)
FN:171,(anonymous_15)
FN:179,(anonymous_16)
FN:193,(anonymous_17)
FN:197,(anonymous_18)
FN:211,(anonymous_19)
FN:219,(anonymous_20)
FNF:21
FNH:18
FNDA:28,PromptsSettings
FNDA:28,(anonymous_1)
FNDA:28,(anonymous_2)
FNDA:12,(anonymous_3)
FNDA:9,(anonymous_4)
FNDA:1,(anonymous_5)
FNDA:1,(anonymous_6)
FNDA:4,(anonymous_7)
FNDA:4,(anonymous_8)
FNDA:3,(anonymous_9)
FNDA:9,(anonymous_10)
FNDA:1,(anonymous_11)
FNDA:0,(anonymous_12)
FNDA:3,(anonymous_13)
FNDA:9,(anonymous_14)
FNDA:1,(anonymous_15)
FNDA:3,(anonymous_16)
FNDA:0,(anonymous_17)
FNDA:0,(anonymous_18)
FNDA:3,(anonymous_19)
FNDA:2,(anonymous_20)
DA:18,28
DA:19,28
DA:20,28
DA:21,28
DA:22,28
DA:24,28
DA:25,28
DA:27,28
DA:28,12
DA:29,12
DA:30,12
DA:32,0
DA:36,28
DA:37,9
DA:40,28
DA:41,1
DA:42,1
DA:43,1
DA:44,1
DA:45,1
DA:49,28
DA:50,4
DA:51,1
DA:52,1
DA:53,1
DA:55,3
DA:56,3
DA:57,3
DA:59,4
DA:62,28
DA:63,4
DA:64,1
DA:65,1
DA:68,3
DA:69,3
DA:70,1
DA:74,1
DA:76,2
DA:80,1
DA:82,2
DA:83,2
DA:85,1
DA:86,1
DA:90,28
DA:91,3
DA:93,2
DA:94,2
DA:95,1
DA:96,1
DA:98,1
DA:99,1
DA:103,28
DA:112,9
DA:115,1
DA:127,0
DA:141,3
DA:156,9
DA:171,1
DA:179,3
DA:193,0
DA:197,0
DA:211,3
DA:219,2
LF:63
LH:59
BRDA:30,0,0,12
BRDA:30,0,1,0
BRDA:41,1,0,0
BRDA:41,1,1,1
BRDA:43,2,0,1
BRDA:43,2,1,0
BRDA:50,3,0,1
BRDA:50,3,1,3
BRDA:63,4,0,1
BRDA:63,4,1,3
BRDA:63,5,0,4
BRDA:63,5,1,3
BRDA:69,6,0,1
BRDA:69,6,1,2
BRDA:91,7,0,1
BRDA:91,7,1,2
BRDA:109,8,0,28
BRDA:109,8,1,9
BRDA:147,9,0,19
BRDA:147,9,1,9
BRDA:194,10,0,3
BRDA:194,10,1,25
BRDA:201,11,0,3
BRDA:201,11,1,25
BRF:24
BRH:21
end_of_record
TN:
SF:src/renderer/src/components/settings/ProviderConfigDialog.tsx
FN:26,ProviderConfigDialog
FN:43,(anonymous_1)
FN:55,(anonymous_2)
FN:111,(anonymous_3)
FN:129,(anonymous_4)
FN:138,(anonymous_5)
FN:160,(anonymous_6)
FN:181,(anonymous_7)
FN:200,(anonymous_8)
FNF:9
FNH:3
FNDA:6,ProviderConfigDialog
FNDA:2,(anonymous_1)
FNDA:1,(anonymous_2)
FNDA:0,(anonymous_3)
FNDA:0,(anonymous_4)
FNDA:0,(anonymous_5)
FNDA:0,(anonymous_6)
FNDA:0,(anonymous_7)
FNDA:0,(anonymous_8)
DA:32,6
DA:33,6
DA:40,6
DA:41,6
DA:43,6
DA:44,2
DA:45,2
DA:55,6
DA:56,1
DA:58,1
DA:59,0
DA:60,0
DA:63,1
DA:64,1
DA:65,1
DA:73,1
DA:74,1
DA:75,1
DA:76,1
DA:78,0
DA:79,0
DA:81,1
DA:85,6
DA:87,6
DA:111,0
DA:130,0
DA:138,0
DA:161,0
DA:181,0
DA:200,0
LF:30
LH:20
BRDA:44,0,0,2
BRDA:44,0,1,0
BRDA:48,1,0,2
BRDA:48,1,1,0
BRDA:49,2,0,2
BRDA:49,2,1,0
BRDA:58,3,0,0
BRDA:58,3,1,1
BRDA:58,4,0,1
BRDA:58,4,1,1
BRDA:58,4,2,1
BRDA:68,5,0,1
BRDA:68,5,1,0
BRDA:85,6,0,0
BRDA:85,6,1,6
BRDA:127,7,0,0
BRDA:127,7,1,6
BRDA:141,8,0,0
BRDA:141,8,1,6
BRDA:211,9,0,1
BRDA:211,9,1,5
BRF:21
BRH:13
end_of_record
TN:
SF:src/renderer/src/components/settings/ProviderList.tsx
FN:23,ProviderList
FN:24,(anonymous_1)
FN:32,(anonymous_2)
FN:36,(anonymous_3)
FN:48,(anonymous_4)
FN:52,(anonymous_5)
FN:86,(anonymous_6)
FN:100,(anonymous_7)
FNF:8
FNH:8
FNDA:27,ProviderList
FNDA:27,(anonymous_1)
FNDA:12,(anonymous_2)
FNDA:13,(anonymous_3)
FNDA:1,(anonymous_4)
FNDA:1,(anonymous_5)
FNDA:24,(anonymous_6)
FNDA:24,(anonymous_7)
DA:24,27
DA:25,27
DA:26,27
DA:27,27
DA:30,27
DA:32,27
DA:33,12
DA:36,27
DA:37,13
DA:38,13
DA:39,13
DA:40,13
DA:42,0
DA:44,13
DA:48,27
DA:49,1
DA:52,27
DA:53,1
DA:54,1
DA:57,27
DA:58,13
DA:65,14
DA:86,24
DA:101,24
LF:24
LH:23
BRDA:57,0,0,13
BRDA:57,0,1,14
BRDA:93,1,0,2
BRDA:93,1,1,12
BRDA:118,2,0,27
BRDA:118,2,1,1
BRF:6
BRH:6
end_of_record
TN:
SF:src/renderer/src/components/settings/SkillsSettings.tsx
FN:15,SkillsSettings
FN:20,(anonymous_1)
FN:40,(anonymous_2)
FN:44,(anonymous_3)
FN:50,(anonymous_4)
FN:65,(anonymous_5)
FN:77,(anonymous_6)
FN:124,(anonymous_7)
FN:145,(anonymous_8)
FN:152,(anonymous_9)
FNF:10
FNH:10
FNDA:26,SkillsSettings
FNDA:15,(anonymous_1)
FNDA:11,(anonymous_2)
FNDA:1,(anonymous_3)
FNDA:3,(anonymous_4)
FNDA:2,(anonymous_5)
FNDA:3,(anonymous_6)
FNDA:17,(anonymous_7)
FNDA:3,(anonymous_8)
FNDA:2,(anonymous_9)
DA:16,26
DA:17,26
DA:18,26
DA:20,26
DA:21,15
DA:22,15
DA:23,15
DA:26,15
DA:27,15
DA:28,15
DA:29,15
DA:31,1
DA:34,15
DA:36,0
DA:40,26
DA:41,11
DA:44,26
DA:45,1
DA:46,1
DA:47,1
DA:50,26
DA:51,3
DA:52,3
DA:53,3
DA:54,2
DA:55,1
DA:56,1
DA:57,1
DA:60,1
DA:61,1
DA:65,26
DA:66,2
DA:67,2
DA:68,1
DA:69,2
DA:70,2
DA:72,1
DA:73,1
DA:77,26
DA:78,3
DA:80,2
DA:81,2
DA:82,1
DA:83,1
DA:84,1
DA:86,1
DA:87,1
DA:91,26
DA:125,17
DA:145,3
DA:152,2
LF:51
LH:50
BRDA:23,0,0,15
BRDA:23,0,1,0
BRDA:27,1,0,15
BRDA:27,1,1,0
BRDA:53,2,0,2
BRDA:53,2,1,1
BRDA:68,3,0,1
BRDA:68,3,1,0
BRDA:78,4,0,1
BRDA:78,4,1,2
BRDA:103,5,0,26
BRDA:103,5,1,1
BRDA:114,6,0,15
BRDA:114,6,1,11
BRDA:129,7,0,11
BRDA:129,7,1,6
BRDA:136,8,0,17
BRDA:136,8,1,1
BRDA:151,9,0,11
BRDA:151,9,1,6
BRDA:155,10,0,11
BRDA:155,10,1,6
BRF:22
BRH:19
end_of_record
TN:
SF:src/renderer/src/components/ui/button.tsx
FN:19,Button
FNF:1
FNH:1
FNDA:532,Button
DA:20,532
DA:23,532
DA:25,1
DA:26,1
DA:28,229
DA:29,229
DA:31,71
DA:32,71
DA:34,0
DA:35,0
DA:37,0
DA:38,0
DA:42,532
DA:43,532
DA:45,198
DA:46,198
DA:48,0
DA:49,0
DA:51,220
DA:52,220
DA:53,220
DA:56,532
LF:22
LH:16
BRDA:23,0,0,1
BRDA:23,0,1,229
BRDA:23,0,2,71
BRDA:23,0,3,0
BRDA:23,0,4,0
BRDA:43,1,0,198
BRDA:43,1,1,0
BRDA:43,1,2,220
BRF:8
BRH:5
end_of_record
TN:
SF:src/renderer/src/components/ui/dropdown-menu.tsx
FN:30,DropdownMenuContent
FNF:1
FNH:1
FNDA:185,DropdownMenuContent
DA:17,1
DA:20,1
DA:36,185
DA:41,185
DA:43,185
LF:5
LH:5
BRDA:41,0,0,185
BRDA:41,0,1,0
BRF:2
BRH:1
end_of_record
TN:
SF:src/renderer/src/components/ui/input.tsx
FN:11,(anonymous_0)
FNF:1
FNH:1
FNDA:18,(anonymous_0)
DA:10,3
DA:12,18
DA:25,3
LF:3
LH:3
BRF:0
BRH:0
end_of_record
TN:
SF:src/renderer/src/components/ui/loading.tsx
FN:9,LoadingOverlay
FN:24,LoadingInline
FNF:2
FNH:0
FNDA:0,LoadingOverlay
FNDA:0,LoadingInline
DA:10,0
DA:12,0
DA:14,0
DA:28,0
LF:4
LH:0
BRDA:12,0,0,0
BRDA:12,0,1,0
BRDA:25,1,0,0
BRDA:29,2,0,0
BRDA:29,2,1,0
BRF:5
BRH:0
end_of_record
TN:
SF:src/renderer/src/services/apiClient.ts
FN:15,initApiClient
FN:28,getApiBaseUrl
FN:50,(anonymous_2)
FN:57,(anonymous_3)
FN:61,(anonymous_4)
FN:65,(anonymous_5)
FN:73,sleep
FN:74,(anonymous_7)
FN:80,calculateBackoff
FN:89,parseErrorResponse
FN:117,(anonymous_10)
FN:183,(anonymous_11)
FN:266,(anonymous_12)
FN:295,(anonymous_13)
FN:304,(anonymous_14)
FN:316,(anonymous_15)
FN:328,(anonymous_16)
FN:341,(anonymous_17)
FNF:18
FNH:15
FNDA:3,initApiClient
FNDA:2,getApiBaseUrl
FNDA:15,(anonymous_2)
FNDA:6,(anonymous_3)
FNDA:2,(anonymous_4)
FNDA:2,(anonymous_5)
FNDA:0,sleep
FNDA:0,(anonymous_7)
FNDA:0,calculateBackoff
FNDA:5,parseErrorResponse
FNDA:10,(anonymous_10)
FNDA:4,(anonymous_11)
FNDA:3,(anonymous_12)
FNDA:2,(anonymous_13)
FNDA:2,(anonymous_14)
FNDA:1,(anonymous_15)
FNDA:2,(anonymous_16)
FNDA:2,(anonymous_17)
DA:11,2
DA:12,2
DA:16,3
DA:17,3
DA:18,2
DA:19,1
DA:20,1
DA:21,1
DA:24,1
DA:29,2
DA:33,2
DA:34,2
DA:35,2
DA:51,15
DA:52,15
DA:53,15
DA:54,15
DA:58,6
DA:62,2
DA:66,2
DA:74,0
DA:81,0
DA:82,0
DA:83,0
DA:90,5
DA:91,5
DA:92,4
DA:93,0
DA:99,4
DA:105,1
DA:126,10
DA:128,10
DA:130,10
DA:131,10
DA:132,10
DA:134,10
DA:135,6
DA:138,4
DA:142,4
DA:145,10
DA:146,4
DA:149,0
DA:152,0
DA:156,10
DA:158,4
DA:159,4
DA:163,0
DA:164,0
DA:167,0
DA:168,0
DA:171,0
DA:177,0
DA:191,4
DA:208,4
DA:209,1
DA:212,3
DA:213,4
DA:214,1
DA:217,2
DA:218,2
DA:220,2
DA:221,2
DA:222,3
DA:223,3
DA:225,2
DA:226,2
DA:227,2
DA:229,3
DA:230,2
DA:231,2
DA:232,2
DA:235,2
DA:237,1
DA:238,1
DA:239,0
DA:241,1
DA:243,1
DA:245,1
DA:246,1
DA:249,0
DA:259,2
DA:272,3
DA:288,2
DA:289,2
DA:296,2
DA:297,1
DA:298,1
DA:305,2
DA:309,1
DA:310,1
DA:317,1
DA:321,1
DA:322,1
DA:329,2
DA:330,2
DA:331,2
DA:332,1
DA:334,1
DA:345,2
DA:346,2
DA:357,1
DA:358,1
DA:360,1
DA:361,1
DA:367,0
DA:378,2
LF:106
LH:90
BRDA:18,0,0,1
BRDA:18,0,1,1
BRDA:58,1,0,6
BRDA:58,1,1,5
BRDA:92,2,0,0
BRDA:92,2,1,4
BRDA:92,3,0,4
BRDA:92,3,1,4
BRDA:94,4,0,0
BRDA:94,4,1,0
BRDA:100,5,0,4
BRDA:100,5,1,0
BRDA:120,6,0,10
BRDA:123,7,0,10
BRDA:124,8,0,10
BRDA:125,9,0,10
BRDA:134,10,0,6
BRDA:134,10,1,4
BRDA:142,11,0,4
BRDA:142,11,1,4
BRDA:142,11,2,4
BRDA:145,12,0,4
BRDA:145,12,1,6
BRDA:152,13,0,0
BRDA:152,13,1,0
BRDA:158,14,0,4
BRDA:158,14,1,0
BRDA:163,15,0,0
BRDA:163,15,1,0
BRDA:165,16,0,0
BRDA:165,16,1,0
BRDA:172,17,0,0
BRDA:172,17,1,0
BRDA:177,18,0,0
[...]
FNDA:0,(anonymous_12)
FNDA:1,(anonymous_13)
FNDA:1,(anonymous_14)
FNDA:34,(anonymous_15)
FNDA:0,(anonymous_16)
FNDA:0,(anonymous_17)
FNDA:20,(anonymous_18)
FNDA:0,(anonymous_19)
FNDA:0,(anonymous_20)
FNDA:0,(anonymous_21)
FNDA:4,(anonymous_22)
FNDA:21,(anonymous_23)
FNDA:21,(anonymous_24)
FNDA:0,(anonymous_25)
FNDA:0,(anonymous_26)
FNDA:12,(anonymous_27)
FNDA:8,(anonymous_28)
FNDA:2,(anonymous_29)
FNDA:1,(anonymous_30)
FNDA:5,(anonymous_31)
FNDA:34,(anonymous_32)
DA:33,5
DA:35,4
DA:36,5
DA:38,3
DA:41,3
DA:42,20
DA:44,14
DA:52,3
DA:60,3
DA:61,3
DA:123,3
DA:125,3
DA:137,1
DA:139,0
DA:142,0
DA:144,0
DA:145,0
DA:146,0
DA:147,0
DA:148,0
DA:153,0
DA:157,2
DA:158,2
DA:159,1
DA:160,1
DA:172,34
DA:173,34
DA:176,34
DA:177,34
DA:178,34
DA:183,0
DA:197,34
DA:206,34
DA:207,0
DA:208,0
DA:222,34
DA:225,34
DA:228,34
DA:229,2
DA:230,2
DA:233,32
DA:236,1
DA:238,1
DA:239,1
DA:242,1
DA:243,1
DA:245,1
DA:246,1
DA:256,1
DA:259,1
DA:263,32
DA:265,34
DA:266,1
DA:272,33
DA:280,32
DA:285,32
DA:286,32
DA:288,32
DA:289,32
DA:291,0
DA:292,0
DA:295,32
DA:296,32
DA:297,0
DA:300,0
DA:303,0
DA:307,0
DA:310,32
DA:359,34
DA:360,34
DA:363,34
DA:368,34
DA:373,34
DA:374,34
DA:375,0
DA:376,0
DA:380,0
DA:381,0
DA:384,0
DA:389,32
DA:395,32
DA:396,0
DA:397,0
DA:400,0
DA:401,0
DA:405,0
DA:406,0
DA:407,0
DA:416,0
DA:423,32
DA:424,32
DA:425,32
DA:434,32
DA:437,32
DA:438,32
DA:439,32
DA:441,32
DA:442,32
DA:443,32
DA:447,32
DA:450,34
DA:451,20
DA:452,20
DA:453,20
DA:454,20
DA:457,0
DA:460,0
DA:462,0
DA:463,0
DA:464,0
DA:466,0
DA:467,0
DA:469,0
DA:470,0
DA:471,0
DA:472,0
DA:474,0
DA:475,0
DA:476,0
DA:479,0
DA:480,0
DA:481,0
DA:483,0
DA:485,0
DA:486,0
DA:487,0
DA:490,0
DA:491,0
DA:492,0
DA:493,0
DA:497,0
DA:502,34
DA:503,34
DA:508,34
DA:513,4
DA:514,4
DA:515,4
DA:527,19
DA:528,0
DA:529,0
DA:531,19
DA:534,19
DA:535,19
DA:536,21
DA:538,34
DA:539,0
DA:553,19
DA:556,19
DA:558,21
DA:560,18
DA:561,18
DA:567,19
DA:568,0
DA:569,0
DA:571,0
DA:572,0
DA:573,0
DA:574,0
DA:575,0
DA:576,0
DA:577,0
DA:584,13
DA:586,1
DA:587,0
DA:588,0
DA:590,1
DA:591,1
DA:594,12
DA:597,12
DA:598,12
DA:599,12
DA:601,12
DA:603,7
DA:604,7
DA:605,7
DA:606,5
DA:608,5
DA:612,12
DA:614,12
DA:619,12
DA:621,32
DA:626,8
DA:627,8
DA:630,8
DA:631,8
DA:633,8
DA:634,2
DA:635,2
DA:638,6
DA:639,1
DA:640,1
DA:644,5
DA:647,1
DA:651,2
DA:652,2
DA:653,2
DA:654,1
DA:661,1
DA:663,2
DA:668,1
DA:669,1
DA:670,1
DA:671,1
DA:678,0
DA:680,1
DA:685,1
DA:686,1
DA:689,5
DA:699,8
DA:701,8
DA:712,5
DA:713,5
DA:714,5
DA:716,5
DA:717,2
DA:718,2
DA:720,3
DA:721,1
DA:722,1
DA:725,2
DA:729,5
DA:740,5
DA:749,34
LF:223
LH:152
BRDA:36,0,0,2
BRDA:36,0,1,3
BRDA:36,1,0,5
BRDA:36,1,1,4
BRDA:42,2,0,20
BRDA:42,2,1,9
BRDA:47,3,0,14
BRDA:47,3,1,0
BRDA:56,4,0,3
BRDA:56,4,1,0
BRDA:60,5,0,3
BRDA:60,5,1,0
BRDA:141,6,0,0
BRDA:142,7,0,0
BRDA:142,7,1,0
BRDA:146,8,0,0
BRDA:146,8,1,0
BRDA:147,9,0,0
BRDA:147,9,1,0
BRDA:158,10,0,1
BRDA:158,10,1,1
BRDA:169,11,0,34
BRDA:188,12,0,0
BRDA:188,12,1,0
BRDA:214,13,0,0
BRDA:214,13,1,0
BRDA:228,14,0,2
BRDA:228,14,1,32
BRDA:238,15,0,1
BRDA:238,15,1,0
BRDA:242,16,0,1
BRDA:242,16,1,0
BRDA:242,17,0,1
BRDA:242,17,1,1
BRDA:246,18,0,1
BRDA:246,18,1,0
BRDA:251,19,0,1
BRDA:251,19,1,1
BRDA:265,20,0,1
BRDA:265,20,1,33
BRDA:265,21,0,34
BRDA:265,21,1,1
BRDA:289,22,0,0
BRDA:289,22,1,32
BRDA:296,23,0,0
BRDA:296,23,1,32
BRDA:300,24,0,0
BRDA:300,24,1,0
BRDA:355,25,0,32
BRDA:355,25,1,0
BRDA:359,26,0,34
BRDA:359,26,1,29
BRDA:360,27,0,34
BRDA:360,27,1,29
BRDA:368,28,0,4
BRDA:368,28,1,28
BRDA:374,29,0,0
BRDA:374,29,1,34
BRDA:380,30,0,0
BRDA:380,30,1,0
BRDA:395,31,0,0
BRDA:395,31,1,32
BRDA:400,32,0,0
BRDA:400,32,1,0
BRDA:411,33,0,0
BRDA:411,33,1,0
BRDA:447,34,0,32
BRDA:447,34,1,32
BRDA:454,35,0,20
BRDA:454,35,1,0
BRDA:463,36,0,0
BRDA:463,36,1,0
BRDA:464,37,0,0
BRDA:464,37,1,0
BRDA:466,38,0,0
BRDA:466,38,1,0
BRDA:467,39,0,0
BRDA:467,39,1,0
BRDA:469,40,0,0
BRDA:469,40,1,0
BRDA:470,41,0,0
BRDA:470,41,1,0
BRDA:474,42,0,0
BRDA:474,42,1,0
BRDA:479,43,0,0
BRDA:479,43,1,0
BRDA:480,44,0,0
BRDA:480,44,1,0
BRDA:485,45,0,0
BRDA:485,45,1,0
BRDA:490,46,0,0
BRDA:490,46,1,0
BRDA:490,47,0,0
BRDA:490,47,1,0
BRDA:504,48,0,34
BRDA:504,48,1,27
BRDA:514,49,0,4
BRDA:514,49,1,0
BRDA:522,50,0,8
BRDA:522,50,1,24
BRDA:527,51,0,0
BRDA:527,51,1,19
BRDA:538,52,0,0
BRDA:538,52,1,34
BRDA:556,53,0,18
BRDA:556,53,1,1
BRDA:557,54,0,19
BRDA:557,54,1,19
BRDA:560,55,0,8
BRDA:560,55,1,10
BRDA:567,56,0,0
BRDA:567,56,1,19
BRDA:567,57,0,19
BRDA:567,57,1,0
BRDA:571,58,0,0
BRDA:571,58,1,0
BRDA:571,59,0,0
BRDA:571,59,1,0
BRDA:575,60,0,0
BRDA:575,60,1,0
BRDA:575,61,0,0
BRDA:575,61,1,0
BRDA:584,62,0,1
BRDA:584,62,1,12
BRDA:584,63,0,13
BRDA:584,63,1,13
BRDA:586,64,0,0
BRDA:586,64,1,1
BRDA:601,65,0,7
BRDA:601,65,1,5
BRDA:603,66,0,7
BRDA:603,66,1,0
BRDA:604,67,0,7
BRDA:604,67,1,0
BRDA:606,68,0,5
BRDA:606,68,1,0
BRDA:608,69,0,5
BRDA:608,69,1,0
BRDA:633,70,0,2
BRDA:633,70,1,6
BRDA:633,71,0,8
BRDA:633,71,1,7
BRDA:638,72,0,1
BRDA:638,72,1,5
BRDA:644,73,0,1
BRDA:644,73,1,2
BRDA:644,73,2,1
BRDA:644,73,3,1
BRDA:652,74,0,2
BRDA:652,74,1,1
BRDA:653,75,0,1
BRDA:653,75,1,1
BRDA:669,76,0,1
BRDA:669,76,1,0
BRDA:670,77,0,1
BRDA:670,77,1,0
BRDA:685,78,0,1
BRDA:685,78,1,0
BRDA:692,79,0,5
BRDA:692,79,1,5
BRDA:693,80,0,8
BRDA:693,80,1,0
BRDA:716,81,0,2
BRDA:716,81,1,3
BRDA:716,82,0,5
BRDA:716,82,1,4
BRDA:720,83,0,1
BRDA:720,83,1,2
BRDA:725,84,0,1
BRDA:725,84,1,1
BRDA:732,85,0,5
BRDA:732,85,1,2
BRDA:733,86,0,5
BRDA:733,86,1,0
BRDA:749,87,0,34
BRDA:749,87,1,27
BRF:176
BRH:98
end_of_record
TN:
SF:src/renderer/src/stores/conversationStore.ts
FN:9,(anonymous_0)
FN:10,(anonymous_1)
FN:11,(anonymous_2)
FN:46,(anonymous_3)
FN:54,(anonymous_4)
FN:60,(anonymous_5)
FN:81,(anonymous_6)
FN:112,(anonymous_7)
FN:120,(anonymous_8)
FN:122,(anonymous_9)
FN:140,(anonymous_10)
FN:141,(anonymous_11)
FN:153,(anonymous_12)
FN:157,(anonymous_13)
FN:158,(anonymous_14)
FN:164,(anonymous_15)
FN:168,(anonymous_16)
FN:172,(anonymous_17)
FN:176,(anonymous_18)
FN:181,(anonymous_19)
FN:203,(anonymous_20)
FN:211,(anonymous_21)
FN:225,(anonymous_22)
FN:226,(anonymous_23)
FN:238,(anonymous_24)
FN:239,(anonymous_25)
FN:240,(anonymous_26)
FN:246,(anonymous_27)
FN:247,(anonymous_28)
FN:248,(anonymous_29)
FN:252,(anonymous_30)
FN:258,(anonymous_31)
FN:259,(anonymous_32)
FN:264,(anonymous_33)
FN:276,(anonymous_34)
FN:279,(anonymous_35)
FN:284,(anonymous_36)
FN:293,(anonymous_37)
FN:295,(anonymous_38)
FN:298,(anonymous_39)
FN:301,(anonymous_40)
FN:303,(anonymous_41)
FN:307,(anonymous_42)
FN:309,(anonymous_43)
FN:314,(anonymous_44)
FN:315,(anonymous_45)
FN:321,(anonymous_46)
FN:329,(anonymous_47)
FN:330,(anonymous_48)
FN:336,(anonymous_49)
FN:339,(anonymous_50)
FNF:51
FNH:40
FNDA:0,(anonymous_0)
FNDA:0,(anonymous_1)
FNDA:0,(anonymous_2)
FNDA:1,(anonymous_3)
FNDA:3,(anonymous_4)
FNDA:1,(anonymous_5)
FNDA:4,(anonymous_6)
FNDA:4,(anonymous_7)
FNDA:7,(anonymous_8)
FNDA:7,(anonymous_9)
FNDA:7,(anonymous_10)
FNDA:9,(anonymous_11)
FNDA:1,(anonymous_12)
FNDA:1,(anonymous_13)
FNDA:1,(anonymous_14)
FNDA:1,(anonymous_15)
FNDA:0,(anonymous_16)
FNDA:0,(anonymous_17)
FNDA:0,(anonymous_18)
FNDA:0,(anonymous_19)
FNDA:0,(anonymous_20)
FNDA:0,(anonymous_21)
FNDA:0,(anonymous_22)
FNDA:0,(anonymous_23)
FNDA:1,(anonymous_24)
FNDA:1,(anonymous_25)
FNDA:1,(anonymous_26)
FNDA:3,(anonymous_27)
FNDA:3,(anonymous_28)
FNDA:6,(anonymous_29)
FNDA:6,(anonymous_30)
FNDA:2,(anonymous_31)
FNDA:2,(anonymous_32)
FNDA:1,(anonymous_33)
FNDA:2,(anonymous_34)
FNDA:1,(anonymous_35)
FNDA:1,(anonymous_36)
FNDA:2,(anonymous_37)
FNDA:2,(anonymous_38)
FNDA:2,(anonymous_39)
FNDA:2,(anonymous_40)
FNDA:2,(anonymous_41)
FNDA:1,(anonymous_42)
FNDA:2,(anonymous_43)
FNDA:2,(anonymous_44)
FNDA:2,(anonymous_45)
FNDA:2,(anonymous_46)
FNDA:2,(anonymous_47)
FNDA:2,(anonymous_48)
FNDA:4,(anonymous_49)
FNDA:3,(anonymous_50)
DA:9,1
DA:10,0
DA:11,0
DA:46,1
DA:55,3
DA:56,3
DA:57,3
DA:60,2
DA:70,2
DA:76,1
DA:77,1
DA:82,4
DA:91,4
DA:92,4
DA:95,3
DA:97,1
DA:104,4
DA:112,4
DA:117,4
DA:122,7
DA:123,7
DA:126,7
DA:129,7
DA:130,3
DA:131,3
DA:132,2
DA:133,1
DA:136,1
DA:140,7
DA:141,9
DA:143,7
DA:146,7
DA:155,1
DA:157,1
DA:159,1
DA:166,1
DA:167,1
DA:168,0
DA:169,0
DA:170,0
DA:171,0
DA:172,0
DA:174,0
DA:176,0
DA:177,0
DA:178,0
DA:179,0
DA:180,0
DA:181,0
DA:182,0
DA:190,1
DA:192,1
DA:193,1
DA:195,1
DA:197,1
DA:198,1
DA:200,1
DA:202,1
DA:204,0
DA:207,0
DA:211,0
DA:225,0
DA:227,0
DA:233,1
DA:234,1
DA:239,1
DA:241,1
DA:247,3
DA:249,6
DA:252,6
DA:259,2
DA:260,2
DA:261,2
DA:263,1
DA:265,1
DA:277,2
DA:278,2
DA:279,1
DA:285,1
DA:286,1
DA:287,1
DA:288,1
DA:289,1
DA:290,1
DA:292,1
DA:293,2
DA:295,2
DA:298,2
DA:301,2
DA:303,2
DA:307,1
DA:310,2
DA:314,2
DA:316,2
DA:325,2
DA:329,2
DA:331,2
DA:337,4
DA:338,4
DA:339,3
DA:341,4
DA:342,3
LF:102
LH:82
BRDA:11,0,0,0
BRDA:11,0,1,0
BRDA:65,1,0,1
BRDA:65,1,1,1
BRDA:66,2,0,1
BRDA:66,2,1,1
BRDA:81,3,0,4
BRDA:129,4,0,3
BRDA:129,4,1,4
BRDA:132,5,0,1
BRDA:132,5,1,1
BRDA:132,6,0,2
BRDA:132,6,1,1
BRDA:143,7,0,7
BRDA:143,7,1,0
BRDA:144,8,0,7
BRDA:144,8,1,5
BRDA:159,9,0,1
BRDA:159,9,1,0
BRDA:167,10,0,0
BRDA:167,10,1,1
BRDA:167,11,0,1
BRDA:167,11,1,0
BRDA:170,12,0,0
BRDA:170,12,1,0
BRDA:170,13,0,0
BRDA:170,13,1,0
BRDA:174,14,0,0
BRDA:174,14,1,0
BRDA:180,15,0,0
BRDA:180,15,1,0
BRDA:180,16,0,0
BRDA:180,16,1,0
BRDA:193,17,0,0
BRDA:193,17,1,1
BRDA:200,18,0,1
BRDA:200,18,1,0
BRDA:204,19,0,0
BRDA:204,19,1,0
BRDA:217,20,0,0
BRDA:217,20,1,0
BRDA:218,21,0,0
BRDA:218,21,1,0
BRDA:219,22,0,0
BRDA:219,22,1,0
BRDA:220,23,0,0
BRDA:220,23,1,0
BRDA:221,24,0,0
BRDA:221,24,1,0
BRDA:222,25,0,0
BRDA:222,25,1,0
BRDA:227,26,0,0
BRDA:227,26,1,0
BRDA:241,27,0,1
BRDA:241,27,1,0
BRDA:249,28,0,3
BRDA:249,28,1,3
BRDA:252,29,0,3
BRDA:252,29,1,3
BRDA:261,30,0,1
BRDA:261,30,1,1
BRDA:265,31,0,1
BRDA:265,31,1,0
BRDA:279,32,0,2
BRDA:279,32,1,1
BRDA:295,33,0,2
BRDA:295,33,1,1
BRDA:298,34,0,2
BRDA:298,34,1,1
BRDA:301,35,0,2
BRDA:301,35,1,1
BRDA:316,36,0,2
BRDA:316,36,1,0
BRDA:331,37,0,2
BRDA:331,37,1,0
BRDA:341,38,0,1
BRDA:341,38,1,3
BRF:77
BRH:39
end_of_record
TN:
SF:src/renderer/src/stores/loadingStore.ts
FN:11,(anonymous_0)
FN:14,(anonymous_1)
FN:15,(anonymous_2)
FN:16,(anonymous_3)
FN:17,(anonymous_4)
FN:18,(anonymous_5)
FNF:6
FNH:6
FNDA:2,(anonymous_0)
FNDA:2,(anonymous_1)
FNDA:7,(anonymous_2)
FNDA:7,(anonymous_3)
FNDA:2,(anonymous_4)
FNDA:2,(anonymous_5)
DA:11,2
DA:14,2
DA:16,7
DA:18,2
DA:19,2
DA:20,2
DA:21,2
LF:7
LH:7
BRF:0
BRH:0
end_of_record
TN:
SF:src/renderer/src/stores/searchStore.ts
FN:31,(anonymous_0)
FN:43,(anonymous_1)
FN:45,(anonymous_2)
FN:55,(anonymous_3)
FN:57,(anonymous_4)
FN:59,(anonymous_5)
FN:92,(anonymous_6)
FN:121,(anonymous_7)
FNF:8
FNH:8
FNDA:2,(anonymous_0)
FNDA:1,(anonymous_1)
FNDA:1,(anonymous_2)
FNDA:1,(anonymous_3)
FNDA:1,(anonymous_4)
FNDA:4,(anonymous_5)
FNDA:5,(anonymous_6)
FNDA:1,(anonymous_7)
DA:31,2
DA:43,1
DA:46,1
DA:55,1
DA:57,1
DA:60,4
DA:62,4
DA:63,1
DA:64,1
DA:67,3
DA:69,3
DA:70,3
DA:76,3
DA:78,1
DA:85,2
DA:93,5
DA:95,5
DA:97,3
DA:99,3
DA:100,3
DA:106,3
DA:108,1
DA:114,2
DA:122,1
LF:24
LH:24
BRDA:62,0,0,1
BRDA:62,0,1,3
BRDA:86,1,0,1
BRDA:86,1,1,1
BRDA:95,2,0,2
BRDA:95,2,1,3
BRDA:95,3,0,5
BRDA:95,3,1,4
BRDA:115,4,0,1
BRDA:115,4,1,1
BRF:10
BRH:10
end_of_record
TN:
SF:src/renderer/src/stores/settingsStore.ts
FN:53,(anonymous_0)
FN:58,(anonymous_1)
FN:63,(anonymous_2)
FN:72,(anonymous_3)
FN:91,(anonymous_4)
FN:92,(anonymous_5)
FN:105,(anonymous_6)
FN:108,(anonymous_7)
FN:127,(anonymous_8)
FN:132,(anonymous_9)
FN:134,(anonymous_10)
FN:142,(anonymous_11)
FN:151,(anonymous_12)
FN:153,(anonymous_13)
FN:165,(anonymous_14)
FN:168,(anonymous_15)
FN:171,(anonymous_16)
FN:173,(anonymous_17)
FN:180,(anonymous_18)
FN:183,(anonymous_19)
FN:186,(anonymous_20)
FN:189,(anonymous_21)
FN:194,(anonymous_22)
FN:198,(anonymous_23)
FN:202,(anonymous_24)
FN:205,(anonymous_25)
FN:208,(anonymous_26)
FN:210,(anonymous_27)
FN:213,(anonymous_28)
FN:215,(anonymous_29)
FN:218,(anonymous_30)
FN:221,(anonymous_31)
FN:222,(anonymous_32)
FN:224,(anonymous_33)
FN:227,(anonymous_34)
FN:236,(anonymous_35)
FN:238,(anonymous_36)
FN:248,(anonymous_37)
FNF:38
FNH:32
FNDA:5,(anonymous_0)
FNDA:57,(anonymous_1)
FNDA:0,(anonymous_2)
FNDA:5,(anonymous_3)
FNDA:0,(anonymous_4)
FNDA:4,(anonymous_5)
FNDA:2,(anonymous_6)
FNDA:2,(anonymous_7)
FNDA:0,(anonymous_8)
FNDA:2,(anonymous_9)
FNDA:3,(anonymous_10)
FNDA:1,(anonymous_11)
FNDA:2,(anonymous_12)
FNDA:6,(anonymous_13)
FNDA:1,(anonymous_14)
FNDA:0,(anonymous_15)
FNDA:1,(anonymous_16)
FNDA:1,(anonymous_17)
FNDA:0,(anonymous_18)
FNDA:5,(anonymous_19)
FNDA:0,(anonymous_20)
FNDA:1,(anonymous_21)
FNDA:2,(anonymous_22)
FNDA:1,(anonymous_23)
FNDA:2,(anonymous_24)
FNDA:1,(anonymous_25)
FNDA:1,(anonymous_26)
FNDA:2,(anonymous_27)
FNDA:1,(anonymous_28)
FNDA:3,(anonymous_29)
FNDA:1,(anonymous_30)
FNDA:2,(anonymous_31)
FNDA:1,(anonymous_32)
FNDA:3,(anonymous_33)
FNDA:1,(anonymous_34)
FNDA:5,(anonymous_35)
FNDA:57,(anonymous_36)
FNDA:1,(anonymous_37)
DA:49,5
DA:50,5
DA:52,5
DA:54,5
DA:55,5
DA:56,5
DA:59,57
DA:60,57
DA:61,57
DA:64,0
DA:65,0
DA:66,0
DA:70,5
DA:72,5
DA:91,0
DA:93,4
DA:94,4
DA:95,4
DA:100,3
DA:103,3
DA:104,3
DA:105,2
DA:106,2
DA:107,2
DA:108,2
DA:110,2
DA:111,2
DA:120,1
DA:121,1
DA:122,1
DA:125,1
DA:127,0
DA:133,2
DA:134,3
DA:135,2
DA:136,1
DA:137,1
DA:141,1
DA:142,1
DA:145,1
DA:152,2
DA:153,6
DA:154,2
DA:155,1
DA:156,1
DA:159,1
DA:166,1
DA:169,0
DA:172,1
DA:173,1
DA:181,0
DA:184,5
DA:187,0
DA:190,1
DA:195,2
DA:196,2
DA:197,1
DA:198,1
DA:203,2
DA:204,2
DA:205,1
DA:209,1
DA:210,2
DA:214,1
DA:215,3
DA:219,1
DA:220,1
DA:221,2
DA:222,1
DA:223,1
DA:224,3
DA:228,1
DA:229,1
DA:230,1
DA:236,5
DA:238,57
DA:250,1
DA:253,1
LF:78
LH:70
BRDA:54,0,0,0
BRDA:54,0,1,5
BRDA:56,1,0,5
BRDA:56,1,1,4
BRDA:59,2,0,0
BRDA:59,2,1,57
BRDA:64,3,0,0
BRDA:64,3,1,0
BRDA:104,4,0,2
BRDA:104,4,1,1
BRDA:106,5,0,2
BRDA:106,5,1,0
BRDA:108,6,0,2
BRDA:108,6,1,2
BRDA:110,7,0,2
BRDA:110,7,1,0
BRDA:120,8,0,1
BRDA:120,8,1,0
BRDA:135,9,0,1
BRDA:135,9,1,1
BRDA:142,10,0,1
BRDA:142,10,1,1
BRDA:147,11,0,1
BRDA:147,11,1,0
BRDA:154,12,0,1
BRDA:154,12,1,1
BRDA:172,13,0,1
BRDA:172,13,1,0
BRDA:196,14,0,1
BRDA:196,14,1,1
BRDA:198,15,0,1
BRDA:198,15,1,0
BRDA:204,16,0,1
BRDA:204,16,1,1
BRDA:205,17,0,1
BRDA:205,17,1,0
BRDA:224,18,0,3
BRDA:224,18,1,3
BRDA:229,19,0,1
BRDA:229,19,1,0
BRDA:230,20,0,1
BRDA:230,20,1,0
BRDA:250,21,0,1
BRDA:250,21,1,0
BRDA:250,22,0,1
BRDA:250,22,1,1
BRDA:254,23,0,1
BRDA:254,23,1,0
BRDA:255,24,0,1
BRDA:255,24,1,0
BRDA:257,25,0,1
BRDA:257,25,1,0
BRDA:258,26,0,1
BRDA:258,26,1,1
BRDA:259,27,0,1
BRDA:259,27,1,1
BRDA:260,28,0,1
BRDA:260,28,1,1
BRDA:261,29,0,1
BRDA:261,29,1,1
BRDA:262,30,0,1
BRDA:262,30,1,1
BRF:62
BRH:45
end_of_record
TN:
SF:src/renderer/src/stores/workspaceStore.ts
FN:11,(anonymous_0)
FN:14,(anonymous_1)
FN:19,(anonymous_2)
FN:29,(anonymous_3)
FNF:4
FNH:4
FNDA:3,(anonymous_0)
FNDA:13,(anonymous_1)
FNDA:3,(anonymous_2)
FNDA:2,(anonymous_3)
DA:11,3
DA:15,13
DA:16,12
DA:17,12
DA:20,3
DA:21,2
DA:22,2
DA:23,2
DA:24,2
DA:26,2
DA:30,2
DA:31,1
DA:32,1
LF:13
LH:13
BRDA:15,0,0,1
BRDA:15,0,1,12
BRDA:17,1,0,12
BRDA:17,1,1,1
BRDA:20,2,0,1
BRDA:20,2,1,2
BRDA:24,3,0,2
BRDA:24,3,1,0
BRDA:30,4,0,1
BRDA:30,4,1,1
BRF:10
BRH:9
end_of_record
TN:
SF:src/renderer/src/utils/animations.ts
FNF:0
FNH:0
DA:1,2
LF:1
LH:1
BRF:0
BRH:0
end_of_record
TN:
SF:src/renderer/src/utils/cn.ts
FN:4,cn
FNF:1
FNH:1
FNDA:717,cn
DA:5,717
LF:1
LH:1
BRF:0
BRH:0
end_of_record
TN:
SF:src/renderer/src/utils/notify.ts
FN:17,(anonymous_0)
FN:24,(anonymous_1)
FN:32,(anonymous_2)
FN:39,(anonymous_3)
FN:46,(anonymous_4)
FN:53,(anonymous_5)
FN:60,(anonymous_6)
FN:85,(anonymous_7)
FN:91,(anonymous_8)
FNF:9
FNH:9
FNDA:1,(anonymous_0)
FNDA:7,(anonymous_1)
FNDA:3,(anonymous_2)
FNDA:1,(anonymous_3)
FNDA:1,(anonymous_4)
FNDA:2,(anonymous_5)
FNDA:3,(anonymous_6)
FNDA:2,(anonymous_7)
FNDA:1,(anonymous_8)
DA:16,6
DA:18,1
DA:25,7
DA:33,3
DA:40,1
DA:47,1
DA:54,2
DA:61,3
DA:64,3
DA:65,1
DA:66,1
DA:70,1
DA:74,2
DA:75,1
DA:76,1
DA:79,1
DA:86,2
DA:103,1
LF:18
LH:18
BRDA:28,0,0,7
BRDA:28,0,1,3
BRDA:61,1,0,3
BRDA:61,1,1,0
BRDA:64,2,0,1
BRDA:64,2,1,2
BRDA:64,3,0,3
BRDA:64,3,1,1
BRDA:74,4,0,1
BRDA:74,4,1,1
BRDA:74,5,0,2
BRDA:74,5,1,1
BRF:12
BRH:11
end_of_record
TN:
SF:src/shared/constants/modelDefaults.ts
FN:25,getDefaultContextLength
FNF:1
FNH:1
FNDA:25,getDefaultContextLength
DA:8,1
DA:26,25
DA:27,350
DA:28,350
DA:29,0
DA:30,0
DA:33,25
LF:7
LH:5
BRDA:27,0,0,350
BRDA:27,0,1,0
BRDA:28,1,0,0
BRDA:28,1,1,350
BRDA:29,2,0,0
BRDA:29,2,1,0
BRF:6
BRH:2
end_of_record
TN:
SF:src/shared/permissions/classifier.ts
FN:162,splitCompoundCommand
FN:167,(anonymous_1)
FN:174,classifySingleCommand
FN:217,classifyBashCommand
FN:251,classifyTool
FNF:5
FNH:5
FNDA:96,splitCompoundCommand
FNDA:110,(anonymous_1)
FNDA:109,classifySingleCommand
FNDA:140,classifyBashCommand
FNDA:139,classifyTool
DA:9,11
DA:37,11
DA:107,11
DA:121,11
DA:165,96
DA:167,110
DA:176,109
DA:177,2834
DA:178,0
DA:183,109
DA:184,33
DA:188,76
DA:189,2513
DA:190,63
DA:195,13
DA:196,2
DA:197,1
DA:199,1
DA:203,11
DA:206,11
DA:218,140
DA:219,140
DA:223,134
DA:224,2938
DA:225,38
DA:229,96
DA:230,96
DA:231,87
DA:235,9
DA:236,9
DA:237,22
DA:238,22
DA:239,1
DA:241,22
DA:243,9
DA:256,139
DA:257,19
DA:261,120
DA:262,120
DA:265,11
LF:40
LH:39
BRDA:177,0,0,0
BRDA:177,0,1,2834
BRDA:183,1,0,33
BRDA:183,1,1,76
BRDA:189,2,0,63
BRDA:189,2,1,2450
BRDA:195,3,0,2
BRDA:195,3,1,11
BRDA:195,4,0,13
BRDA:195,4,1,11
BRDA:196,5,0,1
BRDA:196,5,1,1
BRDA:219,6,0,6
BRDA:219,6,1,134
BRDA:224,7,0,38
BRDA:224,7,1,2900
BRDA:230,8,0,87
BRDA:230,8,1,9
BRDA:238,9,0,1
BRDA:238,9,1,21
BRDA:241,10,0,0
BRDA:241,10,1,22
BRDA:256,11,0,19
BRDA:256,11,1,120
BRDA:257,12,0,19
BRDA:257,12,1,4
BRDA:262,13,0,109
BRDA:262,13,1,11
BRF:28
BRH:26
end_of_record
TN:
SF:src/shared/permissions/engine.ts
FN:25,(anonymous_0)
FN:73,(anonymous_1)
FN:78,(anonymous_2)
FN:100,(anonymous_3)
FN:109,(anonymous_4)
FN:125,(anonymous_5)
FNF:6
FNH:6
FNDA:117,(anonymous_0)
FNDA:34,(anonymous_1)
FNDA:38,(anonymous_2)
FNDA:27,(anonymous_3)
FNDA:15,(anonymous_4)
FNDA:15,(anonymous_5)
DA:31,117
DA:33,117
DA:34,48
DA:38,69
DA:39,34
DA:44,34
DA:48,46
DA:49,2
DA:53,44
DA:54,3
DA:58,41
DA:59,19
DA:63,22
DA:78,34
DA:80,38
DA:83,36
DA:84,20
DA:85,6
DA:86,6
DA:88,18
DA:89,15
DA:90,15
DA:94,27
DA:97,34
DA:100,27
DA:101,23
DA:102,8
DA:109,15
DA:110,15
DA:111,15
DA:118,0
DA:127,15
DA:133,15
DA:134,15
DA:136,1
LF:35
LH:34
BRDA:28,0,0,117
BRDA:33,1,0,48
BRDA:33,1,1,69
BRDA:38,2,0,34
BRDA:38,2,1,35
BRDA:44,3,0,23
BRDA:44,3,1,11
BRDA:48,4,0,2
BRDA:48,4,1,44
BRDA:53,5,0,3
BRDA:53,5,1,41
BRDA:58,6,0,19
BRDA:58,6,1,22
BRDA:80,7,0,2
BRDA:80,7,1,36
BRDA:80,8,0,38
BRDA:80,8,1,36
BRDA:83,9,0,20
BRDA:83,9,1,16
BRDA:84,10,0,6
BRDA:84,10,1,14
BRDA:85,11,0,6
BRDA:85,11,1,2
BRDA:85,11,2,1
BRDA:86,12,0,2
BRDA:86,12,1,4
BRDA:88,13,0,15
BRDA:88,13,1,3
BRDA:89,14,0,15
BRDA:89,14,1,2
BRDA:89,14,2,1
BRDA:90,15,0,7
BRDA:90,15,1,8
BRDA:97,16,0,11
BRDA:97,16,1,23
BRDA:101,17,0,8
BRDA:101,17,1,15
BRDA:104,18,0,8
BRDA:104,18,1,2
BRDA:110,19,0,15
BRDA:110,19,1,0
BRDA:113,20,0,15
BRDA:113,20,1,12
BRF:43
BRH:42
end_of_record
TN:
SF:src/shared/types/ai.ts
FN:37,isMultimodalContent
FN:46,getTextContent
FN:51,(anonymous_2)
FN:52,(anonymous_3)
FNF:4
FNH:4
FNDA:4,isMultimodalContent
FNDA:25,getTextContent
FNDA:13,(anonymous_2)
FNDA:8,(anonymous_3)
DA:40,4
DA:47,25
DA:48,18
DA:50,7
DA:51,13
DA:52,8
LF:6
LH:6
BRDA:47,0,0,18
BRDA:47,0,1,7
BRF:2
BRH:2
end_of_record
TN:
SF:src/shared/types/attachment.ts
FN:81,isSupportedImageType
FNF:1
FNH:0
FNDA:0,isSupportedImageType
DA:64,2
DA:76,2
DA:84,0
LF:3
LH:2
BRF:0
BRH:0
end_of_record
TN:
SF:src/shared/types/error.ts
FN:7,(anonymous_0)
FN:87,isRetryableCode
FN:92,getErrorCodeFromStatus
FN:97,getErrorMessage
FN:102,createAPIError
FNF:5
FNH:4
FNDA:11,(anonymous_0)
FNDA:38,isRetryableCode
FNDA:0,getErrorCodeFromStatus
FNDA:5,getErrorMessage
FNDA:19,createAPIError
DA:7,11
DA:9,11
DA:10,11
DA:11,11
DA:12,11
DA:13,11
DA:14,11
DA:17,11
DA:18,11
DA:21,11
DA:22,11
DA:25,11
DA:26,11
DA:27,11
DA:40,11
DA:54,11
DA:63,11
DA:88,38
DA:93,0
DA:98,5
DA:108,19
LF:21
LH:20
BRDA:7,0,0,11
BRDA:7,0,1,11
BRDA:93,1,0,0
BRDA:93,1,1,0
BRDA:98,2,0,5
BRDA:98,2,1,5
BRDA:110,3,0,19
BRDA:110,3,1,0
BRF:8
BRH:5
end_of_record
TN:
SF:src/shared/types/toolPermissions.ts
FNF:0
FNH:0
DA:4,12
DA:28,12
LF:2
LH:2
BRF:0
BRH:0
end_of_record
